/tmp/slurmd/job1229292/slurm_script: line 14: call: command not found
INFO:absl:start BatchRacing's play with multi_armed_bandit
INFO:absl:BatchRacing's play with multi_armed_bandit runs 0.81 seconds.
INFO:absl:start Batch Track and stop C-Tracking's play with multi_armed_bandit
/mimer/NOBACKUP/groups/snic2022-22-825/banditpylib/examples/../banditpylib/learners/mab_fcbai_learner/batch_track_and_stop.py:99: RuntimeWarning: invalid value encountered in double_scalars
  kl_divergence(
/mimer/NOBACKUP/groups/snic2022-22-825/banditpylib/examples/../banditpylib/learners/mab_fcbai_learner/batch_track_and_stop.py:99: RuntimeWarning: invalid value encountered in double_scalars
  kl_divergence(
/mimer/NOBACKUP/groups/snic2022-22-825/banditpylib/examples/../banditpylib/learners/mab_fcbai_learner/batch_track_and_stop.py:99: RuntimeWarning: invalid value encountered in double_scalars
  kl_divergence(
/mimer/NOBACKUP/groups/snic2022-22-825/banditpylib/examples/../banditpylib/learners/mab_fcbai_learner/batch_track_and_stop.py:163: RuntimeWarning: invalid value encountered in double_scalars
  return (
/mimer/NOBACKUP/groups/snic2022-22-825/banditpylib/examples/../banditpylib/learners/mab_fcbai_learner/batch_track_and_stop.py:99: RuntimeWarning: invalid value encountered in double_scalars
  kl_divergence(
/mimer/NOBACKUP/groups/snic2022-22-825/banditpylib/examples/../banditpylib/learners/mab_fcbai_learner/batch_track_and_stop.py:99: RuntimeWarning: invalid value encountered in double_scalars
  kl_divergence(
/apps/Arch/software/SciPy-bundle/2021.05-foss-2021a/lib/python3.9/site-packages/scipy/optimize/_numdiff.py:579: RuntimeWarning: invalid value encountered in true_divide
  J_transposed[i] = df / dx
/mimer/NOBACKUP/groups/snic2022-22-825/banditpylib/examples/../banditpylib/learners/mab_fcbai_learner/batch_track_and_stop.py:99: RuntimeWarning: invalid value encountered in double_scalars
  kl_divergence(
/mimer/NOBACKUP/groups/snic2022-22-825/banditpylib/examples/../banditpylib/learners/mab_fcbai_learner/batch_track_and_stop.py:99: RuntimeWarning: invalid value encountered in double_scalars
  kl_divergence(
/mimer/NOBACKUP/groups/snic2022-22-825/banditpylib/examples/../banditpylib/learners/mab_fcbai_learner/batch_track_and_stop.py:163: RuntimeWarning: invalid value encountered in double_scalars
  return (
/mimer/NOBACKUP/groups/snic2022-22-825/banditpylib/examples/../banditpylib/learners/mab_fcbai_learner/batch_track_and_stop.py:99: RuntimeWarning: invalid value encountered in double_scalars
  kl_divergence(
/mimer/NOBACKUP/groups/snic2022-22-825/banditpylib/examples/../banditpylib/learners/mab_fcbai_learner/batch_track_and_stop.py:99: RuntimeWarning: invalid value encountered in double_scalars
  kl_divergence(
/mimer/NOBACKUP/groups/snic2022-22-825/banditpylib/examples/../banditpylib/learners/mab_fcbai_learner/batch_track_and_stop.py:163: RuntimeWarning: invalid value encountered in double_scalars
  return (
/mimer/NOBACKUP/groups/snic2022-22-825/banditpylib/examples/../banditpylib/learners/mab_fcbai_learner/batch_track_and_stop.py:99: RuntimeWarning: invalid value encountered in double_scalars
  kl_divergence(
/mimer/NOBACKUP/groups/snic2022-22-825/banditpylib/examples/../banditpylib/learners/mab_fcbai_learner/batch_track_and_stop.py:99: RuntimeWarning: invalid value encountered in double_scalars
  kl_divergence(
/mimer/NOBACKUP/groups/snic2022-22-825/banditpylib/examples/../banditpylib/learners/mab_fcbai_learner/batch_track_and_stop.py:99: RuntimeWarning: invalid value encountered in double_scalars
  kl_divergence(
/mimer/NOBACKUP/groups/snic2022-22-825/banditpylib/examples/../banditpylib/learners/mab_fcbai_learner/batch_track_and_stop.py:163: RuntimeWarning: invalid value encountered in double_scalars
  return (
/mimer/NOBACKUP/groups/snic2022-22-825/banditpylib/examples/../banditpylib/learners/mab_fcbai_learner/batch_track_and_stop.py:163: RuntimeWarning: invalid value encountered in double_scalars
  return (
/mimer/NOBACKUP/groups/snic2022-22-825/banditpylib/examples/../banditpylib/learners/mab_fcbai_learner/batch_track_and_stop.py:99: RuntimeWarning: invalid value encountered in double_scalars
  kl_divergence(
/mimer/NOBACKUP/groups/snic2022-22-825/banditpylib/examples/../banditpylib/learners/mab_fcbai_learner/batch_track_and_stop.py:163: RuntimeWarning: invalid value encountered in double_scalars
  return (
/mimer/NOBACKUP/groups/snic2022-22-825/banditpylib/examples/../banditpylib/learners/mab_fcbai_learner/batch_track_and_stop.py:99: RuntimeWarning: invalid value encountered in double_scalars
  kl_divergence(
/mimer/NOBACKUP/groups/snic2022-22-825/banditpylib/examples/../banditpylib/learners/mab_fcbai_learner/batch_track_and_stop.py:99: RuntimeWarning: invalid value encountered in double_scalars
  kl_divergence(
/mimer/NOBACKUP/groups/snic2022-22-825/banditpylib/examples/../banditpylib/learners/mab_fcbai_learner/batch_track_and_stop.py:163: RuntimeWarning: invalid value encountered in double_scalars
  return (
/mimer/NOBACKUP/groups/snic2022-22-825/banditpylib/examples/../banditpylib/learners/mab_fcbai_learner/batch_track_and_stop.py:99: RuntimeWarning: invalid value encountered in double_scalars
  kl_divergence(
/mimer/NOBACKUP/groups/snic2022-22-825/banditpylib/examples/../banditpylib/learners/mab_fcbai_learner/batch_track_and_stop.py:163: RuntimeWarning: invalid value encountered in double_scalars
  return (
/mimer/NOBACKUP/groups/snic2022-22-825/banditpylib/examples/../banditpylib/learners/mab_fcbai_learner/batch_track_and_stop.py:99: RuntimeWarning: invalid value encountered in double_scalars
  kl_divergence(
/mimer/NOBACKUP/groups/snic2022-22-825/banditpylib/examples/../banditpylib/learners/mab_fcbai_learner/batch_track_and_stop.py:163: RuntimeWarning: invalid value encountered in double_scalars
  return (
/mimer/NOBACKUP/groups/snic2022-22-825/banditpylib/examples/../banditpylib/learners/mab_fcbai_learner/batch_track_and_stop.py:99: RuntimeWarning: invalid value encountered in double_scalars
  kl_divergence(
/mimer/NOBACKUP/groups/snic2022-22-825/banditpylib/examples/../banditpylib/learners/mab_fcbai_learner/batch_track_and_stop.py:99: RuntimeWarning: invalid value encountered in double_scalars
  kl_divergence(
/mimer/NOBACKUP/groups/snic2022-22-825/banditpylib/examples/../banditpylib/learners/mab_fcbai_learner/batch_track_and_stop.py:99: RuntimeWarning: invalid value encountered in double_scalars
  kl_divergence(
/mimer/NOBACKUP/groups/snic2022-22-825/banditpylib/examples/../banditpylib/learners/mab_fcbai_learner/batch_track_and_stop.py:99: RuntimeWarning: invalid value encountered in double_scalars
  kl_divergence(
/mimer/NOBACKUP/groups/snic2022-22-825/banditpylib/examples/../banditpylib/learners/mab_fcbai_learner/batch_track_and_stop.py:163: RuntimeWarning: invalid value encountered in double_scalars
  return (
/mimer/NOBACKUP/groups/snic2022-22-825/banditpylib/examples/../banditpylib/learners/mab_fcbai_learner/batch_track_and_stop.py:99: RuntimeWarning: invalid value encountered in double_scalars
  kl_divergence(
/mimer/NOBACKUP/groups/snic2022-22-825/banditpylib/examples/../banditpylib/learners/mab_fcbai_learner/batch_track_and_stop.py:163: RuntimeWarning: invalid value encountered in double_scalars
  return (
/mimer/NOBACKUP/groups/snic2022-22-825/banditpylib/examples/../banditpylib/learners/mab_fcbai_learner/batch_track_and_stop.py:99: RuntimeWarning: invalid value encountered in double_scalars
  kl_divergence(
/mimer/NOBACKUP/groups/snic2022-22-825/banditpylib/examples/../banditpylib/learners/mab_fcbai_learner/batch_track_and_stop.py:163: RuntimeWarning: invalid value encountered in double_scalars
  return (
/mimer/NOBACKUP/groups/snic2022-22-825/banditpylib/examples/../banditpylib/learners/mab_fcbai_learner/batch_track_and_stop.py:99: RuntimeWarning: invalid value encountered in double_scalars
  kl_divergence(
/mimer/NOBACKUP/groups/snic2022-22-825/banditpylib/examples/../banditpylib/learners/mab_fcbai_learner/batch_track_and_stop.py:99: RuntimeWarning: invalid value encountered in double_scalars
  kl_divergence(
/mimer/NOBACKUP/groups/snic2022-22-825/banditpylib/examples/../banditpylib/learners/mab_fcbai_learner/batch_track_and_stop.py:99: RuntimeWarning: invalid value encountered in double_scalars
  kl_divergence(
/mimer/NOBACKUP/groups/snic2022-22-825/banditpylib/examples/../banditpylib/learners/mab_fcbai_learner/batch_track_and_stop.py:99: RuntimeWarning: invalid value encountered in double_scalars
  kl_divergence(
/mimer/NOBACKUP/groups/snic2022-22-825/banditpylib/examples/../banditpylib/learners/mab_fcbai_learner/batch_track_and_stop.py:99: RuntimeWarning: invalid value encountered in double_scalars
  kl_divergence(
/mimer/NOBACKUP/groups/snic2022-22-825/banditpylib/examples/../banditpylib/learners/mab_fcbai_learner/batch_track_and_stop.py:163: RuntimeWarning: invalid value encountered in double_scalars
  return (
/mimer/NOBACKUP/groups/snic2022-22-825/banditpylib/examples/../banditpylib/learners/mab_fcbai_learner/batch_track_and_stop.py:163: RuntimeWarning: invalid value encountered in double_scalars
  return (
/mimer/NOBACKUP/groups/snic2022-22-825/banditpylib/examples/../banditpylib/learners/mab_fcbai_learner/batch_track_and_stop.py:99: RuntimeWarning: invalid value encountered in double_scalars
  kl_divergence(
/mimer/NOBACKUP/groups/snic2022-22-825/banditpylib/examples/../banditpylib/learners/mab_fcbai_learner/batch_track_and_stop.py:99: RuntimeWarning: invalid value encountered in double_scalars
  kl_divergence(
/mimer/NOBACKUP/groups/snic2022-22-825/banditpylib/examples/../banditpylib/learners/mab_fcbai_learner/batch_track_and_stop.py:163: RuntimeWarning: invalid value encountered in double_scalars
  return (
/mimer/NOBACKUP/groups/snic2022-22-825/banditpylib/examples/../banditpylib/learners/mab_fcbai_learner/batch_track_and_stop.py:99: RuntimeWarning: invalid value encountered in double_scalars
  kl_divergence(
/mimer/NOBACKUP/groups/snic2022-22-825/banditpylib/examples/../banditpylib/learners/mab_fcbai_learner/batch_track_and_stop.py:163: RuntimeWarning: invalid value encountered in double_scalars
  return (
/mimer/NOBACKUP/groups/snic2022-22-825/banditpylib/examples/../banditpylib/learners/mab_fcbai_learner/batch_track_and_stop.py:99: RuntimeWarning: invalid value encountered in double_scalars
  kl_divergence(
/apps/Arch/software/SciPy-bundle/2021.05-foss-2021a/lib/python3.9/site-packages/scipy/optimize/_numdiff.py:579: RuntimeWarning: invalid value encountered in true_divide
  J_transposed[i] = df / dx
/mimer/NOBACKUP/groups/snic2022-22-825/banditpylib/examples/../banditpylib/learners/mab_fcbai_learner/batch_track_and_stop.py:163: RuntimeWarning: invalid value encountered in double_scalars
  return (
/apps/Arch/software/SciPy-bundle/2021.05-foss-2021a/lib/python3.9/site-packages/scipy/optimize/_numdiff.py:579: RuntimeWarning: invalid value encountered in true_divide
  J_transposed[i] = df / dx
/apps/Arch/software/SciPy-bundle/2021.05-foss-2021a/lib/python3.9/site-packages/scipy/optimize/_numdiff.py:579: RuntimeWarning: invalid value encountered in true_divide
  J_transposed[i] = df / dx
/apps/Arch/software/SciPy-bundle/2021.05-foss-2021a/lib/python3.9/site-packages/scipy/optimize/_numdiff.py:579: RuntimeWarning: invalid value encountered in true_divide
  J_transposed[i] = df / dx
/apps/Arch/software/SciPy-bundle/2021.05-foss-2021a/lib/python3.9/site-packages/scipy/optimize/_numdiff.py:579: RuntimeWarning: invalid value encountered in true_divide
  J_transposed[i] = df / dx
/apps/Arch/software/SciPy-bundle/2021.05-foss-2021a/lib/python3.9/site-packages/scipy/optimize/_numdiff.py:579: RuntimeWarning: invalid value encountered in true_divide
  J_transposed[i] = df / dx
/apps/Arch/software/SciPy-bundle/2021.05-foss-2021a/lib/python3.9/site-packages/scipy/optimize/_numdiff.py:579: RuntimeWarning: invalid value encountered in true_divide
  J_transposed[i] = df / dx
/apps/Arch/software/SciPy-bundle/2021.05-foss-2021a/lib/python3.9/site-packages/scipy/optimize/_numdiff.py:579: RuntimeWarning: invalid value encountered in true_divide
  J_transposed[i] = df / dx
/mimer/NOBACKUP/groups/snic2022-22-825/banditpylib/examples/../banditpylib/learners/mab_fcbai_learner/batch_track_and_stop.py:163: RuntimeWarning: invalid value encountered in double_scalars
  return (
/mimer/NOBACKUP/groups/snic2022-22-825/banditpylib/examples/../banditpylib/learners/mab_fcbai_learner/batch_track_and_stop.py:163: RuntimeWarning: invalid value encountered in double_scalars
  return (
/mimer/NOBACKUP/groups/snic2022-22-825/banditpylib/examples/../banditpylib/learners/mab_fcbai_learner/batch_track_and_stop.py:163: RuntimeWarning: invalid value encountered in double_scalars
  return (
/mimer/NOBACKUP/groups/snic2022-22-825/banditpylib/examples/../banditpylib/learners/mab_fcbai_learner/batch_track_and_stop.py:163: RuntimeWarning: invalid value encountered in double_scalars
  return (
/apps/Arch/software/SciPy-bundle/2021.05-foss-2021a/lib/python3.9/site-packages/scipy/optimize/_numdiff.py:579: RuntimeWarning: invalid value encountered in true_divide
  J_transposed[i] = df / dx
/mimer/NOBACKUP/groups/snic2022-22-825/banditpylib/examples/../banditpylib/learners/mab_fcbai_learner/batch_track_and_stop.py:163: RuntimeWarning: invalid value encountered in double_scalars
  return (
/mimer/NOBACKUP/groups/snic2022-22-825/banditpylib/examples/../banditpylib/learners/mab_fcbai_learner/batch_track_and_stop.py:163: RuntimeWarning: invalid value encountered in double_scalars
  return (
/mimer/NOBACKUP/groups/snic2022-22-825/banditpylib/examples/../banditpylib/learners/mab_fcbai_learner/batch_track_and_stop.py:163: RuntimeWarning: invalid value encountered in double_scalars
  return (
/mimer/NOBACKUP/groups/snic2022-22-825/banditpylib/examples/../banditpylib/learners/mab_fcbai_learner/batch_track_and_stop.py:163: RuntimeWarning: invalid value encountered in double_scalars
  return (
/apps/Arch/software/SciPy-bundle/2021.05-foss-2021a/lib/python3.9/site-packages/scipy/optimize/_numdiff.py:579: RuntimeWarning: invalid value encountered in true_divide
  J_transposed[i] = df / dx
/apps/Arch/software/SciPy-bundle/2021.05-foss-2021a/lib/python3.9/site-packages/scipy/optimize/_numdiff.py:579: RuntimeWarning: invalid value encountered in true_divide
  J_transposed[i] = df / dx
/mimer/NOBACKUP/groups/snic2022-22-825/banditpylib/examples/../banditpylib/learners/mab_fcbai_learner/batch_track_and_stop.py:163: RuntimeWarning: invalid value encountered in double_scalars
  return (
/mimer/NOBACKUP/groups/snic2022-22-825/banditpylib/examples/../banditpylib/learners/mab_fcbai_learner/batch_track_and_stop.py:163: RuntimeWarning: invalid value encountered in double_scalars
  return (
/mimer/NOBACKUP/groups/snic2022-22-825/banditpylib/examples/../banditpylib/learners/mab_fcbai_learner/batch_track_and_stop.py:163: RuntimeWarning: invalid value encountered in double_scalars
  return (
/mimer/NOBACKUP/groups/snic2022-22-825/banditpylib/examples/../banditpylib/learners/mab_fcbai_learner/batch_track_and_stop.py:163: RuntimeWarning: invalid value encountered in double_scalars
  return (
/mimer/NOBACKUP/groups/snic2022-22-825/banditpylib/examples/../banditpylib/learners/mab_fcbai_learner/batch_track_and_stop.py:163: RuntimeWarning: invalid value encountered in double_scalars
  return (
/apps/Arch/software/SciPy-bundle/2021.05-foss-2021a/lib/python3.9/site-packages/scipy/optimize/_numdiff.py:579: RuntimeWarning: invalid value encountered in true_divide
  J_transposed[i] = df / dx
/apps/Arch/software/SciPy-bundle/2021.05-foss-2021a/lib/python3.9/site-packages/scipy/optimize/_numdiff.py:579: RuntimeWarning: invalid value encountered in true_divide
  J_transposed[i] = df / dx
/apps/Arch/software/SciPy-bundle/2021.05-foss-2021a/lib/python3.9/site-packages/scipy/optimize/_numdiff.py:579: RuntimeWarning: invalid value encountered in true_divide
  J_transposed[i] = df / dx
