This job can be monitored from: https://scruffy.c3se.chalmers.se/d/alvis-job/alvis-job?var-jobid=1236579&from=1692012355000
rho= 100000.0 batch_size= 32 means= [0.7, 0.4, 0.1]
w_star:  [0. 1. 0.]
w_star:  [1. 0. 0.]
w_star:  [0.48954853 0.48980946 0.02064202]
w_star:  [4.99775075e-01 4.99817671e-01 4.07253950e-04]
w_star:  [0.49957836 0.49957519 0.00084645]
w_star:  [0.49969182 0.49968751 0.00062067]
w_star:  [0.49832603 0.49831367 0.0033603 ]
w_star:  [0.49670753 0.4966264  0.00666606]
w_star:  [0.49679627 0.49674971 0.00645402]
w_star:  [0.49652675 0.49647611 0.00699715]
w_star:  [0.49658706 0.49652632 0.00688661]
w_star:  [0.49717389 0.49712726 0.00569885]
w_star:  [0.49677353 0.4967232  0.00650327]
w_star:  [0.49688441 0.49682491 0.00629068]
w_star:  [0.49541958 0.49530088 0.00927954]
w_star:  [0.49617514 0.49610887 0.00771599]
w_star:  [0.49572001 0.49564108 0.00863892]
w_star:  [0.4950271 0.4949313 0.0100416]
w_star:  [0.49569866 0.49561769 0.00868364]
w_star:  [0.49584547 0.49576061 0.00839393]
w_star:  [0.49524244 0.49515026 0.0096073 ]
w_star:  [0.494794   0.49468123 0.01052477]
w_star:  [0.49534429 0.4952549  0.00940081]
w_star:  [0.49481732 0.49470594 0.01047674]
w_star:  [0.49514472 0.49450374 0.01035154]
w_star:  [0.49453041 0.49438934 0.01108025]
w_star:  [0.49482067 0.49470976 0.01046957]
w_star:  [0.49502802 0.49492293 0.01004905]
w_star:  [0.4946482  0.49452211 0.01082968]
w_star:  [0.49468352 0.49454598 0.0107705 ]
w_star:  [0.49489767 0.49479042 0.01031192]
w_star:  [0.49480926 0.49469695 0.0104938 ]
w_star:  [0.49498391 0.49486682 0.01014927]
w_star:  [0.49467468 0.49455671 0.01076861]
w_star:  [0.49473257 0.4946178  0.01064963]
w_star:  [0.49490016 0.49479279 0.01030705]
w_star:  [0.49453607 0.49440516 0.01105877]
w_star:  [0.49473334 0.49460828 0.01065838]
w_star:  [0.49433892 0.49419075 0.01147034]
w_star:  [0.49423213 0.49408413 0.01168374]
w_star:  [0.49397433 0.49381138 0.0122143 ]
w_star:  [0.49402319 0.4938746  0.01210221]
w_star:  [0.49421001 0.49407104 0.01171895]
w_star:  [0.49395231 0.49380033 0.01224736]
w_star:  [0.49358263 0.49339684 0.01302053]
w_star:  [0.49359111 0.49342021 0.01298868]
w_star:  [0.49333258 0.4931477  0.01351972]
w_star:  [0.49323209 0.49304594 0.01372197]
w_star:  [0.49362079 0.49345233 0.01292688]
w_star:  [0.49350857 0.49337431 0.01311712]
w_star:  [0.49347443 0.49329705 0.01322852]
w_star:  [0.49389039 0.49373129 0.01237832]
w_star:  [0.49377942 0.49363194 0.01258864]
w_star:  [0.49436349 0.49420818 0.01142833]
w_star:  [0.4942172 0.4940583 0.0117245]
w_star:  [0.49414029 0.49399263 0.01186708]
w_star:  [0.49383762 0.49368386 0.01247852]
w_star:  [0.49393476 0.49377229 0.01229295]
w_star:  [0.49369752 0.49389663 0.01240585]
w_star:  [0.49426256 0.49412443 0.01161301]
w_star:  [0.49452681 0.49438445 0.01108874]
w_star:  [0.49436935 0.49423839 0.01139226]
w_star:  [0.4944327  0.49425744 0.01130986]
w_star:  [0.49439457 0.49426434 0.01134109]
w_star:  [0.49426825 0.49412668 0.01160507]
w_star:  [0.49436761 0.49423648 0.01139591]
w_star:  [0.49441527 0.49428671 0.01129802]
w_star:  [0.49485881 0.49474209 0.0103991 ]
w_star:  [0.49467081 0.49455306 0.01077613]
w_star:  [0.49442292 0.49429543 0.01128165]
w_star:  [0.49435459 0.49422257 0.01142284]
w_star:  [0.49442582 0.49431624 0.01125794]
w_star:  [0.49434094 0.49421062 0.01144844]
w_star:  [0.49445919 0.49433149 0.01120932]
w_star:  [0.49445248 0.49434458 0.01120294]
w_star:  [0.49454757 0.49442305 0.01102938]
w_star:  [0.49476774 0.49465819 0.01057408]
w_star:  [0.49507555 0.49497665 0.0099478 ]
w_star:  [0.49517452 0.49507898 0.0097465 ]
w_star:  [0.49513442 0.4950352  0.00983039]
w_star:  [0.49510505 0.49500294 0.00989202]
w_star:  [0.49491295 0.49480289 0.01028416]
w_star:  [0.4946252  0.49456831 0.01080649]
w_star:  [0.49452706 0.49440203 0.01107091]
w_star:  [0.49441318 0.49426382 0.011323  ]
w_star:  [0.49473864 0.49459855 0.01066281]
w_star:  [0.49453246 0.49440746 0.01106007]
w_star:  [0.49463613 0.49450704 0.01085683]
w_star:  [0.49486887 0.49475914 0.01037199]
w_star:  [0.49464368 0.49452402 0.0108323 ]
w_star:  [0.49486136 0.49475164 0.010387  ]
w_star:  [0.49481776 0.49470688 0.01047536]
w_star:  [0.4950745  0.49496732 0.00995818]
w_star:  [0.49525235 0.49515733 0.00959031]
w_star:  [0.49518662 0.4950919  0.00972147]
w_star:  [0.49513151 0.49505757 0.00981092]
w_star:  [0.49529418 0.49520293 0.00950289]
w_star:  [0.49517266 0.49507666 0.00975068]
w_star:  [0.49510829 0.49501899 0.00987272]
w_star:  [0.49523824 0.49514577 0.00961599]
w_star:  [0.49528626 0.49519477 0.00951897]
w_star:  [0.49524504 0.49514972 0.00960524]
w_star:  [0.49509184 0.49498447 0.00992369]
w_star:  [0.49502596 0.49492551 0.01004853]
w_star:  [0.49477861 0.49466669 0.0105547 ]
w_star:  [0.49471871 0.49463123 0.01065006]
w_star:  [0.49480724 0.4946888  0.01050396]
w_star:  [0.49491106 0.49480405 0.01028489]
w_star:  [0.49492911 0.49481024 0.01026064]
w_star:  [0.49465281 0.49453916 0.01080803]
w_star:  [0.49462361 0.49450287 0.01087352]
w_star:  [0.49446238 0.49433514 0.01120249]
w_star:  [0.49429116 0.49415606 0.01155277]
w_star:  [0.49426611 0.49411043 0.01162347]
w_star:  [0.49427922 0.49414543 0.01157535]
w_star:  [0.49407151 0.49392079 0.0120077 ]
w_star:  [0.49401608 0.49386858 0.01211535]
w_star:  [0.49390205 0.49374767 0.01235029]
w_star:  [0.4939771  0.49380722 0.01221567]
w_star:  [0.49409418 0.49394504 0.01196078]
w_star:  [0.49410648 0.49396254 0.01193098]
w_star:  [0.49422994 0.49408569 0.01168437]
w_star:  [0.49411112 0.49398046 0.01190841]
w_star:  [0.49415225 0.49399512 0.01185262]
w_star:  [0.49409552 0.49394377 0.01196071]
w_star:  [0.49414015 0.49398758 0.01187226]
w_star:  [0.49414254 0.49398477 0.01187269]
w_star:  [0.49427629 0.49411459 0.01160912]
w_star:  [0.49414731 0.49398839 0.01186431]
w_star:  [0.49404904 0.49390197 0.01204899]
w_star:  [0.49404253 0.49388375 0.01207372]
w_star:  [0.49410087 0.49394912 0.01195001]
w_star:  [0.49433729 0.49418455 0.01147816]
w_star:  [0.49435773 0.49422718 0.01141508]
w_star:  [0.49423808 0.49409469 0.01166723]
w_star:  [0.49422837 0.4940722  0.01169944]
w_star:  [0.49415858 0.49401707 0.01182435]
w_star:  [0.49437995 0.49422971 0.01139034]
w_star:  [0.49414589 0.49400363 0.01185047]
w_star:  [0.4943624 0.4942233 0.0114143]
w_star:  [0.49431815 0.49418582 0.01149603]
w_star:  [0.49427374 0.49413884 0.01158742]
w_star:  [0.49440277 0.49426875 0.01132848]
w_star:  [0.49432769 0.49420302 0.01146929]
w_star:  [0.49406763 0.49392168 0.0120107 ]
w_star:  [0.49415519 0.49400469 0.01184012]
w_star:  [0.4942511  0.49410684 0.01164206]
w_star:  [0.49434202 0.49420976 0.01144822]
w_star:  [0.4942732  0.49413104 0.01159576]
w_star:  [0.49436378 0.49423265 0.01140357]
w_star:  [0.49444796 0.49432023 0.01123181]
w_star:  [0.49449159 0.49436561 0.01114279]
w_star:  [0.49448443 0.49435842 0.01115715]
w_star:  [0.49440502 0.4943474  0.01124759]
w_star:  [0.49433687 0.49420503 0.0114581 ]
w_star:  [0.49427789 0.4941225  0.01159961]
w_star:  [0.49446998 0.49433896 0.01119105]
w_star:  [0.4943452  0.49418703 0.01146777]
w_star:  [0.49445248 0.49435647 0.01119105]
w_star:  [0.4945433  0.49441054 0.01104616]
w_star:  [0.49462148 0.49450778 0.01087073]
w_star:  [0.49456802 0.49444429 0.01098768]
w_star:  [0.49453612 0.4944063  0.01105758]
w_star:  [0.49440839 0.49431294 0.01127867]
w_star:  [0.49443208 0.49430585 0.01126207]
w_star:  [0.49450473 0.49437472 0.01112055]
w_star:  [0.49435329 0.49422146 0.01142525]
w_star:  [0.49430488 0.49416419 0.01153093]
w_star:  [0.494349   0.49419612 0.01145488]
w_star:  [0.49441814 0.49427924 0.01130262]
w_star:  [0.49446425 0.49433703 0.01119872]
w_star:  [0.49449473 0.49438837 0.01111691]
w_star:  [0.49462062 0.49450118 0.0108782 ]
w_star:  [0.4947668  0.49465367 0.01057953]
w_star:  [0.49473839 0.49464379 0.01061782]
w_star:  [0.49473558 0.49461956 0.01064486]
w_star:  [0.49472948 0.49462279 0.01064773]
w_star:  [0.49476327 0.49464437 0.01059236]
w_star:  [0.49471614 0.49459356 0.01069029]
w_star:  [0.49461358 0.49448062 0.0109058 ]
w_star:  [0.49458368 0.49439956 0.01101675]
w_star:  [0.4944612 0.494333  0.0112058]
w_star:  [0.49443363 0.49430363 0.01126274]
w_star:  [0.49465447 0.49453902 0.01080652]
w_star:  [0.4946692  0.49454354 0.01078726]
w_star:  [0.49472501 0.49460532 0.01066967]
w_star:  [0.4947856  0.49468772 0.01052668]
w_star:  [0.49478783 0.49467554 0.01053663]
w_star:  [0.49473341 0.49461867 0.01064792]
w_star:  [0.49470311 0.49458169 0.01071519]
w_star:  [0.49461463 0.49449348 0.01089189]
w_star:  [0.49449541 0.49436951 0.01113508]
w_star:  [0.49445575 0.49430871 0.01123554]
w_star:  [0.49433302 0.49418588 0.0114811 ]
w_star:  [0.49427167 0.49413838 0.01158995]
w_star:  [0.49428784 0.49415926 0.01155291]
w_star:  [0.49438052 0.49423016 0.01138932]
w_star:  [0.49438769 0.49423651 0.01137581]
w_star:  [0.49430006 0.49416159 0.01153835]
w_star:  [0.49436766 0.4942161  0.01141623]
w_star:  [0.49437663 0.49422536 0.01139801]
w_star:  [0.49433858 0.4941891  0.01147232]
w_star:  [0.49425271 0.49411186 0.01163543]
w_star:  [0.49425164 0.4941147  0.01163366]
w_star:  [0.49428954 0.49415668 0.01155378]
w_star:  [0.49430822 0.49416823 0.01152355]
w_star:  [0.49436833 0.49423154 0.01140013]
w_star:  [0.49444533 0.49431775 0.01123692]
w_star:  [0.49434954 0.49419614 0.01145432]
w_star:  [0.49420549 0.49406995 0.01172456]
w_star:  [0.49422064 0.49407685 0.01170251]
w_star:  [0.49413101 0.4939585  0.0119105 ]
w_star:  [0.49410471 0.49395548 0.01193981]
w_star:  [0.49407483 0.49390935 0.01201583]
w_star:  [0.49404359 0.49390091 0.0120555 ]
w_star:  [0.49404673 0.49391468 0.01203859]
w_star:  [0.4940008  0.49385129 0.01214791]
w_star:  [0.49398031 0.49382465 0.01219504]
w_star:  [0.49390706 0.49375702 0.01233592]
w_star:  [0.49387468 0.49372749 0.01239783]
w_star:  [0.49390868 0.49376108 0.01233024]
w_star:  [0.49391671 0.49376443 0.01231886]
w_star:  [0.4939449  0.49379246 0.01226265]
w_star:  [0.49385772 0.49371284 0.01242944]
w_star:  [0.49387286 0.4937259  0.01240124]
w_star:  [0.49381237 0.49365375 0.01253388]
w_star:  [0.49376836 0.49361473 0.01261691]
w_star:  [0.49380416 0.493649   0.01254685]
w_star:  [0.49390575 0.49375575 0.0123385 ]
w_star:  [0.49394133 0.49379964 0.01225904]
w_star:  [0.49390562 0.49378553 0.01230885]
w_star:  [0.49386756 0.49372082 0.01241162]
w_star:  [0.49396306 0.49376133 0.0122756 ]
w_star:  [0.49387929 0.4937263  0.01239441]
w_star:  [0.49386536 0.4937196  0.01241503]
w_star:  [0.49373492 0.49357191 0.01269316]
w_star:  [0.49375608 0.4935949  0.01264902]
w_star:  [0.49379104 0.49363158 0.01257739]
w_star:  [0.49381763 0.49365682 0.01252555]
w_star:  [0.49383035 0.49367204 0.0124976 ]
w_star:  [0.49380645 0.49363612 0.01255743]
w_star:  [0.49378004 0.49361892 0.01260104]
w_star:  [0.49363309 0.49346558 0.01290133]
w_star:  [0.49363622 0.49346896 0.01289482]
w_star:  [0.49365464 0.49348722 0.01285814]
w_star:  [0.49369537 0.49353007 0.01277456]
w_star:  [0.49373148 0.49358029 0.01268823]
w_star:  [0.49369784 0.49353519 0.01276698]
w_star:  [0.49369151 0.49352751 0.01278098]
w_star:  [0.49373965 0.49357917 0.01268118]
w_star:  [0.49373547 0.49359123 0.0126733 ]
w_star:  [0.4937482  0.49358769 0.01266411]
w_star:  [0.49374767 0.49358579 0.01266654]
w_star:  [0.49377462 0.49361371 0.01261167]
w_star:  [0.49371147 0.49354698 0.01274154]
w_star:  [0.49365193 0.49348608 0.01286199]
w_star:  [0.49371556 0.49355131 0.01273313]
w_star:  [0.49364552 0.49349406 0.01286042]
w_star:  [0.49372551 0.49356337 0.01271112]
w_star:  [0.49371872 0.49355462 0.01272665]
w_star:  [0.49377864 0.49361777 0.01260359]
w_star:  [0.49374809 0.49358004 0.01267187]
w_star:  [0.49381074 0.4936562  0.01253306]
w_star:  [0.49379514 0.49364281 0.01256205]
w_star:  [0.4937777  0.49361691 0.01260539]
w_star:  [0.4937657 0.4935929 0.0126414]
w_star:  [0.49371782 0.49355372 0.01272845]
w_star:  [0.49369532 0.4935285  0.01277617]
w_star:  [0.49364202 0.49347976 0.01287823]
w_star:  [0.49360087 0.4934323  0.01296683]
w_star:  [0.49364387 0.49347474 0.01288139]
w_star:  [0.49371111 0.49354665 0.01274224]
w_star:  [0.49359606 0.4934254  0.01297854]
w_star:  [0.49361372 0.49345181 0.01293447]
w_star:  [0.49361598 0.49344607 0.01293795]
w_star:  [0.49357792 0.49340626 0.01301583]
w_star:  [0.49354697 0.49337586 0.01307717]
w_star:  [0.49355101 0.49338537 0.01306362]
w_star:  [0.49350884 0.49332678 0.01316438]
w_star:  [0.49346642 0.49328864 0.01324494]
w_star:  [0.4934388  0.49325946 0.01330174]
w_star:  [0.49337387 0.49319029 0.01343584]
w_star:  [0.49346822 0.49329054 0.01324124]
w_star:  [0.49355076 0.49338416 0.01306508]
w_star:  [0.49361276 0.49344859 0.01293865]
w_star:  [0.49359322 0.49342239 0.01298439]
w_star:  [0.49355602 0.49338321 0.01306076]
w_star:  [0.49354478 0.49337119 0.01308403]
w_star:  [0.49354305 0.49336949 0.01308746]
w_star:  [0.49357879 0.49340209 0.01301912]
w_star:  [0.4935677  0.49339555 0.01303675]
w_star:  [0.49348918 0.49331261 0.01319821]
w_star:  [0.49350973 0.49334874 0.01314153]
w_star:  [0.49352594 0.49335317 0.01312089]
w_star:  [0.49352028 0.49334547 0.01313425]
w_star:  [0.49350069 0.49332481 0.0131745 ]
w_star:  [0.49356125 0.49339071 0.01304804]
w_star:  [0.4935384  0.49337224 0.01308936]
w_star:  [0.49368723 0.49352332 0.01278945]
w_star:  [0.49364763 0.49346246 0.0128899 ]
w_star:  [0.49366651 0.49350046 0.01283303]
w_star:  [0.49362263 0.49345959 0.01291778]
w_star:  [0.49360885 0.49344179 0.01294936]
w_star:  [0.49362886 0.4934611  0.01291004]
w_star:  [0.49372478 0.49355745 0.01271776]
w_star:  [0.49375052 0.49359273 0.01265674]
w_star:  [0.49373716 0.49357924 0.01268359]
w_star:  [0.49367925 0.49351522 0.01280553]
w_star:  [0.49367435 0.49350808 0.01281757]
w_star:  [0.49371508 0.49355089 0.01273403]
w_star:  [0.4936885  0.493523   0.01278851]
w_star:  [0.49367926 0.49349094 0.0128298 ]
w_star:  [0.49369172 0.49348475 0.01282353]
w_star:  [0.49363605 0.49346739 0.01289657]
w_star:  [0.49366422 0.49350199 0.01283379]
w_star:  [0.49357532 0.49340355 0.01302113]
w_star:  [0.49356028 0.49338767 0.01305204]
w_star:  [0.49347707 0.49329986 0.01322308]
w_star:  [0.49349999 0.49332406 0.01317596]
w_star:  [0.4935667  0.49339661 0.01303669]
w_star:  [0.49357686 0.49341896 0.01300419]
w_star:  [0.4935321 0.4933607 0.0131072]
w_star:  [0.49358357 0.4934466  0.01296983]
w_star:  [0.49357204 0.49340005 0.0130279 ]
w_star:  [0.49357496 0.49335705 0.01306798]
w_star:  [0.49362233 0.49345305 0.01292462]
w_star:  [0.4935745  0.49340645 0.01301905]
w_star:  [0.49361963 0.49345219 0.01292818]
w_star:  [0.49363657 0.49346774 0.01289569]
w_star:  [0.49356412 0.49343046 0.01300542]
w_star:  [0.49358152 0.49341199 0.01300649]
w_star:  [0.49352892 0.49335318 0.01311789]
w_star:  [0.49351443 0.4933327  0.01315287]
w_star:  [0.49351308 0.49333774 0.01314917]
w_star:  [0.49354585 0.49337009 0.01308406]
w_star:  [0.4935508  0.49337753 0.01307167]
w_star:  [0.4935938  0.49342288 0.01298332]
w_star:  [0.4935854 0.4934153 0.0129993]
w_star:  [0.49359837 0.49343482 0.01296681]
w_star:  [0.49359722 0.49342782 0.01297495]
w_star:  [0.49363767 0.49347195 0.01289038]
w_star:  [0.49364402 0.493477   0.01287898]
w_star:  [0.49360599 0.49343656 0.01295744]
w_star:  [0.49362124 0.49347216 0.0129066 ]
w_star:  [0.493661   0.49349375 0.01284525]
w_star:  [0.49367042 0.49350979 0.0128198 ]
w_star:  [0.49366515 0.49349932 0.01283553]
w_star:  [0.49367358 0.4934832  0.01284321]
w_star:  [0.49369196 0.49352648 0.01278156]
w_star:  [0.49366114 0.49349303 0.01284583]
w_star:  [0.49362583 0.4934635  0.01291067]
w_star:  [0.49360815 0.49343741 0.01295444]
w_star:  [0.49360262 0.49342838 0.012969  ]
w_star:  [0.49353393 0.49336287 0.0131032 ]
w_star:  [0.49352347 0.49334884 0.01312769]
w_star:  [0.49350486 0.4933292  0.01316594]
w_star:  [0.49342684 0.49324614 0.01332702]
w_star:  [0.49341087 0.49323651 0.01335262]
w_star:  [0.49340902 0.49323394 0.01335704]
w_star:  [0.49337348 0.49319065 0.01343587]
w_star:  [0.49336695 0.49318556 0.01344749]
w_star:  [0.49330467 0.49312469 0.01357064]
w_star:  [0.49328058 0.49309225 0.01362717]
w_star:  [0.49328575 0.49309755 0.0136167 ]
w_star:  [0.49334539 0.49316042 0.01349418]
w_star:  [0.49337341 0.49319166 0.01343494]
w_star:  [0.4934116  0.49323697 0.01335143]
w_star:  [0.4934488  0.49326918 0.01328202]
w_star:  [0.49347687 0.49329967 0.01322346]
w_star:  [0.49347395 0.49329652 0.01322953]
w_star:  [0.4933897  0.49320769 0.01340261]
w_star:  [0.49340359 0.49322273 0.01337367]
w_star:  [0.49340038 0.49321891 0.01338071]
w_star:  [0.49345181 0.49327926 0.01326893]
w_star:  [0.49345111 0.49327859 0.0132703 ]
w_star:  [0.4934264  0.49325192 0.01332168]
w_star:  [0.49336839 0.49318796 0.01344366]
w_star:  [0.4933584  0.49317404 0.01346756]
w_star:  [0.49335987 0.49316708 0.01347304]
w_star:  [0.49331155 0.49313018 0.01355827]
w_star:  [0.49325812 0.49307317 0.01366871]
w_star:  [0.49329457 0.49311422 0.01359121]
w_star:  [0.49330261 0.49312054 0.01357685]
w_star:  [0.49333797 0.49315211 0.01350992]
w_star:  [0.49333103 0.49314501 0.01352395]
w_star:  [0.49325265 0.49305987 0.01368748]
w_star:  [0.49326136 0.49307197 0.01366668]
w_star:  [0.49322937 0.49304332 0.0137273 ]
w_star:  [0.49334968 0.49316695 0.01348337]
w_star:  [0.49333764 0.4931522  0.01351016]
w_star:  [0.49333205 0.49314593 0.01352202]
w_star:  [0.49329238 0.49310951 0.01359811]
w_star:  [0.49334158 0.49314752 0.01351089]
w_star:  [0.49327201 0.49308217 0.01364582]
w_star:  [0.49327094 0.49309152 0.01363754]
w_star:  [0.49332607 0.49314001 0.01353393]
w_star:  [0.49335534 0.49317205 0.01347261]
w_star:  [0.49332765 0.49317495 0.01349739]
w_star:  [0.49335817 0.49318589 0.01345593]
w_star:  [0.49341421 0.49323288 0.01335291]
w_star:  [0.49338332 0.49320085 0.01341583]
w_star:  [0.49338756 0.49320574 0.0134067 ]
w_star:  [0.49338929 0.49321306 0.01339766]
w_star:  [0.49337863 0.49319632 0.01342505]
w_star:  [0.4934598  0.49328161 0.01325859]
w_star:  [0.49338992 0.49321447 0.01339561]
w_star:  [0.4933143  0.49312758 0.01355812]
w_star:  [0.49323837 0.49304464 0.01371699]
w_star:  [0.49324542 0.49305508 0.0136995 ]
w_star:  [0.49319688 0.49300378 0.01379934]
w_star:  [0.49312598 0.49292203 0.01395199]
w_star:  [0.49311461 0.49291725 0.01396814]
w_star:  [0.49313144 0.49294831 0.01392024]
w_star:  [0.4931836  0.49298974 0.01382667]
w_star:  [0.49316924 0.49297453 0.01385623]
w_star:  [0.49319496 0.49300175 0.01380329]
w_star:  [0.49320807 0.49301563 0.01377629]
w_star:  [0.49319672 0.49300362 0.01379966]
w_star:  [0.49324898 0.49305889 0.01369213]
w_star:  [0.49326326 0.49307301 0.01366373]
w_star:  [0.49329082 0.49310797 0.01360121]
w_star:  [0.49333091 0.49314477 0.01352432]
w_star:  [0.49325274 0.49306039 0.01368687]
w_star:  [0.4932936  0.49311092 0.01359548]
w_star:  [0.4933571  0.49317422 0.01346868]
w_star:  [0.49335622 0.49318361 0.01346017]
w_star:  [0.49338263 0.49320033 0.01341705]
w_star:  [0.49341521 0.49323393 0.01335087]
w_star:  [0.49333528 0.49314968 0.01351504]
w_star:  [0.49334937 0.49316585 0.01348478]
w_star:  [0.49333818 0.49315682 0.013505  ]
w_star:  [0.49333461 0.4931402  0.01352519]
w_star:  [0.49331395 0.49312706 0.01355899]
w_star:  [0.49334074 0.49315718 0.01350207]
w_star:  [0.49334995 0.49316569 0.01348435]
w_star:  [0.49339603 0.49322057 0.0133834 ]
w_star:  [0.493368   0.49318508 0.01344691]
w_star:  [0.49332527 0.49313901 0.01353572]
w_star:  [0.49332413 0.49313756 0.0135383 ]
w_star:  [0.49332689 0.49314079 0.01353233]
w_star:  [0.493331   0.49314523 0.01352377]
w_star:  [0.49325876 0.49306922 0.01367202]
w_star:  [0.49322554 0.49303416 0.0137403 ]
w_star:  [0.49322579 0.49303967 0.01373454]
w_star:  [0.49316569 0.49297445 0.01385986]
w_star:  [0.49317298 0.49297761 0.0138494 ]
w_star:  [0.49317022 0.49297308 0.0138567 ]
w_star:  [0.49317745 0.49298323 0.01383932]
w_star:  [0.49320663 0.49301166 0.01378172]
w_star:  [0.49324897 0.49306859 0.01368244]
w_star:  [0.49328868 0.49309789 0.01361343]
w_star:  [0.49332777 0.49313288 0.01353934]
w_star:  [0.49333937 0.49316599 0.01349464]
w_star:  [0.49330354 0.4931163  0.01358016]
w_star:  [0.49325083 0.49307041 0.01367876]
w_star:  [0.49322745 0.4930334  0.01373915]
w_star:  [0.49323188 0.49304557 0.01372255]
w_star:  [0.49322118 0.49302943 0.01374939]
w_star:  [0.49319425 0.49299798 0.01380777]
w_star:  [0.4931954  0.49300222 0.01380238]
w_star:  [0.49317851 0.49298122 0.01384027]
w_star:  [0.4932133  0.49301812 0.01376858]
w_star:  [0.49326519 0.49308357 0.01365123]
w_star:  [0.49319788 0.49300485 0.01379726]
w_star:  [0.49319403 0.49299721 0.01380876]
w_star:  [0.49323286 0.49303905 0.01372809]
w_star:  [0.49319849 0.49300298 0.01379853]
w_star:  [0.49320204 0.49300634 0.01379162]
w_star:  [0.4932017  0.49300653 0.01379176]
w_star:  [0.49314516 0.4929544  0.01390044]
w_star:  [0.49314138 0.49295042 0.0139082 ]
w_star:  [0.49309145 0.49290359 0.01400496]
w_star:  [0.49312726 0.49292748 0.01394526]
w_star:  [0.49308918 0.49289833 0.01401249]
w_star:  [0.49308557 0.49288348 0.01403094]
w_star:  [0.49306848 0.49286787 0.01406365]
w_star:  [0.49313662 0.49294016 0.01392322]
w_star:  [0.49312226 0.49291808 0.01395966]
w_star:  [0.49313903 0.49294974 0.01391124]
w_star:  [0.49314375 0.49295482 0.01390143]
w_star:  [0.49310989 0.49291174 0.01397837]
w_star:  [0.49306534 0.49286223 0.01407244]
w_star:  [0.49305986 0.49285665 0.01408348]
w_star:  [0.49309901 0.49290218 0.01399882]
w_star:  [0.49309299 0.49290183 0.01400518]
w_star:  [0.49307594 0.4928732  0.01405086]
w_star:  [0.49303375 0.49283107 0.01413518]
w_star:  [0.49301068 0.49280381 0.0141855 ]
w_star:  [0.49300123 0.49279621 0.01420256]
w_star:  [0.49301566 0.49281949 0.01416485]
w_star:  [0.49297349 0.49276335 0.01426316]
w_star:  [0.49297035 0.49276147 0.01426818]
w_star:  [0.49297376 0.49276517 0.01426107]
w_star:  [0.49297865 0.49277248 0.01424887]
w_star:  [0.49295341 0.49274398 0.01430261]
w_star:  [0.49294635 0.49276215 0.0142915 ]
w_star:  [0.49295408 0.49274338 0.01430254]
w_star:  [0.49289635 0.49270518 0.01439847]
w_star:  [0.49290405 0.49270837 0.01438758]
w_star:  [0.4929322  0.49272315 0.01434464]
w_star:  [0.49297676 0.49275232 0.01427093]
w_star:  [0.49293874 0.4927294  0.01433185]
w_star:  [0.49295176 0.49274141 0.01430683]
w_star:  [0.49293815 0.49272834 0.01433351]
w_star:  [0.49291493 0.49271484 0.01437024]
w_star:  [0.4929622  0.49275618 0.01428162]
w_star:  [0.4929619  0.49275511 0.014283  ]
w_star:  [0.49298028 0.49278211 0.01423761]
w_star:  [0.49299761 0.49280073 0.01420166]
w_star:  [0.49300967 0.49278562 0.01420472]
w_star:  [0.49308246 0.49289321 0.01402433]
w_star:  [0.49310482 0.49291461 0.01398057]
w_star:  [0.4930997  0.49291477 0.01398554]
w_star:  [0.49309869 0.4929133  0.01398801]
w_star:  [0.49310128 0.49290006 0.01399866]
w_star:  [0.49309457 0.49288894 0.01401648]
w_star:  [0.49305238 0.4928407  0.01410691]
w_star:  [0.49307187 0.49287374 0.01405439]
w_star:  [0.49312874 0.49293756 0.0139337 ]
w_star:  [0.49315988 0.49296169 0.01387843]
w_star:  [0.49318973 0.4929934  0.01381687]
w_star:  [0.49319114 0.49300352 0.01380534]
w_star:  [0.49319444 0.49300688 0.01379868]
w_star:  [0.49317093 0.49297334 0.01385573]
w_star:  [0.49312812 0.49293722 0.01393466]
w_star:  [0.49310701 0.49290212 0.01399086]
w_star:  [0.49311057 0.49290989 0.01397955]
w_star:  [0.49302931 0.49283183 0.01413886]
w_star:  [0.49303531 0.49283122 0.01413347]
w_star:  [0.49301272 0.49281657 0.0141707 ]
w_star:  [0.49302383 0.49281891 0.01415726]
w_star:  [0.49297595 0.49276984 0.01425421]
w_star:  [0.49296227 0.49275527 0.01428246]
w_star:  [0.49298482 0.4927875  0.01422768]
w_star:  [0.49316383 0.49262239 0.01421377]
w_star:  [0.4929806  0.49277192 0.01424747]
w_star:  [0.49297037 0.49274562 0.01428402]
w_star:  [0.49297929 0.49277097 0.01424974]
w_star:  [0.4929613  0.49275527 0.01428343]
w_star:  [0.49295235 0.49274692 0.01430073]
w_star:  [0.49300862 0.49280445 0.01418693]
w_star:  [0.49302174 0.49282584 0.01415243]
w_star:  [0.49301371 0.49280983 0.01417646]
w_star:  [0.49303424 0.49282973 0.01413603]
w_star:  [0.49307044 0.49285878 0.01407078]
w_star:  [0.49306097 0.49285978 0.01407925]
w_star:  [0.49305748 0.49285433 0.01408819]
w_star:  [0.49303976 0.49283562 0.01412463]
w_star:  [0.49306747 0.49286667 0.01406585]
w_star:  [0.49304021 0.4928361  0.01412369]
w_star:  [0.49306181 0.49285896 0.01407923]
w_star:  [0.49308566 0.49290246 0.01401188]
w_star:  [0.49308558 0.49289472 0.0140197 ]
w_star:  [0.49308739 0.49289044 0.01402217]
w_star:  [0.49310461 0.49289983 0.01399556]
w_star:  [0.49309071 0.49288811 0.01402119]
w_star:  [0.49311645 0.49291541 0.01396815]
w_star:  [0.49311112 0.4928991  0.01398979]
w_star:  [0.49311512 0.4929112  0.01397369]
w_star:  [0.49316096 0.49296826 0.01387078]
w_star:  [0.49313894 0.49294252 0.01391855]
w_star:  [0.49310785 0.49290811 0.01398404]
w_star:  [0.49313917 0.49294873 0.0139121 ]
w_star:  [0.49314713 0.49295503 0.01389784]
w_star:  [0.49311482 0.49291692 0.01396826]
w_star:  [0.49311892 0.49291804 0.01396304]
w_star:  [0.49316307 0.49296528 0.01387164]
w_star:  [0.49316498 0.49296743 0.0138676 ]
w_star:  [0.49323839 0.49304493 0.01371668]
w_star:  [0.49324932 0.49305913 0.01369155]
w_star:  [0.49326874 0.49308781 0.01364345]
w_star:  [0.49329706 0.49310683 0.01359611]
w_star:  [0.49328464 0.49310116 0.01361419]
w_star:  [0.49327128 0.49308827 0.01364046]
w_star:  [0.49329568 0.49310521 0.0135991 ]
w_star:  [0.49330032 0.49311305 0.01358663]
w_star:  [0.49329596 0.49310848 0.01359556]
w_star:  [0.49329752 0.4931101  0.01359238]
w_star:  [0.49330655 0.49311906 0.01357438]
w_star:  [0.49329649 0.49310886 0.01359465]
w_star:  [0.49327973 0.49308847 0.0136318 ]
w_star:  [0.49329058 0.49310278 0.01360664]
w_star:  [0.4932523 0.4930704 0.0136773]
w_star:  [0.4932315  0.49304027 0.01372823]
w_star:  [0.49325722 0.49307349 0.01366929]
w_star:  [0.49324427 0.49306222 0.01369351]
w_star:  [0.49322023 0.4930285  0.01375127]
w_star:  [0.49324081 0.49305903 0.01370016]
w_star:  [0.4932312  0.49303999 0.01372881]
w_star:  [0.49324631 0.49306572 0.01368797]
w_star:  [0.49324594 0.4930655  0.01368856]
w_star:  [0.49327139 0.49308794 0.01364067]
w_star:  [0.49328733 0.49309943 0.01361325]
w_star:  [0.4932869  0.49309899 0.01361411]
w_star:  [0.49330754 0.49312025 0.01357221]
w_star:  [0.49331047 0.49312327 0.01356625]
w_star:  [0.49329858 0.49311111 0.01359031]
w_star:  [0.49330457 0.49311709 0.01357834]
w_star:  [0.49333169 0.49314683 0.01352149]
w_star:  [0.49331469 0.49313084 0.01355446]
w_star:  [0.49333596 0.49314525 0.01351879]
w_star:  [0.49333139 0.49314629 0.01352231]
w_star:  [0.49334732 0.493171   0.01348168]
w_star:  [0.49336171 0.49318556 0.01345273]
w_star:  [0.49340452 0.49322241 0.01337307]
w_star:  [0.49340849 0.49322747 0.01336404]
w_star:  [0.49340429 0.49322219 0.01337353]
w_star:  [0.49343122 0.4932507  0.01331808]
w_star:  [0.49343331 0.49325368 0.01331301]
w_star:  [0.49342655 0.49324653 0.01332692]
w_star:  [0.49342305 0.49324284 0.01333411]
w_star:  [0.4934062 0.4932242 0.0133696]
w_star:  [0.49339028 0.49320772 0.013402  ]
w_star:  [0.49337733 0.49319413 0.01342854]
w_star:  [0.4933903  0.49320757 0.01340214]
w_star:  [0.49339275 0.4932101  0.01339716]
w_star:  [0.49339847 0.49321603 0.0133855 ]
w_star:  [0.49343201 0.49325212 0.01331587]
w_star:  [0.49337939 0.4931961  0.01342451]
w_star:  [0.49334488 0.49316786 0.01348726]
w_star:  [0.49332892 0.49314445 0.01352663]
w_star:  [0.49332062 0.49313504 0.01354435]
w_star:  [0.49332055 0.49313494 0.01354452]
w_star:  [0.49330787 0.49317004 0.0135221 ]
w_star:  [0.49335647 0.49317217 0.01347137]
w_star:  [0.49337343 0.4931898  0.01343677]
w_star:  [0.49336177 0.49317777 0.01346045]
w_star:  [0.49332756 0.49314888 0.01352356]
w_star:  [0.49330562 0.49311424 0.01358014]
w_star:  [0.49332532 0.49314843 0.01352625]
w_star:  [0.49334218 0.49316526 0.01349256]
w_star:  [0.49334124 0.49316422 0.01349454]
w_star:  [0.49339163 0.49320885 0.01339952]
w_star:  [0.49342812 0.49324797 0.0133239 ]
w_star:  [0.49343661 0.49325715 0.01330624]
w_star:  [0.4934315  0.49325177 0.01331674]
w_star:  [0.49343259 0.49325292 0.01331448]
w_star:  [0.49345312 0.49327459 0.0132723 ]
w_star:  [0.49346064 0.49328253 0.01325684]
w_star:  [0.49344787 0.49326904 0.01328309]
w_star:  [0.49344209 0.49326291 0.01329501]
w_star:  [0.49346607 0.49328826 0.01324566]
w_star:  [0.49349102 0.49331438 0.0131946 ]
w_star:  [0.49352645 0.49335201 0.01312154]
w_star:  [0.49352395 0.49334707 0.01312898]
w_star:  [0.49360533 0.49334457 0.0130501 ]
w_star:  [0.49360768 0.49334539 0.01304693]
w_star:  [0.49356427 0.49339825 0.01303749]
w_star:  [0.49352605 0.49335158 0.01312237]
w_star:  [0.49350591 0.49334102 0.01315307]
w_star:  [0.49350143 0.49333623 0.01316234]
w_star:  [0.49353442 0.49337434 0.01309125]
w_star:  [0.49357031 0.49339791 0.01303178]
w_star:  [0.49357556 0.49340379 0.01302064]
w_star:  [0.49357304 0.49340137 0.0130256 ]
w_star:  [0.49357924 0.49340951 0.01301125]
w_star:  [0.49357929 0.49340773 0.01301299]
w_star:  [0.49355321 0.49342164 0.01302515]
w_star:  [0.49355161 0.49337832 0.01307006]
w_star:  [0.49355175 0.49337854 0.01306971]
w_star:  [0.49356469 0.49339236 0.01304296]
w_star:  [0.49355974 0.49338704 0.01305322]
w_star:  [0.49356991 0.49339777 0.01303232]
w_star:  [0.49360754 0.49344161 0.01295085]
w_star:  [0.49361461 0.49345103 0.01293436]
w_star:  [0.49363368 0.49347071 0.01289561]
w_star:  [0.49364421 0.49348031 0.01287548]
w_star:  [0.49364681 0.49346257 0.01289062]
w_star:  [0.49366878 0.49344649 0.01288472]
w_star:  [0.49359394 0.49342506 0.01298101]
w_star:  [0.49360886 0.49344526 0.01294587]
w_star:  [0.49362956 0.49346596 0.01290448]
w_star:  [0.49362445 0.49346308 0.01291247]
w_star:  [0.49364442 0.49347762 0.01287796]
w_star:  [0.49363781 0.49346393 0.01289826]
w_star:  [0.49359783 0.49342719 0.01297497]
w_star:  [0.49360939 0.49343966 0.01295095]
w_star:  [0.49359697 0.49344908 0.01295395]
w_star:  [0.4935901  0.49342257 0.01298734]
w_star:  [0.49359767 0.49345034 0.01295199]
w_star:  [0.49358791 0.49342154 0.01299055]
w_star:  [0.49359411 0.49343073 0.01297517]
w_star:  [0.49359728 0.49343307 0.01296965]
w_star:  [0.49358237 0.49341071 0.01300692]
w_star:  [0.49354703 0.49338637 0.01306659]
w_star:  [0.49355256 0.49339851 0.01304893]
w_star:  [0.49358174 0.49341053 0.01300773]
w_star:  [0.49361462 0.49344497 0.01294041]
w_star:  [0.49364034 0.49347338 0.01288627]
w_star:  [0.49363642 0.49346063 0.01290295]
w_star:  [0.49359611 0.49344898 0.01295491]
w_star:  [0.49355473 0.49341417 0.0130311 ]
w_star:  [0.49355207 0.49337098 0.01307695]
w_star:  [0.49353344 0.49335943 0.01310714]
w_star:  [0.49354755 0.49338215 0.0130703 ]
w_star:  [0.49353112 0.4933954  0.01307348]
w_star:  [0.49355063 0.49337722 0.01307215]
w_star:  [0.49350881 0.49333322 0.01315798]
w_star:  [0.49348725 0.49331057 0.01320218]
w_star:  [0.49347674 0.49329953 0.01322374]
w_star:  [0.49344135 0.49326216 0.01329649]
w_star:  [0.49341763 0.49323644 0.01334593]
w_star:  [0.49341754 0.49323624 0.01334622]
w_star:  [0.4934416  0.49326236 0.01329604]
w_star:  [0.49344731 0.49326846 0.01328424]
w_star:  [0.49347213 0.49329466 0.01323321]
w_star:  [0.49344226 0.49326309 0.01329465]
w_star:  [0.49344643 0.49326753 0.01328605]
w_star:  [0.49348024 0.49330322 0.01321654]
w_star:  [0.49347884 0.49330174 0.01321942]
w_star:  [0.49346123 0.4932831  0.01325567]
w_star:  [0.4934689  0.49329124 0.01323986]
w_star:  [0.49345137 0.49327275 0.01327588]
w_star:  [0.49346135 0.49328323 0.01325542]
w_star:  [0.49344293 0.49326377 0.0132933 ]
w_star:  [0.49345946 0.49328128 0.01325926]
w_star:  [0.49347651 0.49329927 0.01322422]
w_star:  [0.49346113 0.49328303 0.01325584]
w_star:  [0.49343422 0.49325378 0.013312  ]
w_star:  [0.49342373 0.49324356 0.01333271]
w_star:  [0.49343323 0.49325279 0.01331398]
w_star:  [0.4934073  0.49322541 0.01336729]
w_star:  [0.49339248 0.4932101  0.01339742]
w_star:  [0.49338261 0.49319965 0.01341774]
w_star:  [0.49339739 0.49321502 0.01338758]
w_star:  [0.49335358 0.49316827 0.01347815]
w_star:  [0.49336961 0.49319385 0.01343654]
w_star:  [0.49338133 0.49319835 0.01342032]
w_star:  [0.49335494 0.49317735 0.0134677 ]
w_star:  [0.49336227 0.49318547 0.01345226]
w_star:  [0.49335774 0.49318031 0.01346194]
w_star:  [0.49336938 0.4931936  0.01343702]
w_star:  [0.49337945 0.49319635 0.0134242 ]
w_star:  [0.49337842 0.49319527 0.01342631]
w_star:  [0.49339168 0.49320902 0.0133993 ]
w_star:  [0.49339663 0.49321417 0.0133892 ]
w_star:  [0.49340407 0.49322199 0.01337394]
w_star:  [0.49341193 0.49323022 0.01335785]
w_star:  [0.49340234 0.4932202  0.01337747]
w_star:  [0.49339689 0.49321445 0.01338865]
w_star:  [0.49340406 0.49322204 0.0133739 ]
w_star:  [0.49340262 0.49322048 0.0133769 ]
w_star:  [0.49342603 0.49324595 0.01332802]
w_star:  [0.49342728 0.49324645 0.01332627]
w_star:  [0.49339796 0.49321556 0.01338648]
w_star:  [0.49342628 0.49324544 0.01332827]
w_star:  [0.49341597 0.49323537 0.01334865]
w_star:  [0.49341836 0.4932379  0.01334374]
w_star:  [0.49343634 0.49325688 0.01330677]
w_star:  [0.49340082 0.49321857 0.01338061]
w_star:  [0.4934086  0.49322673 0.01336468]
w_star:  [0.49343491 0.49325536 0.01330972]
w_star:  [0.49343153 0.49325094 0.01331753]
w_star:  [0.49342025 0.49323989 0.01333986]
w_star:  [0.493396   0.49321376 0.01339024]
w_star:  [0.49341539 0.4932339  0.0133507 ]
w_star:  [0.49340826 0.49322642 0.01336533]
w_star:  [0.49340926 0.49322748 0.01336327]
w_star:  [0.4934269  0.49324692 0.01332618]
w_star:  [0.49340295 0.49322089 0.01337616]
w_star:  [0.49340463 0.49322261 0.01337276]
w_star:  [0.4934054  0.49322344 0.01337115]
w_star:  [0.4933863  0.49320354 0.01341016]
w_star:  [0.49339253 0.49321008 0.01339738]
w_star:  [0.49337258 0.49319674 0.01343068]
w_star:  [0.49335294 0.49316951 0.01347755]
w_star:  [0.49338292 0.4932     0.01341709]
w_star:  [0.49336374 0.49318716 0.0134491 ]
w_star:  [0.49338834 0.4932057  0.01340596]
w_star:  [0.49338443 0.49320159 0.01341397]
w_star:  [0.49336156 0.49318415 0.01345428]
w_star:  [0.49338507 0.49320225 0.01341268]
w_star:  [0.4933953  0.49321283 0.01339187]
w_star:  [0.49336787 0.49315491 0.01347721]
w_star:  [0.49334698 0.49318208 0.01347094]
w_star:  [0.49339233 0.49320969 0.01339798]
w_star:  [0.49342494 0.49324399 0.01333107]
w_star:  [0.49340135 0.49321914 0.01337951]
w_star:  [0.49340427 0.49322302 0.01337271]
w_star:  [0.49339386 0.4932113  0.01339484]
w_star:  [0.49340044 0.4932182  0.01338136]
w_star:  [0.49340987 0.49322892 0.01336121]
w_star:  [0.49340119 0.49321896 0.01337985]
w_star:  [0.49341712 0.49323658 0.0133463 ]
w_star:  [0.49340641 0.49322439 0.01336919]
w_star:  [0.49342814 0.49324742 0.01332443]
w_star:  [0.49341483 0.49323416 0.01335101]
w_star:  [0.49341826 0.49323779 0.01334395]
w_star:  [0.49340058 0.49321835 0.01338107]
w_star:  [0.4933898  0.49320725 0.01340295]
w_star:  [0.4933455  0.49318039 0.01347411]
w_star:  [0.49333897 0.4931545  0.01350652]
w_star:  [0.49334908 0.49316474 0.01348619]
w_star:  [0.49335327 0.4931757  0.01347103]
w_star:  [0.49330931 0.49313473 0.01355596]
w_star:  [0.49330003 0.49311578 0.01358419]
w_star:  [0.49329738 0.49311342 0.0135892 ]
w_star:  [0.49329825 0.49311424 0.0135875 ]
w_star:  [0.49332584 0.49314055 0.01353361]
w_star:  [0.49332921 0.49313795 0.01353284]
w_star:  [0.49331381 0.49312828 0.0135579 ]
w_star:  [0.49329184 0.49310362 0.01360455]
w_star:  [0.49329656 0.49310869 0.01359475]
w_star:  [0.49324896 0.49306425 0.01368679]
w_star:  [0.49323587 0.49305336 0.01371077]
w_star:  [0.49324547 0.49306068 0.01369385]
w_star:  [0.49322183 0.49304041 0.01373777]
w_star:  [0.49323185 0.49304962 0.01371853]
w_star:  [0.49324592 0.49306118 0.0136929 ]
w_star:  [0.49322946 0.49304728 0.01372326]
w_star:  [0.4932282  0.49304622 0.01372558]
w_star:  [0.49324927 0.49306439 0.01368634]
w_star:  [0.49324503 0.49306023 0.01369474]
w_star:  [0.49324731 0.4930627  0.01368999]
w_star:  [0.49323391 0.49305183 0.01371426]
w_star:  [0.49323257 0.49305049 0.01371695]
w_star:  [0.4932166  0.49302153 0.01376187]
w_star:  [0.49318442 0.49299672 0.01381886]
w_star:  [0.49318917 0.49300147 0.01380936]
w_star:  [0.49320599 0.49301343 0.01378058]
w_star:  [0.49318031 0.4929923  0.01382739]
w_star:  [0.49319627 0.49300085 0.01380288]
w_star:  [0.4931996  0.49300353 0.01379687]
w_star:  [0.49320396 0.49301126 0.01378477]
w_star:  [0.49321347 0.49303212 0.01375441]
w_star:  [0.49318439 0.49299565 0.01381996]
w_star:  [0.49316962 0.49297824 0.01385214]
w_star:  [0.49318054 0.49299227 0.01382719]
w_star:  [0.49317877 0.49299051 0.01383072]
w_star:  [0.49318632 0.49299799 0.01381568]
w_star:  [0.4931576  0.49295923 0.01388317]
w_star:  [0.49314699 0.4929483  0.01390471]
w_star:  [0.49315394 0.49295554 0.01389052]
w_star:  [0.49316234 0.49296412 0.01387354]
w_star:  [0.49316353 0.49297364 0.01386283]
w_star:  [0.49316795 0.49297092 0.01386113]
w_star:  [0.49314966 0.49295105 0.01389929]
w_star:  [0.49315746 0.49296751 0.01387503]
w_star:  [0.49318207 0.49299377 0.01382416]
w_star:  [0.4931942  0.49299845 0.01380735]
w_star:  [0.4931807 0.4929922 0.0138271]
w_star:  [0.49316396 0.4929744  0.01386164]
w_star:  [0.49314847 0.49294968 0.01390185]
w_star:  [0.49314507 0.49294626 0.01390867]
w_star:  [0.4931237  0.49292435 0.01395195]
w_star:  [0.4931366  0.49293708 0.01392633]
w_star:  [0.4931333  0.49293378 0.01393291]
w_star:  [0.49313047 0.49293067 0.01393886]
w_star:  [0.49314241 0.49294349 0.01391409]
w_star:  [0.49314196 0.49294302 0.01391502]
w_star:  [0.49315878 0.49296101 0.01388021]
w_star:  [0.49316761 0.49297872 0.01385367]
w_star:  [0.49318043 0.49298394 0.01383564]
w_star:  [0.49316263 0.49297386 0.01386351]
w_star:  [0.49316406 0.49297515 0.01386079]
w_star:  [0.49315969 0.49297051 0.01386981]
w_star:  [0.49314164 0.49294259 0.01391577]
w_star:  [0.4931519  0.49296167 0.01388643]
w_star:  [0.49315686 0.49296507 0.01387808]
w_star:  [0.49313916 0.49293975 0.01392108]
w_star:  [0.49310482 0.4929075  0.01398767]
w_star:  [0.49310557 0.49291001 0.01398441]
w_star:  [0.4931168  0.49291715 0.01396605]
w_star:  [0.49311572 0.49292379 0.01396049]
w_star:  [0.49309422 0.49290149 0.01400429]
w_star:  [0.49307901 0.49289382 0.01402717]
w_star:  [0.49308606 0.49288658 0.01402736]
w_star:  [0.49310736 0.49290885 0.01398379]
w_star:  [0.49310906 0.49291501 0.01397592]
w_star:  [0.49309077 0.49289909 0.01401014]
w_star:  [0.49309894 0.49290637 0.0139947 ]
w_star:  [0.4931002  0.49290784 0.01399196]
w_star:  [0.49310588 0.4929115  0.01398262]
w_star:  [0.49310521 0.49290977 0.01398502]
w_star:  [0.49311947 0.49291873 0.0139618 ]
w_star:  [0.49314187 0.49295122 0.01390691]
w_star:  [0.49312165 0.49292143 0.01395692]
w_star:  [0.49311151 0.49291913 0.01396936]
w_star:  [0.49309627 0.49290141 0.01400231]
w_star:  [0.49311056 0.49291059 0.01397885]
w_star:  [0.49311573 0.49291481 0.01396946]
w_star:  [0.49313506 0.49293553 0.01392941]
w_star:  [0.49313247 0.4929328  0.01393473]
w_star:  [0.4931062 0.4929057 0.0139881]
w_star:  [0.49311738 0.4929169  0.01396573]
w_star:  [0.4931007  0.49290012 0.01399918]
w_star:  [0.49310297 0.49290219 0.01399484]
w_star:  [0.49309592 0.4928912  0.01401288]
w_star:  [0.49308864 0.49289344 0.01401793]
w_star:  [0.49308904 0.49288965 0.01402131]
w_star:  [0.49307878 0.49288541 0.01403581]
w_star:  [0.49310225 0.49290166 0.01399609]
w_star:  [0.49309003 0.49289218 0.01401779]
w_star:  [0.49308422 0.4928844  0.01403138]
w_star:  [0.4930929  0.49289178 0.01401532]
w_star:  [0.49309679 0.49289579 0.01400742]
w_star:  [0.49310124 0.49290079 0.01399797]
w_star:  [0.4930958  0.49289492 0.01400928]
w_star:  [0.49309735 0.49289796 0.01400469]
w_star:  [0.49309128 0.49289187 0.01401685]
w_star:  [0.49310896 0.49290887 0.01398217]
w_star:  [0.49313134 0.49293169 0.01393697]
w_star:  [0.49312691 0.49292714 0.01394596]
w_star:  [0.49309139 0.49289919 0.01400941]
w_star:  [0.49306984 0.49284937 0.01408079]
w_star:  [0.49308   0.4928801 0.0140399]
w_star:  [0.49309647 0.49290159 0.01400194]
w_star:  [0.49312382 0.49292368 0.0139525 ]
w_star:  [0.49312624 0.49292637 0.01394739]
w_star:  [0.49310956 0.49290944 0.013981  ]
w_star:  [0.49311552 0.4929285  0.01395598]
w_star:  [0.49311286 0.49291284 0.0139743 ]
w_star:  [0.49310236 0.49290353 0.01399411]
w_star:  [0.49313284 0.49293333 0.01393384]
w_star:  [0.49314871 0.49294993 0.01390136]
w_star:  [0.49313459 0.49293532 0.01393009]
w_star:  [0.49314327 0.49294441 0.01391232]
w_star:  [0.4931467  0.49295633 0.01389696]
w_star:  [0.49313415 0.49293487 0.01393097]
w_star:  [0.49312802 0.49292824 0.01394374]
w_star:  [0.49310309 0.49290452 0.01399239]
w_star:  [0.4930983  0.49289939 0.01400231]
w_star:  [0.49311485 0.49291486 0.01397029]
w_star:  [0.49313328 0.4929339  0.01393282]
w_star:  [0.49313583 0.49293652 0.01392765]
w_star:  [0.49314789 0.49294903 0.01390308]
w_star:  [0.49314362 0.49294478 0.0139116 ]
w_star:  [0.49315546 0.49295783 0.01388672]
w_star:  [0.49317392 0.49298469 0.01384139]
w_star:  [0.49315278 0.49296253 0.01388468]
w_star:  [0.49315674 0.49295897 0.01388429]
w_star:  [0.49318504 0.4929887  0.01382627]
w_star:  [0.49318963 0.49299611 0.01381426]
w_star:  [0.49318888 0.4929923  0.01381881]
w_star:  [0.49319947 0.49300374 0.01379679]
w_star:  [0.49318104 0.49299216 0.01382681]
w_star:  [0.49316485 0.49296743 0.01386771]
w_star:  [0.49316003 0.49297009 0.01386987]
w_star:  [0.49316909 0.49297774 0.01385317]
w_star:  [0.49315665 0.49295839 0.01388495]
w_star:  [0.49314458 0.4929458  0.01390961]
w_star:  [0.49314732 0.49294862 0.01390406]
w_star:  [0.49317328 0.49298679 0.01383992]
w_star:  [0.4931797  0.49299145 0.01382885]
w_star:  [0.4931654  0.49296832 0.01386628]
w_star:  [0.49317484 0.49297773 0.01384743]
w_star:  [0.49317224 0.49297497 0.01385279]
w_star:  [0.49316126 0.49297124 0.0138675 ]
w_star:  [0.49315878 0.49296064 0.01388058]
w_star:  [0.49316112 0.49297131 0.01386758]
w_star:  [0.49317443 0.49297744 0.01384814]
w_star:  [0.49316937 0.49297248 0.01385815]
w_star:  [0.49318415 0.49299641 0.01381944]
w_star:  [0.49321359 0.49302142 0.01376499]
w_star:  [0.49321743 0.49302544 0.01375712]
w_star:  [0.49322246 0.49303082 0.01374671]
w_star:  [0.49323599 0.49305378 0.01371022]
w_star:  [0.49322767 0.49304685 0.01372548]
w_star:  [0.49322319 0.49304247 0.01373433]
w_star:  [0.49320938 0.49301434 0.01377628]
w_star:  [0.49321694 0.49302498 0.01375808]
w_star:  [0.49319692 0.49300935 0.01379373]
w_star:  [0.49319503 0.49300773 0.01379725]
w_star:  [0.49319208 0.49299586 0.01381206]
w_star:  [0.49318759 0.49299112 0.01382129]
w_star:  [0.49317823 0.49298405 0.01383771]
w_star:  [0.49317409 0.49297652 0.01384939]
w_star:  [0.49315044 0.49295204 0.01389752]
w_star:  [0.49318914 0.49300063 0.01381024]
w_star:  [0.4931897  0.49299368 0.01381662]
w_star:  [0.49317948 0.49298537 0.01383515]
w_star:  [0.49315879 0.49296028 0.01388093]
w_star:  [0.49314911 0.4929512  0.01389969]
w_star:  [0.49315036 0.49295263 0.01389701]
w_star:  [0.49314996 0.49295395 0.01389609]
w_star:  [0.49314947 0.49295359 0.01389694]
w_star:  [0.49314948 0.49295164 0.01389888]
w_star:  [0.49315088 0.49296427 0.01388485]
w_star:  [0.49314959 0.49295188 0.01389854]
w_star:  [0.49314666 0.49294855 0.0139048 ]
w_star:  [0.49314221 0.49294372 0.01391407]
w_star:  [0.49316285 0.49296497 0.01387218]
w_star:  [0.49316467 0.49296687 0.01386846]
w_star:  [0.4931468  0.49295061 0.0139026 ]
w_star:  [0.49315657 0.4929582  0.01388522]
w_star:  [0.49314897 0.49295307 0.01389796]
w_star:  [0.49317745 0.49298106 0.01384149]
w_star:  [0.49316335 0.49296544 0.01387121]
w_star:  [0.49318122 0.49298443 0.01383436]
w_star:  [0.49317683 0.49298022 0.01384295]
w_star:  [0.493163   0.49296506 0.01387194]
w_star:  [0.49317331 0.4929839  0.0138428 ]
w_star:  [0.49317349 0.49297662 0.01384989]
w_star:  [0.49317405 0.492985   0.01384095]
w_star:  [0.49318097 0.4929902  0.01382883]
w_star:  [0.4931862  0.49299833 0.01381547]
w_star:  [0.4931862  0.49299814 0.01381567]
w_star:  [0.49318284 0.49299468 0.01382247]
w_star:  [0.4931753  0.49298431 0.01384039]
w_star:  [0.49318249 0.49299423 0.01382329]
w_star:  [0.49318814 0.49299975 0.01381212]
w_star:  [0.49321249 0.49301717 0.01377034]
w_star:  [0.49320071 0.49300785 0.01379144]
w_star:  [0.49319821 0.49300205 0.01379974]
w_star:  [0.49320186 0.49300904 0.0137891 ]
w_star:  [0.49319921 0.49300316 0.01379763]
w_star:  [0.49317796 0.49298986 0.01383218]
w_star:  [0.49317135 0.49297422 0.01385444]
w_star:  [0.49314584 0.4929471  0.01390706]
w_star:  [0.49315886 0.49296052 0.01388062]
w_star:  [0.49313648 0.49293693 0.01392658]
w_star:  [0.49312793 0.49292898 0.01394309]
w_star:  [0.4931706  0.49297345 0.01385595]
w_star:  [0.49316293 0.49297317 0.0138639 ]
w_star:  [0.49317926 0.49299055 0.01383019]
w_star:  [0.49317852 0.4929897  0.01383178]
w_star:  [0.4931751  0.49298616 0.01383874]
w_star:  [0.49317379 0.49298499 0.01384123]
w_star:  [0.49317466 0.49298563 0.01383971]
w_star:  [0.49315454 0.49296417 0.01388129]
w_star:  [0.49315715 0.49296005 0.0138828 ]
w_star:  [0.49315819 0.49296065 0.01388116]
w_star:  [0.4931397  0.49294047 0.01391984]
w_star:  [0.493147   0.49294813 0.01390487]
w_star:  [0.49313675 0.49293738 0.01392587]
w_star:  [0.49314757 0.49295691 0.01389551]
w_star:  [0.49314069 0.49294168 0.01391763]
w_star:  [0.49312176 0.49292158 0.01395666]
w_star:  [0.4931191  0.49292452 0.01395639]
w_star:  [0.493141   0.49294182 0.01391718]
w_star:  [0.49315041 0.49296024 0.01388935]
w_star:  [0.49316196 0.49297294 0.0138651 ]
w_star:  [0.49316647 0.49297757 0.01385596]
w_star:  [0.49315801 0.49296033 0.01388166]
w_star:  [0.49314316 0.49295254 0.0139043 ]
w_star:  [0.49314914 0.49295883 0.01389203]
w_star:  [0.49317053 0.4929812  0.01384827]
w_star:  [0.49318055 0.4929836  0.01383585]
w_star:  [0.49318518 0.49299141 0.01382341]
w_star:  [0.49318487 0.49299107 0.01382406]
w_star:  [0.49319124 0.49299782 0.01381094]
w_star:  [0.49320876 0.49302611 0.01376513]
w_star:  [0.49320785 0.49302589 0.01376627]
w_star:  [0.49320935 0.49302709 0.01376356]
w_star:  [0.49320098 0.49300811 0.01379092]
w_star:  [0.49318392 0.49298773 0.01382836]
w_star:  [0.49320195 0.49301975 0.0137783 ]
w_star:  [0.49320049 0.49300813 0.01379138]
w_star:  [0.49320173 0.4930196  0.01377868]
w_star:  [0.49319562 0.4930024  0.01380198]
w_star:  [0.49318942 0.49299588 0.0138147 ]
w_star:  [0.49316948 0.49298099 0.01384953]
w_star:  [0.49320486 0.4930125  0.01378264]
w_star:  [0.49320641 0.4930245  0.01376909]
w_star:  [0.49322351 0.49303841 0.01373808]
w_star:  [0.49322319 0.49303798 0.01373883]
w_star:  [0.49321449 0.49303152 0.013754  ]
w_star:  [0.49322637 0.49304043 0.0137332 ]
w_star:  [0.49326002 0.49307044 0.01366953]
w_star:  [0.49326972 0.4930805  0.01364978]
w_star:  [0.49326529 0.49307571 0.013659  ]
w_star:  [0.4932847  0.49311046 0.01360483]
w_star:  [0.493295   0.49310826 0.01359674]
w_star:  [0.49329996 0.49311413 0.01358591]
w_star:  [0.493276   0.49308747 0.01363653]
w_star:  [0.49328894 0.49310167 0.01360939]
w_star:  [0.49327607 0.49309119 0.01363274]
w_star:  [0.49328859 0.49311323 0.01359819]
w_star:  [0.49329874 0.49311264 0.01358862]
w_star:  [0.49331913 0.49314171 0.01353916]
w_star:  [0.49331328 0.49312832 0.0135584 ]
w_star:  [0.49331145 0.49311903 0.01356952]
w_star:  [0.49330737 0.49311462 0.013578  ]
w_star:  [0.49331044 0.49312435 0.01356521]
w_star:  [0.49329519 0.49310861 0.01359619]
w_star:  [0.49330552 0.49311895 0.01357553]
w_star:  [0.49330454 0.49311197 0.01358349]
w_star:  [0.49333144 0.49311808 0.01355048]
w_star:  [0.49331954 0.49314086 0.0135396 ]
w_star:  [0.49332167 0.49314294 0.01353539]
w_star:  [0.49330913 0.49312287 0.013568  ]
w_star:  [0.49332527 0.49314706 0.01352766]
w_star:  [0.49334926 0.4931646  0.01348614]
w_star:  [0.4933406  0.49315551 0.01350389]
w_star:  [0.49332601 0.49314855 0.01352544]
w_star:  [0.49333704 0.49315176 0.0135112 ]
w_star:  [0.49333035 0.49314468 0.01352497]
w_star:  [0.4933385  0.49315331 0.01350818]
w_star:  [0.4933291  0.49314339 0.01352751]
w_star:  [0.49333288 0.49314735 0.01351977]
w_star:  [0.49329365 0.4931271  0.01357925]
w_star:  [0.49329447 0.49310741 0.01359812]
w_star:  [0.49329928 0.49312124 0.01357947]
w_star:  [0.49328884 0.4931014  0.01360976]
w_star:  [0.49325955 0.49308383 0.01365662]
w_star:  [0.49326065 0.49307378 0.01366557]
w_star:  [0.49325783 0.49307142 0.01367075]
w_star:  [0.49326525 0.49308915 0.01364561]
w_star:  [0.49325473 0.49306845 0.01367683]
w_star:  [0.49324032 0.49304951 0.01371017]
w_star:  [0.49321653 0.49302928 0.01375419]
w_star:  [0.49320991 0.4930232  0.01376689]
w_star:  [0.49319526 0.49301097 0.01379377]
w_star:  [0.4931791  0.49300074 0.01382016]
w_star:  [0.49318415 0.49298745 0.01382839]
w_star:  [0.49318269 0.49298575 0.01383156]
w_star:  [0.49318046 0.4929864  0.01383313]
w_star:  [0.49317576 0.49298144 0.0138428 ]
w_star:  [0.49318612 0.49298945 0.01382442]
w_star:  [0.49319828 0.4930147  0.01378702]
w_star:  [0.49320844 0.49302243 0.01376913]
w_star:  [0.49321693 0.49303043 0.01375264]
w_star:  [0.49324431 0.49305391 0.01370178]
w_star:  [0.49326457 0.49306726 0.01366817]
w_star:  [0.49325196 0.49306169 0.01368635]
w_star:  [0.49324685 0.49305642 0.01369674]
w_star:  [0.49326092 0.49306475 0.01367433]
w_star:  