This job can be monitored from: https://scruffy.c3se.chalmers.se/d/alvis-job/alvis-job?var-jobid=1236574&from=1692012355000
rho= 0.0 batch_size= 32 means= [0.7, 0.4, 0.1]
w_star:  [1. 0. 0.]
w_star:  [0. 1. 0.]
w_star:  [1. 0. 0.]
w_star:  [0.46514075 0.45888572 0.07597353]
w_star:  [0.48187925 0.48040104 0.03771971]
w_star:  [0.49273611 0.49252985 0.01473404]
w_star:  [0.49508309 0.49498302 0.00993388]
w_star:  [0.49262566 0.49239768 0.01497665]
w_star:  [0.49453661 0.4943872  0.01107619]
w_star:  [0.49172791 0.49144147 0.01683062]
w_star:  [0.49424872 0.49411125 0.01164002]
w_star:  [0.49463292 0.49451387 0.01085321]
w_star:  [0.49363459 0.49346598 0.01289943]
w_star:  [0.49396169 0.49381017 0.01222815]
w_star:  [0.49320512 0.49301232 0.01378257]
w_star:  [0.49356671 0.49339451 0.01303878]
w_star:  [0.49494549 0.49483307 0.01022144]
w_star:  [0.49461634 0.49449632 0.01088733]
w_star:  [0.49372552 0.49356182 0.01271266]
w_star:  [0.49349392 0.49331696 0.01318912]
w_star:  [0.49449246 0.49436301 0.01114453]
w_star:  [0.49452952 0.49440262 0.01106787]
w_star:  [0.4945662  0.49444387 0.01098993]
w_star:  [0.49471007 0.49459344 0.01069649]
w_star:  [0.49496845 0.49485063 0.01018091]
w_star:  [0.4950021  0.49489575 0.01010214]
w_star:  [0.49573011 0.49495235 0.00931754]
w_star:  [0.4955668  0.49548587 0.00894734]
w_star:  [0.49589679 0.49582774 0.00827547]
w_star:  [0.49616137 0.49608717 0.00775146]
w_star:  [0.49642822 0.49636155 0.00721023]
w_star:  [0.4969906  0.49697091 0.00603849]
w_star:  [0.49681691 0.49676763 0.00641546]
w_star:  [0.49665569 0.4966004  0.00674391]
w_star:  [0.49678441 0.49674473 0.00647086]
w_star:  [0.49680516 0.4967616  0.00643323]
w_star:  [0.49698212 0.49692924 0.00608864]
w_star:  [0.49671811 0.49667346 0.00660843]
w_star:  [0.49690825 0.49685728 0.00623447]
w_star:  [0.49674336 0.49669979 0.00655686]
w_star:  [0.49668616 0.49662767 0.00668617]
w_star:  [0.49651876 0.49645697 0.00702427]
w_star:  [0.49621864 0.49615375 0.00762761]
w_star:  [0.49604609 0.49597369 0.00798022]
w_star:  [0.49621466 0.49614981 0.00763552]
w_star:  [0.49568589 0.49559446 0.00871965]
w_star:  [0.49600057 0.49595786 0.00804157]
w_star:  [0.4958292  0.49575334 0.00841746]
w_star:  [0.49509882 0.49499969 0.0099015 ]
w_star:  [0.49522417 0.49514824 0.00962758]
w_star:  [0.49549322 0.49540773 0.00909905]
w_star:  [0.49553288 0.49545111 0.00901602]
w_star:  [0.49579884 0.49572571 0.00847545]
w_star:  [0.49576682 0.49569271 0.00854047]
w_star:  [0.49531928 0.49523066 0.00945006]
w_star:  [0.49511059 0.49501362 0.00987579]
w_star:  [0.4948132  0.4947035  0.01048329]
w_star:  [0.49478439 0.49465721 0.0105584 ]
w_star:  [0.49504948 0.49495039 0.01000014]
w_star:  [0.49480283 0.49468826 0.01050891]
w_star:  [0.49480568 0.49471293 0.01048138]
w_star:  [0.49507738 0.49496035 0.00996227]
w_star:  [0.49520207 0.49511777 0.00968016]
w_star:  [0.49471903 0.49460457 0.0106764 ]
w_star:  [0.49489014 0.49478662 0.01032324]
w_star:  [0.49489974 0.49479225 0.01030801]
w_star:  [0.49527652 0.4951843  0.00953919]
w_star:  [0.49487825 0.49477026 0.01035148]
w_star:  [0.49513226 0.49503426 0.00983348]
w_star:  [0.49527949 0.49527024 0.00945027]
w_star:  [0.49491016 0.49481023 0.01027962]
w_star:  [0.49487992 0.4947715  0.01034858]
w_star:  [0.49491926 0.49480507 0.01027567]
w_star:  [0.49436962 0.49424296 0.01138742]
w_star:  [0.49435019 0.49421936 0.01143044]
w_star:  [0.49461026 0.49448954 0.0109002 ]
w_star:  [0.4948383  0.49474131 0.01042039]
w_star:  [0.49478414 0.49467804 0.01053782]
w_star:  [0.49477163 0.49466191 0.01056647]
w_star:  [0.49439167 0.49426151 0.01134682]
w_star:  [0.49416997 0.49402962 0.01180041]
w_star:  [0.49422761 0.49408365 0.01168874]
w_star:  [0.49424989 0.49410968 0.01164043]
w_star:  [0.49399208 0.49384373 0.01216419]
w_star:  [0.49388471 0.49372979 0.0123855 ]
w_star:  [0.49399969 0.4938558  0.01214451]
w_star:  [0.49409618 0.49395028 0.01195354]
w_star:  [0.49422096 0.49408803 0.01169101]
w_star:  [0.49455289 0.49443016 0.01101695]
w_star:  [0.49437692 0.49422396 0.01139912]
w_star:  [0.49396146 0.49381282 0.01222572]
w_star:  [0.49405961 0.49391066 0.01202973]
w_star:  [0.49403968 0.49389092 0.0120694 ]
w_star:  [0.49390333 0.49375961 0.01233706]
w_star:  [0.49385015 0.49369456 0.01245529]
w_star:  [0.49377378 0.49361265 0.01261357]
w_star:  [0.49387774 0.49372574 0.01239652]
w_star:  [0.49360602 0.49343638 0.0129576 ]
w_star:  [0.49372252 0.49357049 0.01270699]
w_star:  [0.49385666 0.49369991 0.01244343]
w_star:  [0.49405432 0.49390445 0.01204122]
w_star:  [0.4941853  0.49407266 0.01174204]
w_star:  [0.49413379 0.49399658 0.01186963]
w_star:  [0.49413467 0.49397102 0.01189431]
w_star:  [0.49424334 0.49413851 0.01161815]
w_star:  [0.49419727 0.49406238 0.01174035]
w_star:  [0.49440368 0.49426191 0.01133441]
w_star:  [0.49434671 0.49421427 0.01143901]
w_star:  [0.49432776 0.49420197 0.01147027]
w_star:  [0.49448338 0.49436199 0.01115463]
w_star:  [0.49459653 0.49448099 0.01092248]
w_star:  [0.49469629 0.49458098 0.01072274]
w_star:  [0.49464602 0.49452861 0.01082537]
w_star:  [0.49466381 0.49454509 0.01079111]
w_star:  [0.49467962 0.49456687 0.01075351]
w_star:  [0.49448814 0.49436083 0.01115103]
w_star:  [0.49453058 0.4944072  0.01106222]
w_star:  [0.49463674 0.49450145 0.01086181]
w_star:  [0.49468727 0.4945639  0.01074883]
w_star:  [0.49494695 0.49483539 0.01021766]
w_star:  [0.49496149 0.49488765 0.01015086]
w_star:  [0.49501938 0.49491591 0.01006471]
w_star:  [0.49478505 0.49467388 0.01054107]
w_star:  [0.49468615 0.49456491 0.01074894]
w_star:  [0.49457599 0.49445441 0.01096959]
w_star:  [0.49469495 0.49458095 0.0107241 ]
w_star:  [0.49483478 0.49472471 0.0104405 ]
w_star:  [0.49466853 0.49453066 0.01080081]
w_star:  [0.4946954  0.49456523 0.01073936]
w_star:  [0.494618   0.49448867 0.01089333]
w_star:  [0.49467099 0.49457885 0.01075016]
w_star:  [0.49470834 0.49459055 0.01070111]
w_star:  [0.49477959 0.49466105 0.01055936]
w_star:  [0.49466497 0.49455766 0.01077737]
w_star:  [0.49477555 0.49466276 0.01056169]
w_star:  [0.49466349 0.49454708 0.01078943]
w_star:  [0.49484978 0.49474431 0.01040591]
w_star:  [0.49460636 0.49448534 0.0109083 ]
w_star:  [0.49467951 0.4945588  0.01076169]
w_star:  [0.49455135 0.49442851 0.01102014]
w_star:  [0.49471345 0.49458412 0.01070243]
w_star:  [0.49460279 0.49447319 0.01092402]
w_star:  [0.49449704 0.49434983 0.01115313]
w_star:  [0.49438032 0.49424178 0.0113779 ]
w_star:  [0.49431177 0.49417541 0.01151282]
w_star:  [0.49437198 0.4941906  0.01143742]
w_star:  [0.49441418 0.49427964 0.01130618]
w_star:  [0.49453323 0.49438865 0.01107812]
w_star:  [0.49453122 0.49438699 0.01108179]
w_star:  [0.49439297 0.49425481 0.01135222]
w_star:  [0.49433822 0.49420738 0.0114544 ]
w_star:  [0.49440377 0.49427454 0.01132169]
w_star:  [0.4945765  0.49445403 0.01096947]
w_star:  [0.49455789 0.49443524 0.01100687]
w_star:  [0.49449266 0.49435645 0.01115089]
w_star:  [0.49434378 0.49420433 0.01145189]
w_star:  [0.49434043 0.4942034  0.01145617]
w_star:  [0.49437064 0.49424431 0.01138505]
w_star:  [0.49442392 0.49428324 0.01129284]
w_star:  [0.49436057 0.4942167  0.01142274]
w_star:  [0.49429956 0.49416041 0.01154004]
w_star:  [0.4942873  0.49415236 0.01156034]
w_star:  [0.49424681 0.49410923 0.01164396]
w_star:  [0.49430236 0.4941676  0.01153004]
w_star:  [0.49427201 0.49413005 0.01159794]
w_star:  [0.49425308 0.49411412 0.0116328 ]
w_star:  [0.49430955 0.49418417 0.01150628]
w_star:  [0.49427164 0.49413369 0.01159467]
w_star:  [0.49429515 0.49416057 0.01154428]
w_star:  [0.49419611 0.49404227 0.01176162]
w_star:  [0.49413345 0.4939901  0.01187645]
w_star:  [0.49422217 0.49408723 0.0116906 ]
w_star:  [0.49432888 0.49419586 0.01147526]
w_star:  [0.494321   0.49418779 0.01149121]
w_star:  [0.49434188 0.49421393 0.01144419]
w_star:  [0.49439879 0.49426262 0.01133859]
w_star:  [0.49445509 0.49432614 0.01121877]
w_star:  [0.49450506 0.49436429 0.01113066]
w_star:  [0.49455092 0.49442957 0.0110195 ]
w_star:  [0.49458196 0.49446025 0.01095779]
w_star:  [0.4943815  0.49423653 0.01138197]
w_star:  [0.49436293 0.49422515 0.01141193]
w_star:  [0.4943588  0.49422011 0.01142108]
w_star:  [0.49436971 0.49423765 0.01139264]
w_star:  [0.49434317 0.49423643 0.0114204 ]
w_star:  [0.4943846  0.49425402 0.01136137]
w_star:  [0.49429786 0.49416342 0.01153872]
w_star:  [0.49431004 0.49417031 0.01151964]
w_star:  [0.49426771 0.49411855 0.01161374]
w_star:  [0.49419821 0.49405873 0.01174306]
w_star:  [0.49424878 0.494123   0.01162822]
w_star:  [0.49422438 0.49409792 0.0116777 ]
w_star:  [0.4942314  0.49410509 0.01166352]
w_star:  [0.49415849 0.49402321 0.0118183 ]
w_star:  [0.49415056 0.49401498 0.01183446]
w_star:  [0.49422599 0.49408765 0.01168636]
w_star:  [0.49418433 0.49404564 0.01177002]
w_star:  [0.49421771 0.49407984 0.01170246]
w_star:  [0.49419991 0.49406998 0.01173011]
w_star:  [0.49415525 0.49402098 0.01182377]
w_star:  [0.49408758 0.49394253 0.01196989]
w_star:  [0.49410951 0.49396585 0.01192464]
w_star:  [0.49419945 0.49406833 0.01173222]
w_star:  [0.49416351 0.49402223 0.01181426]
w_star:  [0.49408083 0.49393542 0.01198375]
w_star:  [0.49407496 0.49394221 0.01198283]
w_star:  [0.49397489 0.49382423 0.01220088]
w_star:  [0.49402516 0.49387882 0.01209602]
w_star:  [0.4940391  0.49389085 0.01207005]
w_star:  [0.49393331 0.49378149 0.0122852 ]
w_star:  [0.49385291 0.49369566 0.01245143]
w_star:  [0.49390139 0.4937414  0.01235721]
w_star:  [0.49400736 0.49384038 0.01215225]
w_star:  [0.49403456 0.49389427 0.01207118]
w_star:  [0.49397889 0.49382875 0.01219236]
w_star:  [0.49391839 0.49376486 0.01231675]
w_star:  [0.49395957 0.49380828 0.01223215]
w_star:  [0.49395978 0.49381283 0.01222739]
w_star:  [0.4938877  0.49373252 0.01237978]
w_star:  [0.49383659 0.49368204 0.01248137]
w_star:  [0.49389848 0.49374396 0.01235755]
w_star:  [0.49378063 0.49362    0.01259937]
w_star:  [0.49377511 0.49361401 0.01261088]
w_star:  [0.49386873 0.49371355 0.01241772]
w_star:  [0.49382623 0.49366151 0.01251226]
w_star:  [0.49374834 0.49358606 0.0126656 ]
w_star:  [0.49365913 0.49349189 0.01284898]
w_star:  [0.49355273 0.4933797  0.01306757]
w_star:  [0.49362551 0.49345949 0.012915  ]
w_star:  [0.49361849 0.49345193 0.01292958]
w_star:  [0.49364574 0.49347777 0.01287649]
w_star:  [0.49361096 0.49344453 0.01294451]
w_star:  [0.49359859 0.49343117 0.01297024]
w_star:  [0.49358261 0.49341114 0.01300625]
w_star:  [0.49363178 0.49346305 0.01290518]
w_star:  [0.49365696 0.4934896  0.01285344]
w_star:  [0.49373685 0.49357395 0.0126892 ]
w_star:  [0.49373179 0.49356887 0.01269934]
w_star:  [0.49365727 0.49348992 0.01285281]
w_star:  [0.49363246 0.49346376 0.01290378]
w_star:  [0.49366239 0.49349531 0.0128423 ]
w_star:  [0.49364725 0.49347937 0.01287338]
w_star:  [0.4937578  0.49360727 0.01263493]
w_star:  [0.49375227 0.49359    0.01265773]
w_star:  [0.49384713 0.49369186 0.01246101]
w_star:  [0.49384407 0.49368661 0.01246932]
w_star:  [0.49385513 0.49369891 0.01244596]
w_star:  [0.49383254 0.49367274 0.01249472]
w_star:  [0.49371863 0.49355678 0.01272458]
w_star:  [0.49378602 0.4936247  0.01258927]
w_star:  [0.49383343 0.49367669 0.01248988]
w_star:  [0.49379354 0.49363325 0.01257321]
w_star:  [0.49381973 0.49366102 0.01251926]
w_star:  [0.49386887 0.49371124 0.01241989]
w_star:  [0.49388022 0.49372441 0.01239537]
w_star:  [0.49384801 0.49369405 0.01245795]
w_star:  [0.4938546  0.49369525 0.01245015]
w_star:  [0.49381827 0.49366058 0.01252115]
w_star:  [0.49378048 0.49361965 0.01259986]
w_star:  [0.49379302 0.49364566 0.01256131]
w_star:  [0.49375281 0.49359063 0.01265656]
w_star:  [0.4937889  0.49361883 0.01259227]
w_star:  [0.49375579 0.49359375 0.01265046]
w_star:  [0.49385076 0.49371328 0.01243596]
w_star:  [0.49387571 0.49373079 0.01239351]
w_star:  [0.49397059 0.49382121 0.0122082 ]
w_star:  [0.49395297 0.49380138 0.01224566]
w_star:  [0.49389307 0.49375    0.01235692]
w_star:  [0.49389699 0.49373629 0.01236672]
w_star:  [0.49394304 0.49379055 0.0122664 ]
w_star:  [0.494077   0.49393161 0.01199139]
w_star:  [0.49402832 0.4938625  0.01210917]
w_star:  [0.49406786 0.49389869 0.01203345]
w_star:  [0.49399821 0.4938607  0.01214109]
w_star:  [0.49401247 0.49386396 0.01212358]
w_star:  [0.49403024 0.49388437 0.01208539]
w_star:  [0.49405432 0.49390725 0.01203843]
w_star:  [0.49401732 0.49386772 0.01211496]
w_star:  [0.49401375 0.49385084 0.01213541]
w_star:  [0.49402869 0.49385938 0.01211193]
w_star:  [0.49403601 0.49388993 0.01207406]
w_star:  [0.49407028 0.49392469 0.01200504]
w_star:  [0.49414067 0.49399851 0.01186082]
w_star:  [0.49420033 0.49405613 0.01174355]
w_star:  [0.49424253 0.49411666 0.01164081]
w_star:  [0.49428192 0.49413779 0.01158029]
w_star:  [0.49425877 0.49410974 0.01163149]
w_star:  [0.49423877 0.49410231 0.01165892]
w_star:  [0.49428237 0.49414722 0.01157041]
w_star:  [0.49424989 0.49411283 0.01163729]
w_star:  [0.4942443 0.494107  0.0116487]
w_star:  [0.49424365 0.49411327 0.01164308]
w_star:  [0.49423754 0.49409971 0.01166274]
w_star:  [0.4942641  0.49412709 0.01160881]
w_star:  [0.49424218 0.49409157 0.01166625]
w_star:  [0.49421872 0.49407254 0.01170874]
w_star:  [0.4942218  0.49408307 0.01169513]
w_star:  [0.49419448 0.49405578 0.01174974]
w_star:  [0.49417849 0.4940436  0.01177791]
w_star:  [0.49419895 0.49405993 0.01174112]
w_star:  [0.49424932 0.49411241 0.01163827]
w_star:  [0.49430108 0.4941643  0.01153462]
w_star:  [0.4942757  0.49413978 0.01158452]
w_star:  [0.49424929 0.49410073 0.01164998]
w_star:  [0.49423186 0.49408528 0.01168286]
w_star:  [0.49420191 0.49406155 0.01173654]
w_star:  [0.49419157 0.49405667 0.01175176]
w_star:  [0.49413674 0.49399513 0.01186813]
w_star:  [0.49419725 0.49405652 0.01174623]
w_star:  [0.49421387 0.49407087 0.01171526]
w_star:  [0.49422749 0.49408914 0.01168337]
w_star:  [0.49427298 0.49412878 0.01159824]
w_star:  [0.49420157 0.49406122 0.01173721]
w_star:  [0.49422103 0.4940796  0.01169937]
w_star:  [0.49418674 0.49404664 0.01176662]
w_star:  [0.49411098 0.49396714 0.01192188]
w_star:  [0.49410372 0.49395948 0.0119368 ]
w_star:  [0.49410057 0.49395608 0.01194335]
w_star:  [0.49414364 0.49399195 0.01186441]
w_star:  [0.49407568 0.49393478 0.01198954]
w_star:  [0.49407822 0.49392921 0.01199257]
w_star:  [0.49408607 0.49393927 0.01197466]
w_star:  [0.49401821 0.49386974 0.01211205]
w_star:  [0.49395122 0.49379983 0.01224895]
w_star:  [0.49389253 0.49373756 0.01236991]
w_star:  [0.4939118  0.49371552 0.01237267]
w_star:  [0.49392145 0.49376808 0.01231047]
w_star:  [0.49395941 0.49380802 0.01223257]
w_star:  [0.49398537 0.4938352  0.01217942]
w_star:  [0.49393647 0.49379516 0.01226838]
w_star:  [0.4938986  0.49378552 0.01231589]
w_star:  [0.49393441 0.4937927  0.01227289]
w_star:  [0.49400568 0.4938518  0.01214252]
w_star:  [0.49404046 0.49389774 0.0120618 ]
w_star:  [0.4940998  0.49395526 0.01194494]
w_star:  [0.49407313 0.49393931 0.01198756]
w_star:  [0.4941731  0.49404249 0.01178441]
w_star:  [0.4941692  0.49402825 0.01180255]
w_star:  [0.49421429 0.49407535 0.01171037]
w_star:  [0.4942275  0.49409949 0.01167302]
w_star:  [0.49421432 0.49408093 0.01170475]
w_star:  [0.49418143 0.49404921 0.01176936]
w_star:  [0.4941195  0.49397627 0.01190423]
w_star:  [0.49411345 0.49397267 0.01191388]
w_star:  [0.49405029 0.4939111  0.01203861]
w_star:  [0.4939942  0.49382598 0.01217982]
w_star:  [0.49399187 0.49384229 0.01216584]
w_star:  [0.49398001 0.4938241  0.01219588]
w_star:  [0.49392746 0.49377609 0.01229645]
w_star:  [0.49394214 0.49379351 0.01226435]
w_star:  [0.49400087 0.49385149 0.01214764]
w_star:  [0.49396937 0.49381843 0.0122122 ]
w_star:  [0.49397497 0.49382753 0.0121975 ]
w_star:  [0.49400093 0.49385164 0.01214744]
w_star:  [0.49402574 0.49388291 0.01209135]
w_star:  [0.49409299 0.49394802 0.01195899]
w_star:  [0.49402096 0.49387271 0.01210633]
w_star:  [0.49402116 0.49387301 0.01210583]
w_star:  [0.49400901 0.4938612  0.01212979]
w_star:  [0.49395191 0.49380007 0.01224801]
w_star:  [0.49398487 0.49385198 0.01216315]
w_star:  [0.49398723 0.49383052 0.01218225]
w_star:  [0.49398185 0.49383132 0.01218683]
w_star:  [0.49391436 0.49377256 0.01231307]
w_star:  [0.49385753 0.49378517 0.01235729]
w_star:  [0.49383212 0.49368387 0.01248401]
w_star:  [0.4937668 0.4936053 0.0126279]
w_star:  [0.49379201 0.49363274 0.01257525]
w_star:  [0.49378607 0.49362687 0.01258707]
w_star:  [0.49375807 0.49359611 0.01264582]
w_star:  [0.49379264 0.49363366 0.0125737 ]
w_star:  [0.49374896 0.49358652 0.01266452]
w_star:  [0.49375674 0.49359471 0.01264855]
w_star:  [0.49377177 0.49361265 0.01261558]
w_star:  [0.49380442 0.49364506 0.01255051]
w_star:  [0.49379062 0.49363116 0.01257822]
w_star:  [0.49375915 0.49359719 0.01264365]
w_star:  [0.49375304 0.49359075 0.0126562 ]
w_star:  [0.49375813 0.49359616 0.01264571]
w_star:  [0.49368953 0.49352571 0.01278475]
w_star:  [0.49363916 0.49348483 0.01287601]
w_star:  [0.49364958 0.49348896 0.01286145]
w_star:  [0.49362302 0.49345382 0.01292317]
w_star:  [0.4936464  0.49347847 0.01287513]
w_star:  [0.49364296 0.49347492 0.01288212]
w_star:  [0.49362205 0.49345261 0.01292533]
w_star:  [0.49371344 0.49355077 0.01273579]
w_star:  [0.4936663  0.49349951 0.01283418]
w_star:  [0.49368756 0.49352208 0.01279036]
w_star:  [0.49366834 0.4935016  0.01283006]
w_star:  [0.49368132 0.49351564 0.01280304]
w_star:  [0.49371613 0.493512   0.01277187]
w_star:  [0.49368204 0.49351577 0.01280219]
w_star:  [0.49367267 0.49350631 0.01282103]
w_star:  [0.49366769 0.49350132 0.01283099]
w_star:  [0.4937429  0.49358008 0.01267702]
w_star:  [0.49381118 0.49365237 0.01253645]
w_star:  [0.49381247 0.49365408 0.01253345]
w_star:  [0.49380409 0.4936458  0.01255011]
w_star:  [0.49374668 0.49358406 0.01266926]
w_star:  [0.49373322 0.49356993 0.01269685]
w_star:  [0.493758   0.49359603 0.01264596]
w_star:  [0.49372832 0.49356478 0.01270691]
w_star:  [0.49365372 0.49350068 0.0128456 ]
w_star:  [0.49369371 0.49352803 0.01277827]
w_star:  [0.49367504 0.49351503 0.01280993]
w_star:  [0.49370007 0.49353523 0.01276469]
w_star:  [0.49368831 0.4935235  0.01278819]
w_star:  [0.49367758 0.49351203 0.01281039]
w_star:  [0.49362442 0.49345529 0.01292029]
w_star:  [0.49368714 0.4935312  0.01278166]
w_star:  [0.49370258 0.49353584 0.01276159]
w_star:  [0.49370568 0.49352757 0.01276675]
w_star:  [0.49364926 0.4934952  0.01285554]
w_star:  [0.49370065 0.49353426 0.01276509]
w_star:  [0.49377642 0.49361519 0.01260839]
w_star:  [0.49380909 0.49365045 0.01254046]
w_star:  [0.49376948 0.49360809 0.01262243]
w_star:  [0.49374598 0.49358338 0.01267064]
w_star:  [0.49373756 0.4935745  0.01268794]
w_star:  [0.49371967 0.49355743 0.01272289]
w_star:  [0.49371009 0.49353207 0.01275784]
w_star:  [0.49370158 0.49354591 0.01275251]
w_star:  [0.4936933  0.49352827 0.01277843]
w_star:  [0.49372368 0.49356139 0.01271494]
w_star:  [0.49375462 0.49359246 0.01265292]
w_star:  [0.49373999 0.49357864 0.01268137]
w_star:  [0.49375337 0.49359114 0.01265549]
w_star:  [0.49378916 0.49362882 0.01258202]
w_star:  [0.49377799 0.49361708 0.01260493]
w_star:  [0.4938042  0.49364743 0.01254837]
w_star:  [0.493786  0.4936255 0.0125885]
w_star:  [0.4938257  0.49366788 0.01250642]
w_star:  [0.49378919 0.49362884 0.01258198]
w_star:  [0.49380366 0.49364664 0.0125497 ]
w_star:  [0.49382294 0.49366494 0.01251211]
w_star:  [0.49375768 0.49359569 0.01264662]
w_star:  [0.49377324 0.49361207 0.01261469]
w_star:  [0.49375925 0.49359734 0.01264341]
w_star:  [0.4937347  0.49356934 0.01269596]
w_star:  [0.49375598 0.4935939  0.01265012]
w_star:  [0.4937697  0.49360832 0.01262198]
w_star:  [0.49379487 0.49363463 0.0125705 ]
w_star:  [0.49381285 0.49365673 0.01253042]
w_star:  [0.49379113 0.49363071 0.01257816]
w_star:  [0.49372687 0.49356352 0.01270961]
w_star:  [0.49370995 0.49354548 0.01274457]
w_star:  [0.49374064 0.49357935 0.01268001]
w_star:  [0.49374716 0.49358635 0.01266649]
w_star:  [0.49370155 0.49353666 0.01276179]
w_star:  [0.49364239 0.49347413 0.01288347]
w_star:  [0.4937055  0.49354059 0.01275391]
w_star:  [0.49368162 0.49352663 0.01279175]
w_star:  [0.49373489 0.49357357 0.01269155]
w_star:  [0.49370955 0.49354488 0.01274557]
w_star:  [0.49373197 0.49357014 0.01269789]
w_star:  [0.49371708 0.49355318 0.01272974]
w_star:  [0.49367641 0.4934953  0.01282829]
w_star:  [0.49367425 0.49350819 0.01281757]
w_star:  [0.49366334 0.49349629 0.01284037]
w_star:  [0.49362218 0.49345633 0.01292149]
w_star:  [0.49363568 0.49346717 0.01289714]
w_star:  [0.4936522  0.49348458 0.01286323]
w_star:  [0.49368642 0.49353449 0.01277909]
w_star:  [0.49362325 0.49345697 0.01291979]
w_star:  [0.49361167 0.49344186 0.01294647]
w_star:  [0.49358404 0.49341273 0.01300323]
w_star:  [0.49360411 0.49343377 0.01296212]
w_star:  [0.49360553 0.49343532 0.01295915]
w_star:  [0.49360925 0.49343916 0.01295159]
w_star:  [0.49357824 0.49340649 0.01301527]
w_star:  [0.49357077 0.49339854 0.01303069]
w_star:  [0.4935733  0.49340117 0.01302553]
w_star:  [0.49355059 0.4933774  0.013072  ]
w_star:  [0.49352078 0.49335309 0.01312613]
w_star:  [0.49357579 0.49340381 0.01302041]
w_star:  [0.49357132 0.49339909 0.01302958]
w_star:  [0.4935843  0.49341295 0.01300275]
w_star:  [0.49359124 0.49342027 0.01298849]
w_star:  [0.49355875 0.49338585 0.01305539]
w_star:  [0.49356298 0.49339032 0.0130467 ]
w_star:  [0.49350721 0.49333766 0.01315513]
w_star:  [0.49344675 0.49326785 0.0132854 ]
w_star:  [0.49343863 0.49325847 0.0133029 ]
w_star:  [0.49340296 0.49322548 0.01337156]
w_star:  [0.49337859 0.4931959  0.01342551]
w_star:  [0.49336553 0.4931813  0.01345316]
w_star:  [0.49335549 0.49317101 0.0134735 ]
w_star:  [0.49333315 0.49313992 0.01352693]
w_star:  [0.49337997 0.49318665 0.01343338]
w_star:  [0.49335551 0.49317143 0.01347306]
w_star:  [0.49340438 0.49322308 0.01337254]
w_star:  [0.49340286 0.49322143 0.01337571]
w_star:  [0.49338829 0.49320839 0.01340332]
w_star:  [0.49343784 0.49325765 0.01330451]
w_star:  [0.4934603  0.49328211 0.01325759]
w_star:  [0.49344449 0.49326548 0.01329003]
w_star:  [0.49341598 0.49323908 0.01334494]
w_star:  [0.49342529 0.49324475 0.01332996]
w_star:  [0.49346611 0.49328825 0.01324564]
w_star:  [0.49349596 0.49335261 0.01315143]
w_star:  [0.49350618 0.49332882 0.013165  ]
w_star:  [0.4934943 0.4933328 0.0131729]
w_star:  [0.49347357 0.4932961  0.01323033]
w_star:  [0.49350635 0.49333194 0.0131617 ]
w_star:  [0.49351269 0.49333608 0.01315123]
w_star:  [0.49354054 0.49333263 0.01312683]
w_star:  [0.49354292 0.49337662 0.01308046]
w_star:  [0.49353037 0.49335612 0.01311352]
w_star:  [0.49355148 0.49337765 0.01307087]
w_star:  [0.49352287 0.49335066 0.01312647]
w_star:  [0.49353934 0.4933719  0.01308876]
w_star:  [0.49352946 0.49335516 0.01311538]
w_star:  [0.49353753 0.49332945 0.01313302]
w_star:  [0.49359065 0.49341958 0.01298978]
w_star:  [0.49363103 0.49346206 0.01290691]
w_star:  [0.49362138 0.49345194 0.01292668]
w_star:  [0.4936464  0.49348193 0.01287166]
w_star:  [0.49365371 0.49348598 0.01286031]
w_star:  [0.49366048 0.49349331 0.0128462 ]
w_star:  [0.49365261 0.49348419 0.0128632 ]
w_star:  [0.49365458 0.49348704 0.01285838]
w_star:  [0.49368532 0.49351948 0.0127952 ]
w_star:  [0.49368395 0.49351799 0.01279806]
w_star:  [0.49367194 0.49350535 0.01282272]
w_star:  [0.49367069 0.49350406 0.01282525]
w_star:  [0.49366837 0.4935016  0.01283003]
w_star:  [0.49367499 0.49350858 0.01281643]
w_star:  [0.49367274 0.49350621 0.01282105]
w_star:  [0.49367284 0.49350632 0.01282084]
w_star:  [0.49369066 0.49352508 0.01278426]
w_star:  [0.49365133 0.49348341 0.01286526]
w_star:  [0.49364305 0.49347828 0.01287867]
w_star:  [0.49361761 0.49344811 0.01293429]
w_star:  [0.49357993 0.49340839 0.01301168]
w_star:  [0.49363195 0.49346321 0.01290484]
w_star:  [0.49363704 0.49347286 0.01289009]
w_star:  [0.4936398  0.49347557 0.01288463]
w_star:  [0.49367194 0.49350517 0.01282289]
w_star:  [0.49364121 0.49347684 0.01288195]
w_star:  [0.4936407 0.4934763 0.012883 ]
w_star:  [0.49365285 0.49348504 0.01286211]
w_star:  [0.49363542 0.49347032 0.01289426]
w_star:  [0.49364259 0.49347771 0.01287969]
w_star:  [0.49361309 0.49344326 0.01294365]
w_star:  [0.4935922  0.49342114 0.01298666]
w_star:  [0.49358678 0.49341552 0.01299771]
w_star:  [0.49357454 0.49340271 0.01302275]
w_star:  [0.49354154 0.49336782 0.01309064]
w_star:  [0.49351043 0.49334141 0.01314816]
w_star:  [0.49351241 0.49334396 0.01314362]
w_star:  [0.49347506 0.49330213 0.01322281]
w_star:  [0.49347609 0.49329988 0.01322403]
w_star:  [0.49348051 0.49329885 0.01322064]
w_star:  [0.49344343 0.49326437 0.0132922 ]
w_star:  [0.49344766 0.49327134 0.01328101]
w_star:  [0.49341668 0.49323584 0.01334748]
w_star:  [0.49338782 0.49320564 0.01340653]
w_star:  [0.49340453 0.49322299 0.01337247]
w_star:  [0.4934151  0.49323446 0.01335044]
w_star:  [0.49340192 0.49322419 0.01337389]
w_star:  [0.49339322 0.49321118 0.01339559]
w_star:  [0.49337455 0.49319163 0.01343381]
w_star:  [0.49336138 0.49317691 0.0134617 ]
w_star:  [0.49339062 0.49320851 0.01340086]
w_star:  [0.49337228 0.49318984 0.01343788]
w_star:  [0.49336614 0.49318195 0.0134519 ]
w_star:  [0.49335381 0.49316923 0.01347696]
w_star:  [0.49336077 0.49317638 0.01346285]
w_star:  [0.49335244 0.49316827 0.01347929]
w_star:  [0.49334669 0.49316178 0.01349152]
w_star:  [0.49333789 0.49315026 0.01351185]
w_star:  [0.49338575 0.49320575 0.0134085 ]
w_star:  [0.49335839 0.49317396 0.01346766]
w_star:  [0.49336532 0.49318106 0.01345362]
w_star:  [0.4933728  0.49318988 0.01343733]
w_star:  [0.49339061 0.49320859 0.01340081]
w_star:  [0.49337006 0.49318747 0.01344246]
w_star:  [0.49336202 0.4931775  0.01346048]
w_star:  [0.49334024 0.49315537 0.01350439]
w_star:  [0.49330318 0.49311324 0.01358357]
w_star:  [0.49333107 0.49315188 0.01351706]
w_star:  [0.49331349 0.49312709 0.01355941]
w_star:  [0.49331189 0.49312541 0.01356271]
w_star:  [0.49332744 0.49314742 0.01352513]
w_star:  [0.49331301 0.49313513 0.01355186]
w_star:  [0.49334213 0.49315715 0.01350072]
w_star:  [0.49334097 0.49315612 0.01350291]
w_star:  [0.49334452 0.49315979 0.01349569]
w_star:  [0.49333895 0.49315126 0.01350978]
w_star:  [0.49330566 0.49311876 0.01357558]
w_star:  [0.49330491 0.49311782 0.01357726]
w_star:  [0.49332285 0.49314396 0.01353318]
w_star:  [0.49329074 0.49310288 0.01360638]
w_star:  [0.49326045 0.49307102 0.01366853]
w_star:  [0.49325232 0.49306237 0.01368531]
w_star:  [0.49327492 0.4930863  0.01363878]
w_star:  [0.49328928 0.4931015  0.01360922]
w_star:  [0.49326188 0.49307255 0.01366557]
w_star:  [0.49323496 0.49304406 0.01372098]
w_star:  [0.4932392  0.49304784 0.01371296]
w_star:  [0.49325534 0.49306558 0.01367908]
w_star:  [0.49327637 0.49308527 0.01363835]
w_star:  [0.49326265 0.49307333 0.01366402]
w_star:  [0.49325266 0.49306278 0.01368456]
w_star:  [0.4932523  0.49306238 0.01368532]
w_star:  [0.49324832 0.49305818 0.01369349]
w_star:  [0.49328818 0.49310035 0.01361148]
w_star:  [0.49330198 0.49311512 0.0135829 ]
w_star:  [0.49330281 0.49311578 0.0135814 ]
w_star:  [0.49332839 0.49314278 0.01352884]
w_star:  [0.49331172 0.49313245 0.01355583]
w_star:  [0.49333135 0.49314576 0.01352289]
w_star:  [0.49332379 0.4931351  0.01354112]
w_star:  [0.4933554  0.49316194 0.01348266]
w_star:  [0.49331634 0.49313585 0.01354782]
w_star:  [0.49335548 0.49317213 0.01347239]
w_star:  [0.49335365 0.49317328 0.01347307]
w_star:  [0.49336085 0.49318174 0.01345741]
w_star:  [0.4933117  0.49312269 0.01356561]
w_star:  [0.49328182 0.4930933  0.01362488]
w_star:  [0.49325866 0.49306868 0.01367266]
w_star:  [0.49324672 0.49305647 0.01369681]
w_star:  [0.4932994  0.49312096 0.01357963]
w_star:  [0.49327496 0.49308637 0.01363867]
w_star:  [0.4932694  0.49308095 0.01364965]
w_star:  [0.49325462 0.49306487 0.01368051]
w_star:  [0.49329517 0.49310767 0.01359717]
w_star:  [0.49326713 0.49307799 0.01365489]
w_star:  [0.49324862 0.49306502 0.01368636]
w_star:  [0.49326046 0.49307104 0.0136685 ]
w_star:  [0.49323935 0.49304599 0.01371466]
w_star:  [0.49322987 0.49303375 0.01373638]
w_star:  [0.49324524 0.49305478 0.01369998]
w_star:  [0.49324676 0.4930562  0.01369704]
w_star:  [0.49325154 0.49306155 0.01368691]
w_star:  [0.49326724 0.49307818 0.01365458]
w_star:  [0.49323534 0.49304444 0.01372022]
w_star:  [0.49323343 0.49303958 0.01372699]
w_star:  [0.49324239 0.49305173 0.01370589]
w_star:  [0.49320201 0.49301703 0.01378095]
w_star:  [0.49317712 0.49297981 0.01384306]
w_star:  [0.49339788 0.49275433 0.01384779]
w_star:  [0.49319278 0.49300812 0.01379909]
w_star:  [0.49317718 0.49299233 0.0138305 ]
w_star:  [0.49318141 0.49298471 0.01383388]
w_star:  [0.49322967 0.49303846 0.01373187]
w_star:  [0.4932669  0.49307772 0.01365538]
w_star:  [0.49329371 0.4931062  0.01360008]
w_star:  [0.49331734 0.4931286  0.01355406]
w_star:  [0.49332005 0.49313404 0.01354592]
w_star:  [0.49334134 0.49314585 0.01351281]
w_star:  [0.49333892 0.49315418 0.0135069 ]
w_star:  [0.49333772 0.49315311 0.01350917]
w_star:  [0.4933328  0.49314699 0.01352021]
w_star:  [0.49333641 0.49314131 0.01352228]
w_star:  [0.49333657 0.49315017 0.01351325]
w_star:  [0.49333598 0.49314919 0.01351483]
w_star:  [0.49334982 0.49316546 0.01348473]
w_star:  [0.49335879 0.49315075 0.01349046]
w_star:  [0.49336019 0.49318067 0.01345915]
w_star:  [0.49337264 0.49318959 0.01343778]
w_star:  [0.49339665 0.49327778 0.01332557]
w_star:  [0.49341066 0.49322898 0.01336036]
w_star:  [0.49337615 0.49319331 0.01343054]
w_star:  [0.49336123 0.49317755 0.01346122]
w_star:  [0.4933607  0.49317699 0.01346231]
w_star:  [0.49335617 0.49317216 0.01347166]
w_star:  [0.49337171 0.49318835 0.01343993]
w_star:  [0.49336631 0.4931827  0.01345099]
w_star:  [0.49339532 0.49321301 0.01339167]
w_star:  [0.49341801 0.49324021 0.01334178]
w_star:  [0.49340763 0.49322656 0.01336581]
w_star:  [0.49338474 0.49319952 0.01341574]
w_star:  [0.49334863 0.49316696 0.01348442]
w_star:  [0.49335817 0.49317428 0.01346755]
w_star:  [0.49335727 0.49317333 0.0134694 ]
w_star:  [0.49339426 0.4932123  0.01339344]
w_star:  [0.49339699 0.49321512 0.01338789]
w_star:  [0.4933805  0.49319822 0.01342129]
w_star:  [0.49338503 0.49320105 0.01341393]
w_star:  [0.49336107 0.49317738 0.01346155]
w_star:  [0.4934088  0.49322701 0.01336418]
w_star:  [0.4934052  0.49322314 0.01337166]
w_star:  [0.49340589 0.49322388 0.01337023]
w_star:  [0.49344546 0.4932665  0.01328804]
w_star:  [0.4934336  0.49328685 0.01327955]
w_star:  [0.49343222 0.49328581 0.01328197]
w_star:  [0.49344077 0.49326166 0.01329756]
w_star:  [0.49345017 0.49327148 0.01327836]
w_star:  [0.49340671 0.49323885 0.01335443]
w_star:  [0.49341655 0.49323598 0.01334747]
w_star:  [0.49339751 0.49321793 0.01338456]
w_star:  [0.49339988 0.49322109 0.01337903]
w_star:  [0.4934104  0.49322949 0.01336011]
w_star:  [0.49345526 0.49324266 0.01330207]
w_star:  [0.49342903 0.49324999 0.01332098]
w_star:  [0.49343017 0.49325083 0.013319  ]
w_star:  [0.49336969 0.49325037 0.01337994]
w_star:  [0.49342311 0.49324293 0.01333396]
w_star:  [0.49344026 0.49322649 0.01333326]
w_star:  [0.49343766 0.49325827 0.01330407]
w_star:  [0.49342409 0.49324662 0.01332929]
w_star:  [0.49336855 0.49324737 0.01338408]
w_star:  [0.49338087 0.49319764 0.01342149]
w_star:  [0.49334939 0.493165   0.01348561]
w_star:  [0.49335439 0.49317028 0.01347533]
w_star:  [0.49336633 0.49318282 0.01345085]
w_star:  [0.49334511 0.49316071 0.01349418]
w_star:  [0.49335783 0.49317394 0.01346823]
w_star:  [0.49333271 0.49314664 0.01352066]
w_star:  [0.4933232  0.49313736 0.01353944]
w_star:  [0.49334977 0.49316521 0.01348503]
w_star:  [0.4933664  0.49318255 0.01345106]
w_star:  [0.49334965 0.49316529 0.01348506]
w_star:  [0.49334756 0.49316171 0.01349073]
w_star:  [0.4933238  0.49313722 0.01353898]
w_star:  [0.49331389 0.49312587 0.01356024]
w_star:  [0.49329812 0.49311141 0.01359047]
w_star:  [0.493305   0.49312137 0.01357364]
w_star:  [0.49327312 0.49308431 0.01364257]
w_star:  [0.49329473 0.49311081 0.01359447]
w_star:  [0.49329308 0.49310646 0.01360046]
w_star:  [0.4933137  0.49311635 0.01356995]
w_star:  [0.49329206 0.49310452 0.01360342]
w_star:  [0.49329196 0.4930954  0.01361264]
w_star:  [0.49331884 0.49313784 0.01354332]
w_star:  [0.49334596 0.49316141 0.01349263]
w_star:  [0.49335598 0.49317194 0.01347208]
w_star:  [0.49336817 0.49318418 0.01344764]
w_star:  [0.49331416 0.49312692 0.01355893]
w_star:  [0.4933008  0.49311283 0.01358636]
w_star:  [0.49332526 0.49313881 0.01353593]
w_star:  [0.49332621 0.49314045 0.01353334]
w_star:  [0.49329759 0.49311354 0.01358887]
w_star:  [0.4932771  0.49308832 0.01363458]
w_star:  [0.49330896 0.49312138 0.01356967]
w_star:  [0.49330046 0.49311479 0.01358475]
w_star:  [0.49329513 0.49311104 0.01359384]
w_star:  [0.49329107 0.49310388 0.01360505]
w_star:  [0.49323903 0.49305688 0.01370408]
w_star:  [0.49325617 0.49306435 0.01367948]
w_star:  [0.49322928 0.49303537 0.01373535]
w_star:  [0.49321946 0.49302538 0.01375516]
w_star:  [0.49323986 0.49305783 0.0137023 ]
w_star:  [0.4932418  0.49305874 0.01369946]
w_star:  [0.4932501  0.49305845 0.01369145]
w_star:  [0.4932616  0.49307225 0.01366615]
w_star:  [0.49324312 0.49305987 0.01369701]
w_star:  [0.49324042 0.49305803 0.01370154]
w_star:  [0.49320123 0.4930059  0.01379287]
w_star:  [0.49319126 0.49299505 0.01381368]
w_star:  [0.4931981  0.49300248 0.01379942]
w_star:  [0.49322661 0.49303524 0.01373815]
w_star:  [0.49320786 0.49301289 0.01377925]
w_star:  [0.49322979 0.49303852 0.01373169]
w_star:  [0.49319994 0.4930044  0.01379566]
w_star:  [0.49322858 0.4930373  0.01373412]
w_star:  [0.49323755 0.49304378 0.01371867]
w_star:  [0.4932364  0.49304557 0.01371803]
w_star:  [0.49324993 0.49306747 0.01368259]
w_star:  [0.49328928 0.49309176 0.01361896]
w_star:  [0.49330377 0.49312559 0.01357064]
w_star:  [0.4932919  0.49309596 0.01361215]
w_star:  [0.49330102 0.49311397 0.01358501]
w_star:  [0.49332574 0.49314478 0.01352948]
w_star:  [0.4933174 0.4931304 0.0135522]
w_star:  [0.49329041 0.49310332 0.01360627]
w_star:  [0.49331129 0.49311915 0.01356956]
w_star:  [0.49333288 0.49314745 0.01351967]
w_star:  [0.49335401 0.49316913 0.01347686]
w_star:  [0.49337364 0.49318998 0.01343639]
w_star:  [0.49341586 0.49323508 0.01334906]
w_star:  [0.49342138 0.49323659 0.01334203]
w_star:  [0.49343515 0.49325499 0.01330987]
w_star:  [0.49340127 0.49322396 0.01337477]
w_star:  [0.49337879 0.49319805 0.01342316]
w_star:  [0.49337087 0.49318707 0.01344207]
w_star:  [0.4933353  0.49314995 0.01351475]
w_star:  [0.49330306 0.49311466 0.01358228]
w_star:  [0.49329336 0.49310676 0.01359988]
w_star:  [0.49329367 0.49310533 0.013601  ]
w_star:  [0.49330596 0.49312232 0.01357171]
w_star:  [0.49332002 0.49311333 0.01356665]
w_star:  [0.49333334 0.49314788 0.01351877]
w_star:  [0.4933437  0.49315882 0.01349748]
w_star:  [0.49334118 0.4931538  0.01350502]
w_star:  [0.49332249 0.49313661 0.0135409 ]
w_star:  [0.49331417 0.49313307 0.01355276]
w_star:  [0.49330902 0.49312173 0.01356925]
w_star:  [0.49329187 0.49310324 0.01360489]
w_star:  [0.49326863 0.49307924 0.01365213]
w_star:  [0.49328139 0.49308308 0.01363553]
w_star:  [0.49326926 0.49308    0.01365074]
w_star:  [0.49328372 0.49309629 0.01361999]
w_star:  [0.49325658 0.49310412 0.0136393 ]
w_star:  [0.4933025  0.49311471 0.01358279]
w_star:  [0.49328862 0.49310413 0.01360725]
w_star:  [0.4932988  0.49311072 0.01359048]
w_star:  [0.49329545 0.49310711 0.01359744]
w_star:  [0.49328834 0.49310389 0.01360777]
w_star:  [0.49328425 0.49309955 0.0136162 ]
w_star:  [0.49327424 0.49308626 0.0136395 ]
w_star:  [0.49328531 0.49310881 0.01360589]
w_star:  [0.49329494 0.49310197 0.01360309]
w_star:  [0.49328989 0.49310552 0.01360459]
w_star:  [0.49330494 0.49310724 0.01358782]
w_star:  [0.4932957  0.49311162 0.01359269]
w_star:  [0.49329165 0.49310259 0.01360576]
w_star:  [0.49331661 0.49312974 0.01355365]
w_star:  [0.49332728 0.4931416  0.01353112]
w_star:  [0.49331496 0.49312787 0.01355717]
w_star:  [0.49331849 0.49313163 0.01354988]
w_star:  [0.49332039 0.49313371 0.01354591]
w_star:  [0.49329529 0.49310672 0.01359799]
w_star:  [0.49330008 0.4931186  0.01358132]
w_star:  [0.49331588 0.49312885 0.01355526]
w_star:  [0.49330646 0.49311777 0.01357577]
w_star:  [0.49332633 0.49314062 0.01353305]
w_star:  [0.49332725 0.49314147 0.01353128]
w_star:  [0.49332228 0.49313637 0.01354135]
w_star:  [0.49332209 0.49313605 0.01354186]
w_star:  [0.49332886 0.49314036 0.01353078]
w_star:  [0.49330074 0.49310315 0.0135961 ]
w_star:  [0.49330023 0.49311221 0.01358756]
w_star:  [0.49328901 0.49310459 0.01360641]
w_star:  [0.49329539 0.49310798 0.01359663]
w_star:  [0.49330652 0.49311904 0.01357444]
w_star:  [0.49332719 0.49313918 0.01353363]
w_star:  [0.49331585 0.49312955 0.01355461]
w_star:  [0.49332287 0.49313582 0.01354131]
w_star:  [0.49331116 0.49312463 0.01356421]
w_star:  [0.49332443 0.49313867 0.0135369 ]
w_star:  [0.49332614 0.49314048 0.01353338]
w_star:  [0.49333273 0.49314664 0.01352063]
w_star:  [0.49331243 0.49312659 0.01356098]
w_star:  [0.49329848 0.49311049 0.01359103]
w_star:  [0.4932959  0.49310792 0.01359618]
w_star:  [0.49330123 0.49311974 0.01357903]
w_star:  [0.49329252 0.49310403 0.01360345]
w_star:  [0.49328235 0.49309319 0.01362446]
w_star:  [0.49326338 0.4930736  0.01366301]
w_star:  [0.49324619 0.49305361 0.01370019]
w_star:  [0.49322089 0.49302617 0.01375295]
w_star:  [0.49322698 0.49304451 0.01372851]
w_star:  [0.4932272 0.4930443 0.0137285]
w_star:  [0.49322927 0.49304649 0.01372424]
w_star:  [0.49323228 0.49305008 0.01371764]
w_star:  [0.49322451 0.49304365 0.01373184]
w_star:  [0.49322035 0.49304282 0.01373683]
w_star:  [0.4932133  0.49301905 0.01376765]
w_star:  [0.49321415 0.4930199  0.01376595]
w_star:  [0.49322864 0.49303443 0.01373693]
w_star:  [0.4932713  0.49308226 0.01364644]
w_star:  [0.49325765 0.49306542 0.01367693]
w_star:  [0.49327755 0.49308871 0.01363374]
w_star:  [0.49327775 0.49308885 0.0136334 ]
w_star:  [0.49327491 0.49308563 0.01363945]
w_star:  [0.4932713  0.49308208 0.01364662]
w_star:  [0.49327593 0.49308684 0.01363723]
w_star:  [0.49329231 0.49310805 0.01359964]
w_star:  [0.49327578 0.49308784 0.01363638]
w_star:  [0.4933004  0.49311404 0.01358556]
w_star:  [0.49329206 0.49310294 0.013605  ]
w_star:  [0.49327386 0.49308487 0.01364127]
w_star:  [0.49328242 0.49308434 0.01363324]
w_star:  [0.4932598  0.49307034 0.01366986]
w_star:  [0.49325269 0.49306279 0.01368452]
w_star:  [0.49323766 0.49305455 0.01370779]
w_star:  [0.49324077 0.4930573  0.01370193]
w_star:  [0.49323304 0.49305078 0.01371618]
w_star:  [0.49322642 0.49304541 0.01372816]
w_star:  [0.49322308 0.49302877 0.01374815]
w_star:  [0.49320113 0.49300551 0.01379336]
w_star:  [0.49318158 0.49298471 0.01383371]
w_star:  [0.49320228 0.4930095  0.01378823]
w_star:  [0.49318356 0.49298661 0.01382984]
w_star:  [0.49321545 0.49302072 0.01376382]
w_star:  [0.4932131  0.4930184  0.01376851]
w_star:  [0.49320524 0.49301161 0.01378315]
w_star:  [0.49322322 0.49302895 0.01374784]
w_star:  [0.49323942 0.49305684 0.01370373]
w_star:  [0.49323517 0.49305307 0.01371176]
w_star:  [0.49326031 0.49307088 0.01366881]
w_star:  [0.49329715 0.4931131  0.01358975]
w_star:  [0.49327594 0.4930868  0.01363726]
w_star:  [0.49329298 0.49310589 0.01360114]
w_star:  [0.49329906 0.49311068 0.01359026]
w_star:  [0.49331347 0.4931165  0.01357004]
w_star:  [0.4932992  0.49311082 0.01358999]
w_star:  [0.49333762 0.49315241 0.01350997]
w_star:  [0.4933448  0.49316018 0.01349503]
w_star:  [0.4933539  0.49316981 0.01347629]
w_star:  [0.49335037 0.49316563 0.01348401]
w_star:  [0.49336134 0.49317702 0.01346164]
w_star:  [0.49338016 0.49321161 0.01340823]
w_star:  [0.49336017 0.4931757  0.01346414]
w_star:  [0.49333322 0.49314816 0.01351862]
w_star:  [0.4933229  0.493137   0.01354011]
w_star:  [0.49334078 0.49315592 0.0135033 ]
w_star:  [0.49335725 0.49317298 0.01346977]
w_star:  [0.49337069 0.49318691 0.0134424 ]
w_star:  [0.4933615  0.49317719 0.01346131]
w_star:  [0.49337644 0.49319278 0.01343078]
w_star:  [0.49333512 0.49315049 0.01351439]
w_star:  [0.49332009 0.49313916 0.01354075]
w_star:  [0.49332582 0.49314008 0.0135341 ]
w_star:  [0.49331896 0.49313209 0.01354896]
w_star:  [0.49334118 0.49315376 0.01350506]
w_star:  [0.49334629 0.49316175 0.01349196]
w_star:  [0.49333513 0.49314977 0.0135151 ]
w_star:  [0.49334325 0.49315596 0.01350079]
w_star:  [0.49336556 0.49318171 0.01345272]
w_star:  [0.49334617 0.4931616  0.01349223]
w_star:  [0.49335933 0.49317509 0.01346557]
w_star:  [0.49339696 0.49319715 0.0134059 ]
w_star:  [0.49338208 0.49320273 0.0134152 ]
w_star:  [0.49340014 0.49322337 0.01337649]
w_star:  [0.49339916 0.49320045 0.01340039]
w_star:  [0.49341786 0.49323624 0.0133459 ]
w_star:  [0.49343593 0.49326372 0.01330036]
w_star:  [0.49345616 0.49327756 0.01326628]
w_star:  [0.4934666 0.4932869 0.0132465]
w_star:  [0.49347268 0.49329518 0.01323213]
w_star:  [0.49349023 0.49331375 0.01319603]
w_star:  [0.49349586 0.49331982 0.01318432]
w_star:  [0.49348167 0.49330465 0.01321368]
w_star:  [0.49350781 0.49333183 0.01316035]
w_star:  [0.49351661 0.49334158 0.01314182]
w_star:  [0.4934745  0.49329674 0.01322876]
w_star:  [0.49346438 0.49328451 0.01325111]
w_star:  