This job can be monitored from: https://scruffy.c3se.chalmers.se/d/alvis-job/alvis-job?var-jobid=1236576&from=1692012354000
rho= 100.0 batch_size= 32 means= [0.7, 0.4, 0.1]
w_star:  [1. 0. 0.]
w_star:  [1.38777878e-17 1.00000000e+00 0.00000000e+00]
w_star:  [1.00000000e+00 0.00000000e+00 1.38777878e-17]
w_star:  [0.48124499 0.47965428 0.03910074]
w_star:  [0.49701466 0.49697722 0.00600812]
w_star:  [0.49751901 0.49751723 0.00496376]
w_star:  [0.49439818 0.4942677  0.01133411]
w_star:  [0.49317826 0.49298698 0.01383476]
w_star:  [0.49546697 0.49538277 0.00915026]
w_star:  [0.49507281 0.49497272 0.00995446]
w_star:  [0.49444679 0.49436794 0.01118527]
w_star:  [0.49651671 0.49641814 0.00706515]
w_star:  [0.49733507 0.4972862  0.00537873]
w_star:  [0.49841745 0.49839959 0.00318297]
w_star:  [0.49668575 0.49663544 0.0066788 ]
w_star:  [0.49617171 0.49615054 0.00767776]
w_star:  [0.49709303 0.49704547 0.00586149]
w_star:  [0.49658475 0.49653319 0.00688207]
w_star:  [0.49627675 0.49621867 0.00750459]
w_star:  [0.49599996 0.49591925 0.00808079]
w_star:  [0.49491843 0.49481182 0.01026975]
w_star:  [0.49535208 0.49528213 0.00936579]
w_star:  [0.49520068 0.4951007  0.00969862]
w_star:  [0.49539598 0.49534074 0.00926328]
w_star:  [0.49475325 0.49470092 0.01054583]
w_star:  [0.49494686 0.49487155 0.01018159]
w_star:  [0.49535191 0.49526373 0.00938436]
w_star:  [0.49633826 0.49627912 0.00738262]
w_star:  [0.49725452 0.49720441 0.00554107]
w_star:  [0.49681325 0.49675817 0.00642858]
w_star:  [0.49670624 0.49663935 0.00665441]
w_star:  [0.49617917 0.49611251 0.00770832]
w_star:  [0.49657094 0.49651225 0.00691682]
w_star:  [0.4966375  0.49658227 0.00678023]
w_star:  [0.49673295 0.49668143 0.00658563]
w_star:  [0.49650234 0.49645211 0.00704555]
w_star:  [0.49619969 0.49612964 0.00767067]
w_star:  [0.4961626  0.49609574 0.00774166]
w_star:  [0.49566593 0.49558389 0.00875018]
w_star:  [0.49546557 0.49538111 0.00915332]
w_star:  [0.49517665 0.4950808  0.00974255]
w_star:  [0.4953886  0.49530162 0.00930977]
w_star:  [0.49543906 0.49535023 0.00921071]
w_star:  [0.49521076 0.49509285 0.00969639]
w_star:  [0.49510212 0.49501618 0.0098817 ]
w_star:  [0.4946173  0.49449919 0.0108835 ]
w_star:  [0.49402314 0.49388027 0.01209659]
w_star:  [0.49361429 0.49342828 0.01295743]
w_star:  [0.49332035 0.49313409 0.01354556]
w_star:  [0.49378683 0.4936166  0.01259657]
w_star:  [0.49406626 0.49391997 0.01201378]
w_star:  [0.4940331  0.49389829 0.01206861]
w_star:  [0.4938676  0.49371908 0.01241332]
w_star:  [0.49428216 0.49414643 0.01157141]
w_star:  [0.49435032 0.49422018 0.0114295 ]
w_star:  [0.49387203 0.49372485 0.01240312]
w_star:  [0.49388683 0.49371653 0.01239664]
w_star:  [0.49375334 0.49361313 0.01263354]
w_star:  [0.49397363 0.49381079 0.01221558]
w_star:  [0.49343227 0.49323985 0.01332788]
w_star:  [0.4931223  0.49291389 0.01396381]
w_star:  [0.4929618  0.49275354 0.01428466]
w_star:  [0.49312291 0.49292355 0.01395355]
w_star:  [0.49274241 0.49252384 0.01473375]
w_star:  [0.49239349 0.49214871 0.0154578 ]
w_star:  [0.49256524 0.4923352  0.01509956]
w_star:  [0.4928646  0.49266244 0.01447296]
w_star:  [0.49287511 0.49267014 0.01445475]
w_star:  [0.49352091 0.49334213 0.01313696]
w_star:  [0.49381486 0.49365965 0.01252548]
w_star:  [0.49423957 0.49410136 0.01165908]
w_star:  [0.4945334  0.49442466 0.01104194]
w_star:  [0.49485856 0.49477122 0.01037022]
w_star:  [0.49448676 0.49436114 0.0111521 ]
w_star:  [0.49467974 0.49456211 0.01075815]
w_star:  [0.49479287 0.49466154 0.01054559]
w_star:  [0.49466326 0.49455024 0.0107865 ]
w_star:  [0.49465121 0.49453215 0.01081665]
w_star:  [0.49480532 0.49472586 0.01046881]
w_star:  [0.49480726 0.49469392 0.01049882]
w_star:  [0.494845   0.49474751 0.01040749]
w_star:  [0.49461372 0.49449362 0.01089266]
w_star:  [0.49438353 0.49425841 0.01135806]
w_star:  [0.49435139 0.49423001 0.0114186 ]
w_star:  [0.49466151 0.49454219 0.0107963 ]
w_star:  [0.4946529  0.49453217 0.01081493]
w_star:  [0.49450587 0.4943816  0.01111253]
w_star:  [0.49443667 0.49430861 0.01125472]
w_star:  [0.49455165 0.49445832 0.01099003]
w_star:  [0.49446416 0.49433978 0.01119605]
w_star:  [0.49456636 0.49444005 0.01099359]
w_star:  [0.49446679 0.49434975 0.01118346]
w_star:  [0.49447171 0.49433679 0.0111915 ]
w_star:  [0.49425285 0.49411259 0.01163456]
w_star:  [0.49418936 0.49417711 0.01163353]
w_star:  [0.4938639  0.493741   0.01239509]
w_star:  [0.49381129 0.49365206 0.01253665]
w_star:  [0.49397024 0.49380699 0.01222277]
w_star:  [0.49411747 0.49396354 0.01191899]
w_star:  [0.49406183 0.49390398 0.01203419]
w_star:  [0.49394994 0.49380046 0.01224961]
w_star:  [0.49394766 0.49383124 0.0122211 ]
w_star:  [0.49407859 0.49393348 0.01198794]
w_star:  [0.49402429 0.49387907 0.01209663]
w_star:  [0.49408646 0.49394514 0.0119684 ]
w_star:  [0.493828   0.49366236 0.01250964]
w_star:  [0.49387418 0.49371867 0.01240715]
w_star:  [0.49361341 0.4934458  0.01294079]
w_star:  [0.49355163 0.49337855 0.01306982]
w_star:  [0.49345922 0.4932819  0.01325888]
w_star:  [0.49340871 0.49320998 0.01338131]
w_star:  [0.49348645 0.49335608 0.01315747]
w_star:  [0.49352021 0.49334802 0.01313177]
w_star:  [0.49343129 0.49326122 0.0133075 ]
w_star:  [0.49342042 0.4932226  0.01335698]
w_star:  [0.49333662 0.49315446 0.01350892]
w_star:  [0.49342278 0.49322521 0.01335201]
w_star:  [0.4936779  0.49349712 0.01282498]
w_star:  [0.49391623 0.49384951 0.01223425]
w_star:  [0.49395457 0.49379831 0.01224712]
w_star:  [0.49415123 0.49406485 0.01178392]
w_star:  [0.49427265 0.49418204 0.0115453 ]
w_star:  [0.49425994 0.49410252 0.01163754]
w_star:  [0.49429244 0.49414525 0.01156231]
w_star:  [0.49413389 0.49398383 0.01188228]
w_star:  [0.49406766 0.49392206 0.01201028]
w_star:  [0.49368535 0.49352053 0.01279412]
w_star:  [0.49347857 0.49329399 0.01322744]
w_star:  [0.49340425 0.49320726 0.01338849]
w_star:  [0.49336731 0.49317372 0.01345896]
w_star:  [0.49332413 0.49313824 0.01353763]
w_star:  [0.49330347 0.49311649 0.01358004]
w_star:  [0.4934915  0.4933162  0.01319229]
w_star:  [0.49341079 0.49322005 0.01336916]
w_star:  [0.49345417 0.49327571 0.01327011]
w_star:  [0.49323199 0.49304279 0.01372522]
w_star:  [0.49301084 0.49279362 0.01419555]
w_star:  [0.49294773 0.4927391  0.01431318]
w_star:  [0.49299898 0.49280267 0.01419835]
w_star:  [0.49311669 0.49292658 0.01395673]
w_star:  [0.49316702 0.49292778 0.0139052 ]
w_star:  [0.49300944 0.49280576 0.01418479]
w_star:  [0.4929036  0.49269468 0.01440173]
w_star:  [0.49301124 0.49279913 0.01418963]
w_star:  [0.49325424 0.49307266 0.0136731 ]
w_star:  [0.49318722 0.49299249 0.01382028]
w_star:  [0.4930998  0.49290471 0.0139955 ]
w_star:  [0.49325048 0.49306157 0.01368795]
w_star:  [0.49343253 0.493236   0.01333147]
w_star:  [0.49355489 0.49338621 0.0130589 ]
w_star:  [0.49362016 0.49345905 0.01292079]
w_star:  [0.49351376 0.49332486 0.01316138]
w_star:  [0.49339456 0.49320631 0.01339913]
w_star:  [0.49344569 0.49324916 0.01330515]
w_star:  [0.49355283 0.49340624 0.01304093]
w_star:  [0.49348861 0.49332066 0.01319073]
w_star:  [0.49338421 0.49318474 0.01343105]
w_star:  [0.49333658 0.49315222 0.01351121]
w_star:  [0.4934331  0.49325348 0.01331342]
w_star:  [0.49333535 0.49315355 0.0135111 ]
w_star:  [0.4932713  0.49308342 0.01364529]
w_star:  [0.49327562 0.49306446 0.01365993]
w_star:  [0.4933644  0.49317398 0.01346163]
w_star:  [0.49345869 0.49327971 0.0132616 ]
w_star:  [0.49354266 0.49337115 0.01308618]
w_star:  [0.49375749 0.49358095 0.01266157]
w_star:  [0.49363266 0.49344368 0.01292366]
w_star:  [0.49341931 0.49322475 0.01335594]
w_star:  [0.49345386 0.49328624 0.0132599 ]
w_star:  [0.49350228 0.49332942 0.0131683 ]
w_star:  [0.49344174 0.49326252 0.01329574]
w_star:  [0.4933472  0.49315581 0.01349699]
w_star:  [0.49321162 0.49303013 0.01375825]
w_star:  [0.49310457 0.49290546 0.01398998]
w_star:  [0.4931116  0.49285075 0.01403765]
w_star:  [0.49289392 0.49268414 0.01442194]
w_star:  [0.49295766 0.49275041 0.01429193]
w_star:  [0.49306208 0.49286797 0.01406995]
w_star:  [0.49306581 0.49280114 0.01413305]
w_star:  [0.49317174 0.49298028 0.01384798]
w_star:  [0.49328833 0.49308704 0.01362462]
w_star:  [0.49332988 0.49314594 0.01352418]
w_star:  [0.49332242 0.49312388 0.0135537 ]
w_star:  [0.49338829 0.49323081 0.01338089]
w_star:  [0.4931834  0.49299907 0.01381752]
w_star:  [0.49300602 0.49280122 0.01419276]
w_star:  [0.49299936 0.49273941 0.01426123]
w_star:  [0.49296253 0.4927541  0.01428337]
w_star:  [0.49297257 0.49272314 0.01430428]
w_star:  [0.49311645 0.49292049 0.01396305]
w_star:  [0.49316954 0.49296948 0.01386098]
w_star:  [0.49323763 0.49306015 0.01370223]
w_star:  [0.49316713 0.49297306 0.0138598 ]
w_star:  [0.49318103 0.49299056 0.01382841]
w_star:  [0.4930253  0.49282183 0.01415286]
w_star:  [0.49300036 0.49279321 0.01420643]
w_star:  [0.49309128 0.49288905 0.01401968]
w_star:  [0.49303698 0.49283322 0.0141298 ]
w_star:  [0.4930517  0.49286322 0.01408507]
w_star:  [0.49298334 0.49276295 0.01425371]
w_star:  [0.49303642 0.49283035 0.01413324]
w_star:  [0.49304205 0.49283949 0.01411845]
w_star:  [0.49310858 0.49292203 0.01396939]
w_star:  [0.49326812 0.49308296 0.01364892]
w_star:  [0.49314525 0.49294915 0.0139056 ]
w_star:  [0.49313633 0.49295034 0.01391333]
w_star:  [0.49307103 0.49287068 0.01405829]
w_star:  [0.49299622 0.49283664 0.01416715]
w_star:  [0.49308349 0.49286951 0.014047  ]
w_star:  [0.49308732 0.49288636 0.01402632]
w_star:  [0.49303958 0.49284189 0.01411853]
w_star:  [0.49273887 0.4925186  0.01474253]
w_star:  [0.49263274 0.49240592 0.01496133]
w_star:  [0.49254451 0.49232356 0.01513193]
w_star:  [0.49251972 0.49228307 0.01519722]
w_star:  [0.49264189 0.49241552 0.01494259]
w_star:  [0.49247665 0.49227228 0.01525107]
w_star:  [0.49237771 0.49213406 0.01548823]
w_star:  [0.49239562 0.49214986 0.01545452]
w_star:  [0.49237126 0.4921644  0.01546434]
w_star:  [0.49244561 0.49218105 0.01537334]
w_star:  [0.49240472 0.49216183 0.01543346]
w_star:  [0.49250257 0.49226663 0.0152308 ]
w_star:  [0.49240488 0.49219943 0.01539568]
w_star:  [0.49250095 0.4922581  0.01524094]
w_star:  [0.49244611 0.4922069  0.01534699]
w_star:  [0.49236286 0.4921142  0.01552294]
w_star:  [0.49234832 0.49210273 0.01554895]
w_star:  [0.49227877 0.49202859 0.01569263]
w_star:  [0.49547811 0.49539403 0.00912786]
w_star:  [0.49536973 0.49528137 0.0093489 ]
w_star:  [0.49539061 0.49530185 0.00930754]
w_star:  [0.49541288 0.49531044 0.00927668]
w_star:  [0.49544368 0.49534627 0.00921005]
w_star:  [0.49547397 0.4953875  0.00913853]
w_star:  [0.49533846 0.49524902 0.00941251]
w_star:  [0.49532351 0.49523354 0.00944294]
w_star:  [0.49538771 0.49530039 0.0093119 ]
w_star:  [0.49540139 0.49531434 0.00928427]
w_star:  [0.49544199 0.49535653 0.00920148]
w_star:  [0.49543539 0.49534939 0.00921523]
w_star:  [0.49539017 0.49530264 0.00930719]
w_star:  [0.49533285 0.49524816 0.00941899]
w_star:  [0.49537304 0.49528655 0.00934041]
w_star:  [0.49530892 0.49521809 0.00947299]
w_star:  [0.49526191 0.49516709 0.009571  ]
w_star:  [0.49529817 0.49520695 0.00949488]
w_star:  [0.4952315  0.49512516 0.00964334]
w_star:  [0.49519979 0.49510485 0.00969536]
w_star:  [0.4952108  0.49512582 0.00966338]
w_star:  [0.49523503 0.49513644 0.00962853]
w_star:  [0.49518792 0.49509126 0.00972083]
w_star:  [0.49526462 0.49518543 0.00954996]
w_star:  [0.49524929 0.49515425 0.00959646]
w_star:  [0.49525616 0.4951634  0.00958044]
w_star:  [0.49523279 0.49513379 0.00963343]
w_star:  [0.49526286 0.49516943 0.00956771]
w_star:  [0.49526928 0.49517576 0.00955496]
w_star:  [0.49524994 0.49515703 0.00959303]
w_star:  [0.49524499 0.49515908 0.00959593]
w_star:  [0.49520764 0.49510874 0.00968361]
w_star:  [0.49523826 0.49514088 0.00962086]
w_star:  [0.49527793 0.49518582 0.00953625]
w_star:  [0.49523285 0.49512794 0.00963921]
w_star:  [0.49524    0.49513308 0.00962692]
w_star:  [0.49525376 0.49515442 0.00959182]
w_star:  [0.4953082  0.49521798 0.00947382]
w_star:  [0.49530384 0.49521311 0.00948305]
w_star:  [0.49527937 0.49518815 0.00953248]
w_star:  [0.49532843 0.49523605 0.00943552]
w_star:  [0.49530186 0.49521105 0.0094871 ]
w_star:  [0.49526726 0.49517512 0.00955762]
w_star:  [0.49522889 0.49512957 0.00964154]
w_star:  [0.49522133 0.49512745 0.00965122]
w_star:  [0.49521987 0.49512573 0.0096544 ]
w_star:  [0.49523152 0.49513701 0.00963146]
w_star:  [0.49523079 0.49513582 0.00963339]
w_star:  [0.49526798 0.49517589 0.00955613]
w_star:  [0.49526692 0.49517445 0.00955862]
w_star:  [0.49531321 0.49522319 0.0094636 ]
w_star:  [0.4952721  0.49518012 0.00954778]
w_star:  [0.49527193 0.49517963 0.00954845]
w_star:  [0.49537271 0.49528474 0.00934256]
w_star:  [0.49542103 0.49533375 0.00924522]
w_star:  [0.49541912 0.49532935 0.00925153]
w_star:  [0.49541522 0.49532878 0.009256  ]
w_star:  [0.49539585 0.4953058  0.00929835]
w_star:  [0.49541424 0.49532864 0.00925712]
w_star:  [0.4953728  0.49528857 0.00933863]
w_star:  [0.49537422 0.49524102 0.00938476]
w_star:  [0.4953212  0.49523152 0.00944728]
w_star:  [0.49531475 0.49522449 0.00946076]
w_star:  [0.49529747 0.49520645 0.00949608]
w_star:  [0.49529246 0.49520122 0.00950633]
w_star:  [0.49537302 0.49528492 0.00934206]
w_star:  [0.49536691 0.49527898 0.00935411]
w_star:  [0.49541153 0.49532488 0.00926359]
w_star:  [0.49539994 0.49531277 0.00928729]
w_star:  [0.49539108 0.49530513 0.00930379]
w_star:  [0.49536    0.49529122 0.00934879]
w_star:  [0.49538111 0.49529396 0.00932493]
w_star:  [0.49542898 0.49534008 0.00923094]
w_star:  [0.49542305 0.49533689 0.00924005]
w_star:  [0.49542496 0.49533981 0.00923523]
w_star:  [0.49543492 0.49535219 0.00921289]
w_star:  [0.49546271 0.49537571 0.00916157]
w_star:  [0.49544758 0.49536296 0.00918947]
w_star:  [0.49547732 0.49538987 0.0091328 ]
w_star:  [0.4954979  0.49541867 0.00908343]
w_star:  [0.49548633 0.49539931 0.00911437]
w_star:  [0.49548939 0.49543983 0.00907078]
w_star:  [0.49551761 0.49543603 0.00904636]
w_star:  [0.49543629 0.49534895 0.00921476]
w_star:  [0.49541735 0.49532946 0.0092532 ]
w_star:  [0.49543584 0.49533477 0.00922939]
w_star:  [0.49542141 0.49534832 0.00923027]
w_star:  [0.49544345 0.4953581  0.00919845]
w_star:  [0.49544529 0.49536    0.00919471]
w_star:  [0.49542905 0.4953403  0.00923065]
w_star:  [0.49544387 0.49536292 0.00919321]
w_star:  [0.49546028 0.49537337 0.00916635]
w_star:  [0.49549183 0.49540783 0.00910034]
w_star:  [0.49548297 0.4953995  0.00911753]
w_star:  [0.49550776 0.4954255  0.00906675]
w_star:  [0.49550256 0.49541932 0.00907812]
w_star:  [0.495448   0.49536145 0.00919055]
w_star:  [0.4954714  0.49539128 0.00913732]
w_star:  [0.49538429 0.4953646  0.0092511 ]
w_star:  [0.49543352 0.4953458  0.00922068]
w_star:  [0.49545102 0.49536597 0.009183  ]
w_star:  [0.49541264 0.49532141 0.00926595]
w_star:  [0.49538687 0.49530804 0.00930509]
w_star:  [0.4953671  0.49530101 0.00933189]
w_star:  [0.49539886 0.4953127  0.00928845]
w_star:  [0.49539457 0.49530814 0.00929729]
w_star:  [0.49541653 0.49533392 0.00924955]
w_star:  [0.49540062 0.49530837 0.00929101]
w_star:  [0.49540964 0.49532501 0.00926536]
w_star:  [0.49543552 0.49535111 0.00921337]
w_star:  [0.49542928 0.49534559 0.00922513]
w_star:  [0.49541925 0.49533154 0.0092492 ]
w_star:  [0.49545859 0.49537366 0.00916775]
w_star:  [0.49546839 0.49540994 0.00912167]
w_star:  [0.49543284 0.49534701 0.00922015]
w_star:  [0.49542528 0.49533169 0.00924302]
w_star:  [0.49539033 0.49530284 0.00930683]
w_star:  [0.49535141 0.49525749 0.0093911 ]
w_star:  [0.49531722 0.49522765 0.00945513]
w_star:  [0.49534509 0.49525154 0.00940337]
w_star:  [0.49527467 0.49518396 0.00954137]
w_star:  [0.49531698 0.49524354 0.00943948]
w_star:  [0.49525783 0.49516537 0.0095768 ]
w_star:  [0.4952543  0.49516169 0.00958401]
w_star:  [0.49522183 0.49512603 0.00965214]
w_star:  [0.49520317 0.49510868 0.00968815]
w_star:  [0.49516921 0.49507307 0.00975771]
w_star:  [0.49517293 0.49507614 0.00975092]
w_star:  [0.49517083 0.49507831 0.00975086]
w_star:  [0.49516111 0.49506464 0.00977425]
w_star:  [0.49515764 0.49506102 0.00978134]
w_star:  [0.49522987 0.49513198 0.00963815]
w_star:  [0.49521468 0.49511677 0.00966855]
w_star:  [0.4952032  0.49509816 0.00969863]
w_star:  [0.49522244 0.49512841 0.00964915]
w_star:  [0.49517687 0.49507614 0.009747  ]
w_star:  [0.49510713 0.49500915 0.00988372]
w_star:  [0.4950816 0.4949882 0.0099302]
w_star:  [0.49510277 0.49500326 0.00989397]
w_star:  [0.49510257 0.49499868 0.00989875]
w_star:  [0.49508353 0.49498377 0.0099327 ]
w_star:  [0.4950945  0.49499539 0.00991011]
w_star:  [0.49507023 0.49496984 0.00995993]
w_star:  [0.49501152 0.49490874 0.01007974]
w_star:  [0.49503799 0.49493624 0.01002578]
w_star:  [0.49504469 0.4949588  0.00999651]
w_star:  [0.49501746 0.49491259 0.01006995]
w_star:  [0.49501113 0.49490688 0.01008199]
w_star:  [0.49496647 0.4948618  0.01017173]
w_star:  [0.49494685 0.49483684 0.01021631]
w_star:  [0.49492753 0.49482122 0.01025125]
w_star:  [0.49497813 0.49486965 0.01015222]
w_star:  [0.49497504 0.49487123 0.01015373]
w_star:  [0.49493898 0.49483413 0.01022689]
w_star:  [0.49495285 0.49484768 0.01019947]
w_star:  [0.49497572 0.49485981 0.01016447]
w_star:  [0.49491167 0.49480507 0.01028326]
w_star:  [0.49495553 0.49484384 0.01020063]
w_star:  [0.49495626 0.49483387 0.01020987]
w_star:  [0.49497541 0.49487163 0.01015295]
w_star:  [0.49495946 0.49484581 0.01019473]
w_star:  [0.49496292 0.49484094 0.01019614]
w_star:  [0.49495538 0.49484934 0.01019527]
w_star:  [0.49498835 0.49486183 0.01014982]
w_star:  [0.4950379  0.49493637 0.01002573]
w_star:  [0.49500058 0.49490476 0.01009466]
w_star:  [0.49500923 0.49490637 0.0100844 ]
w_star:  [0.49502469 0.49491902 0.01005629]
w_star:  [0.49501129 0.49490864 0.01008007]
w_star:  [0.49504428 0.4949429  0.01001282]
w_star:  [0.49501689 0.49491435 0.01006875]
w_star:  [0.49499202 0.49488821 0.01011977]
w_star:  [0.49499223 0.49488914 0.01011864]
w_star:  [0.49493501 0.49483151 0.01023348]
w_star:  [0.49491724 0.49481062 0.01027214]
w_star:  [0.49490147 0.49479011 0.01030841]
w_star:  [0.49484628 0.49473654 0.01041718]
w_star:  [0.49483252 0.49472202 0.01044546]
w_star:  [0.49480699 0.49469093 0.01050208]
w_star:  [0.49478365 0.49466804 0.01054831]
w_star:  [0.49479011 0.4946743  0.01053559]
w_star:  [0.49480288 0.49468739 0.01050973]
w_star:  [0.49477685 0.49466132 0.01056184]
w_star:  [0.49476622 0.49465096 0.01058282]
w_star:  [0.49476771 0.49461591 0.01061638]
w_star:  [0.49474708 0.49463689 0.01061602]
w_star:  [0.49477428 0.49465918 0.01056654]
w_star:  [0.4947879  0.49467246 0.01053963]
w_star:  [0.49476873 0.49465355 0.01057772]
w_star:  [0.49476587 0.49465054 0.01058359]
w_star:  [0.4947235  0.49460841 0.01066809]
w_star:  [0.49471227 0.49459876 0.01068897]
w_star:  [0.49471447 0.49460118 0.01068435]
w_star:  [0.49465955 0.49466746 0.010673  ]
w_star:  [0.49473028 0.4946157  0.01065402]
w_star:  [0.49470652 0.49459207 0.01070141]
w_star:  [0.49468921 0.49457103 0.01073977]
w_star:  [0.4947001  0.49458164 0.01071826]
w_star:  [0.49468727 0.49456977 0.01074297]
w_star:  [0.49464172 0.49452279 0.01083549]
w_star:  [0.4946672  0.49454965 0.01078315]
w_star:  [0.49465936 0.49454123 0.01079941]
w_star:  [0.49461129 0.49449348 0.01089523]
w_star:  [0.49464545 0.49453501 0.01081954]
w_star:  [0.49464962 0.49454071 0.01080967]
w_star:  [0.49466828 0.49455066 0.01078106]
w_star:  [0.49474951 0.49463566 0.01061483]
w_star:  [0.49473111 0.49461642 0.01065247]
w_star:  [0.49472994 0.49461519 0.01065487]
w_star:  [0.49473378 0.49463039 0.01063582]
w_star:  [0.49474452 0.49463051 0.01062496]
w_star:  [0.49472372 0.49460866 0.01066762]
w_star:  [0.49471757 0.49460498 0.01067745]
w_star:  [0.4947369  0.49462254 0.01064056]
w_star:  [0.49471818 0.4946029  0.01067892]
w_star:  [0.49470775 0.49459405 0.0106982 ]
w_star:  [0.49472017 0.49458561 0.01069421]
w_star:  [0.49468472 0.49456755 0.01074773]
w_star:  [0.49467476 0.49455752 0.01076771]
w_star:  [0.49469047 0.4945734  0.01073612]
w_star:  [0.49468611 0.4945689  0.010745  ]
w_star:  [0.49468216 0.49456515 0.01075269]
w_star:  [0.49468819 0.4945707  0.01074111]
w_star:  [0.49467639 0.49455922 0.01076439]
w_star:  [0.49464183 0.49452244 0.01083574]
w_star:  [0.49466761 0.49454992 0.01078247]
w_star:  [0.49467668 0.49455947 0.01076385]
w_star:  [0.49467857 0.49456138 0.01076006]
w_star:  [0.49467554 0.49455834 0.01076613]
w_star:  [0.49464762 0.4945281  0.01082428]
w_star:  [0.49461433 0.49449427 0.0108914 ]
w_star:  [0.4945815  0.49445971 0.01095879]
w_star:  [0.49455603 0.49443588 0.01100809]
w_star:  [0.49454711 0.4944333  0.01101959]
w_star:  [0.49453166 0.49440811 0.01106023]
w_star:  [0.49451335 0.49438922 0.01109742]
w_star:  [0.49447954 0.49441946 0.011101  ]
w_star:  [0.49446658 0.49433984 0.01119358]
w_star:  [0.49446067 0.49433862 0.01120071]
w_star:  [0.49439152 0.49426188 0.01134661]
w_star:  [0.494423 0.494302 0.011275]
w_star:  [0.49444942 0.49432188 0.0112287 ]
w_star:  [0.49445569 0.49432848 0.01121583]
w_star:  [0.49449031 0.4943647  0.01114499]
w_star:  [0.4944689  0.49434039 0.01119071]
w_star:  [0.49443009 0.49430984 0.01126007]
w_star:  [0.49441251 0.49428735 0.01130014]
w_star:  [0.4943896 0.4942599 0.0113505]
w_star:  [0.49442742 0.49430635 0.01126623]
w_star:  [0.49441712 0.49428801 0.01129487]
w_star:  [0.49440565 0.49428175 0.01131259]
w_star:  [0.49440731 0.49428159 0.01131111]
w_star:  [0.49445058 0.4943231  0.01122632]
w_star:  [0.49442975 0.49428096 0.01128929]
w_star:  [0.49444475 0.49431702 0.01123823]
w_star:  [0.49443043 0.49430773 0.01126184]
w_star:  [0.49439934 0.49427343 0.01132723]
w_star:  [0.49438648 0.49426452 0.011349  ]
w_star:  [0.49440914 0.49428439 0.01130647]
w_star:  [0.49446725 0.49434384 0.01118891]
w_star:  [0.49444017 0.49431223 0.0112476 ]
w_star:  [0.49440785 0.49427837 0.01131378]
w_star:  [0.49438121 0.49425165 0.01136714]
w_star:  [0.49435653 0.49423391 0.01140956]
w_star:  [0.49433785 0.49421099 0.01145116]
w_star:  [0.49432988 0.49419975 0.01147037]
w_star:  [0.49431331 0.49418058 0.01150611]
w_star:  [0.49430974 0.49417096 0.0115193 ]
w_star:  [0.49432519 0.4941945  0.01148031]
w_star:  [0.49434314 0.49421053 0.01144634]
w_star:  [0.4943106  0.49417228 0.01151712]
w_star:  [0.4943069  0.49417251 0.01152059]
w_star:  [0.49433989 0.49421395 0.01144616]
w_star:  [0.49438324 0.49425336 0.01136339]
w_star:  [0.49436622 0.49423898 0.01139481]
w_star:  [0.49435172 0.49422647 0.01142181]
w_star:  [0.494361  0.4942358 0.0114032]
w_star:  [0.49438481 0.49425474 0.01136045]
w_star:  [0.4943283  0.49419516 0.01147654]
w_star:  [0.4943281  0.49419978 0.01147212]
w_star:  [0.4943223  0.49419539 0.01148232]
w_star:  [0.49438174 0.49424451 0.01137375]
w_star:  [0.4943827  0.49425285 0.01136445]
w_star:  [0.49437079 0.49424351 0.0113857 ]
w_star:  [0.49439287 0.4942628  0.01134434]
w_star:  [0.4944023  0.49427816 0.01131954]
w_star:  [0.49440901 0.49428263 0.01130836]
w_star:  [0.49441117 0.49428183 0.01130699]
w_star:  [0.49439382 0.49426369 0.01134249]
w_star:  [0.49438418 0.49425519 0.01136063]
w_star:  [0.49435444 0.49422811 0.01141745]
w_star:  [0.49432048 0.49419424 0.01148528]
w_star:  [0.494316   0.49417839 0.01150562]
w_star:  [0.49431362 0.49417968 0.0115067 ]
w_star:  [0.49430797 0.49417355 0.01151849]
w_star:  [0.4943007 0.4941744 0.0115249]
w_star:  [0.49434653 0.49422087 0.0114326 ]
w_star:  [0.49433908 0.49421172 0.0114492 ]
w_star:  [0.49435399 0.49423234 0.01141367]
w_star:  [0.49432148 0.49419273 0.01148579]
w_star:  [0.49433566 0.49420867 0.01145567]
w_star:  [0.49436875 0.49424064 0.01139061]
w_star:  [0.49436606 0.49423863 0.01139531]
w_star:  [0.49432828 0.49420197 0.01146975]
w_star:  [0.49430832 0.49417411 0.01151758]
w_star:  [0.49433005 0.4942002  0.01146975]
w_star:  [0.49433554 0.49420926 0.0114552 ]
w_star:  [0.4943165  0.49418791 0.01149559]
w_star:  [0.49429886 0.49418209 0.01151906]
w_star:  [0.49429297 0.49416065 0.01154637]
w_star:  [0.49433038 0.49420414 0.01146548]
w_star:  [0.4943276  0.49419956 0.01147284]
w_star:  [0.49431354 0.49418289 0.01150357]
w_star:  [0.49433072 0.49420418 0.0114651 ]
w_star:  [0.49429426 0.49416046 0.01154527]
w_star:  [0.49427485 0.49414445 0.0115807 ]
w_star:  [0.49430065 0.49416581 0.01153353]
w_star:  [0.49430298 0.49416829 0.01152873]
w_star:  [0.49428579 0.49415453 0.01155968]
w_star:  [0.49426171 0.49412504 0.01161325]
w_star:  [0.49426844 0.49412153 0.01161003]
w_star:  [0.4942309  0.49409283 0.01167627]
w_star:  [0.49421609 0.49408291 0.01170101]
w_star:  [0.49420386 0.49407428 0.01172186]
w_star:  [0.49422784 0.49408975 0.01168241]
w_star:  [0.49422953 0.49409152 0.01167896]
w_star:  [0.49426022 0.49411985 0.01161992]
w_star:  [0.49428246 0.49414754 0.01156999]
w_star:  [0.4942834  0.49409371 0.01162289]
w_star:  [0.49424102 0.49409659 0.01166239]
w_star:  [0.49424015 0.49414224 0.01161761]
w_star:  [0.49426187 0.49412199 0.01161613]
w_star:  [0.49422649 0.49409737 0.01167615]
w_star:  [0.49424878 0.49411219 0.01163903]
w_star:  [0.49422664 0.49409336 0.01168   ]
w_star:  [0.49418132 0.49404093 0.01177775]
w_star:  [0.49416853 0.49402944 0.01180203]
w_star:  [0.49415989 0.49403798 0.01180212]
w_star:  [0.49413965 0.49400795 0.0118524 ]
w_star:  [0.4941425  0.49399998 0.01185752]
w_star:  [0.49415792 0.49402039 0.0118217 ]
w_star:  [0.49416723 0.49402605 0.01180672]
w_star:  [0.49419226 0.49405281 0.01175493]
w_star:  [0.49415947 0.49401773 0.0118228 ]
w_star:  [0.49417055 0.49402288 0.01180656]
w_star:  [0.49416965 0.49404025 0.01179011]
w_star:  [0.49416065 0.49404758 0.01179177]
w_star:  [0.49416837 0.4940201  0.01181153]
w_star:  [0.49417064 0.49402978 0.01179958]
w_star:  [0.49417442 0.49403358 0.011792  ]
w_star:  [0.49417822 0.49403843 0.01178335]
w_star:  [0.49419822 0.49405931 0.01174247]
w_star:  [0.49418835 0.49404611 0.01176554]
w_star:  [0.49417312 0.49403321 0.01179368]
w_star:  [0.49418873 0.49404883 0.01176244]
w_star:  [0.49420764 0.49407826 0.0117141 ]
w_star:  [0.4941899  0.49405115 0.01175896]
w_star:  [0.49419126 0.49405291 0.01175583]
w_star:  [0.49419359 0.4940549  0.01175152]
w_star:  [0.49417561 0.49403491 0.01178948]
w_star:  [0.49417802 0.49403749 0.01178448]
w_star:  [0.49420213 0.49406332 0.01173455]
w_star:  [0.49418688 0.49404687 0.01176626]
w_star:  [0.49425033 0.49411793 0.01163174]
w_star:  [0.49427047 0.49412621 0.01160332]
w_star:  [0.49425689 0.49414091 0.0116022 ]
w_star:  [0.4942778  0.49410308 0.01161912]
w_star:  [0.49427954 0.4941375  0.01158295]
w_star:  [0.49424433 0.49410704 0.01164863]
w_star:  [0.49424812 0.4941115  0.01164038]
w_star:  [0.49427041 0.4940963  0.01163329]
w_star:  [0.49426972 0.49413372 0.01159656]
w_star:  [0.49428068 0.49414521 0.01157411]
w_star:  [0.49429543 0.49416893 0.01153563]
w_star:  [0.49432602 0.49419594 0.01147804]
w_star:  [0.4943235  0.49418948 0.01148702]
w_star:  [0.49431355 0.49418714 0.01149931]
w_star:  [0.49434044 0.49421355 0.01144601]
w_star:  [0.49431538 0.49418142 0.0115032 ]
w_star:  [0.49431367 0.49417485 0.01151148]
w_star:  [0.49430896 0.49417469 0.01151635]
w_star:  [0.49430655 0.49417226 0.01152119]
w_star:  [0.4942919  0.49416072 0.01154737]
w_star:  [0.49429842 0.49416374 0.01153784]
w_star:  [0.49430564 0.49417126 0.0115231 ]
w_star:  [0.49431101 0.49417803 0.01151096]
w_star:  [0.4943131 0.4941749 0.011512 ]
w_star:  [0.49432889 0.49420262 0.01146849]
w_star:  [0.49435824 0.49423379 0.01140797]
w_star:  [0.49434674 0.4942208  0.01143246]
w_star:  [0.49434464 0.49421832 0.01143704]
w_star:  [0.49436309 0.49423845 0.01139846]
w_star:  [0.4943758  0.49424466 0.01137954]
w_star:  [0.4943618  0.49423856 0.01139964]
w_star:  [0.49435517 0.49422989 0.01141494]
w_star:  [0.49434449 0.49421848 0.01143703]
w_star:  [0.49433014 0.49420356 0.0114663 ]
w_star:  [0.49434234 0.49421595 0.01144171]
w_star:  [0.49437142 0.49424327 0.0113853 ]
w_star:  [0.49438499 0.49425464 0.01136037]
w_star:  [0.49438781 0.4942574  0.0113548 ]
w_star:  [0.49442736 0.4942971  0.01127554]
w_star:  [0.49438204 0.49425161 0.01136634]
w_star:  [0.49439807 0.49427217 0.01132976]
w_star:  [0.49443156 0.494303   0.01126544]
w_star:  [0.49445402 0.49432667 0.01121932]
w_star:  [0.49444953 0.49432758 0.01122289]
w_star:  [0.49445999 0.49433683 0.01120318]
w_star:  [0.49449929 0.49438028 0.01112043]
w_star:  [0.49450769 0.49439333 0.01109898]
w_star:  [0.49450778 0.49437843 0.01111379]
w_star:  [0.49449959 0.49437305 0.01112735]
w_star:  [0.49447325 0.49441699 0.01110976]
w_star:  [0.49450301 0.49437807 0.01111892]
w_star:  [0.49452569 0.4944005  0.01107381]
w_star:  [0.49449637 0.49437104 0.01113259]
w_star:  [0.49449218 0.49436663 0.01114119]
w_star:  [0.49450848 0.49438365 0.01110787]
w_star:  [0.49450728 0.4943824  0.01111031]
w_star:  [0.494511   0.49438409 0.01110491]
w_star:  [0.49453637 0.49441319 0.01105044]
w_star:  [0.49452585 0.49439764 0.01107651]
w_star:  [0.49453013 0.49440929 0.01106058]
w_star:  [0.49454076 0.49441783 0.01104141]
w_star:  [0.49453178 0.49441727 0.01105095]
w_star:  [0.49455805 0.49443555 0.0110064 ]
w_star:  [0.49456496 0.4944427  0.01099234]
w_star:  [0.49453153 0.49440834 0.01106013]
w_star:  [0.49453403 0.49443087 0.0110351 ]
w_star:  [0.4945284  0.494414   0.01105759]
w_star:  [0.49453666 0.49441341 0.01104993]
w_star:  [0.49451913 0.49439456 0.01108631]
w_star:  [0.49449653 0.49437122 0.01113226]
w_star:  [0.49448751 0.49436299 0.0111495 ]
w_star:  [0.49447979 0.49435645 0.01116376]
w_star:  [0.49448271 0.49435939 0.01115791]
w_star:  [0.4945029  0.49437783 0.01111926]
w_star:  [0.49453362 0.49439849 0.01106789]
w_star:  [0.49452774 0.49440737 0.01106489]
w_star:  [0.49454806 0.49443338 0.01101856]
w_star:  [0.49453392 0.49443025 0.01103583]
w_star:  [0.49452577 0.49440522 0.01106901]
w_star:  [0.49452141 0.49439724 0.01108135]
w_star:  [0.49450764 0.49438118 0.01111118]
w_star:  [0.49447621 0.494353   0.01117079]
w_star:  [0.49449618 0.49437081 0.01113301]
w_star:  [0.49447875 0.49435236 0.01116889]
w_star:  [0.49447866 0.49435248 0.01116886]
w_star:  [0.49448692 0.49436114 0.01115194]
w_star:  [0.49448778 0.49436205 0.01115017]
w_star:  [0.49449939 0.49437417 0.01112644]
w_star:  [0.49450446 0.49437757 0.01111798]
w_star:  [0.49452272 0.49439907 0.0110782 ]
w_star:  [0.49451204 0.49439047 0.01109748]
w_star:  [0.49451968 0.49440022 0.01108009]
w_star:  [0.49447562 0.49440347 0.01112091]
w_star:  [0.49447826 0.49435207 0.01116967]
w_star:  [0.49447974 0.494348   0.01117226]
w_star:  [0.49445782 0.49433056 0.01121162]
w_star:  [0.49446932 0.49434248 0.0111882 ]
w_star:  [0.49443983 0.49431187 0.0112483 ]
w_star:  [0.49445323 0.49432965 0.01121712]
w_star:  [0.49445266 0.49432908 0.01121826]
w_star:  [0.49444948 0.49432556 0.01122496]
w_star:  [0.49447252 0.49434605 0.01118144]
w_star:  [0.49447132 0.49434489 0.01118379]
w_star:  [0.49446081 0.49433698 0.01120221]
w_star:  [0.49445808 0.49433375 0.01120817]
w_star:  [0.49450394 0.49437539 0.01112067]
w_star:  [0.49451527 0.49439058 0.01109415]
w_star:  [0.49450383 0.49438385 0.01111232]
w_star:  [0.49447994 0.49435235 0.01116771]
w_star:  [0.49448802 0.49436538 0.01114659]
w_star:  [0.49452332 0.49438837 0.01108831]
w_star:  [0.49454036 0.494417   0.01104264]
w_star:  [0.49456883 0.49444658 0.01098459]
w_star:  [0.49454432 0.49442119 0.01103449]
w_star:  [0.49450735 0.49438271 0.01110994]
w_star:  [0.49451488 0.49439019 0.01109493]
w_star:  [0.49451786 0.49439354 0.01108859]
w_star:  [0.49451827 0.49440371 0.01107803]
w_star:  [0.49453033 0.49440894 0.01106072]
w_star:  [0.49454456 0.49442127 0.01103417]
w_star:  [0.49451946 0.49440501 0.01107553]
w_star:  [0.4945115 0.4943868 0.0111017]
w_star:  [0.49446127 0.49438393 0.0111548 ]
w_star:  [0.49449917 0.49433067 0.01117015]
w_star:  [0.4944878  0.49436203 0.01115018]
w_star:  [0.49451185 0.49432514 0.011163  ]
w_star:  [0.49447975 0.4943516  0.01116865]
w_star:  [0.49450318 0.49433533 0.01116149]
w_star:  [0.49447209 0.49434563 0.01118229]
w_star:  [0.49444517 0.49432035 0.01123448]
w_star:  [0.49444117 0.49431184 0.01124699]
w_star:  [0.494458   0.49433414 0.01120785]
w_star:  [0.49443245 0.4943105  0.01125705]
w_star:  [0.4944228  0.49429357 0.01128364]
w_star:  [0.49441988 0.49429049 0.01128963]
w_star:  [0.49443005 0.49430161 0.01126834]
w_star:  [0.49441444 0.49428821 0.01129735]
w_star:  [0.49444288 0.494315   0.01124212]
w_star:  [0.49443186 0.49430354 0.0112646 ]
w_star:  [0.49445301 0.49432097 0.01122601]
w_star:  [0.49442832 0.49429943 0.01127225]
w_star:  [0.49441966 0.49429071 0.01128963]
w_star:  [0.49440787 0.4942849  0.01130723]
w_star:  [0.49440866 0.49429051 0.01130083]
w_star:  [0.49437964 0.49425579 0.01136457]
w_star:  [0.49438394 0.49425889 0.01135717]
w_star:  [0.49437049 0.49423997 0.01138954]
w_star:  [0.49439769 0.4942719  0.01133041]
w_star:  [0.49438152 0.49425811 0.01136037]
w_star:  [0.49440668 0.49428302 0.01131029]
w_star:  [0.49442002 0.49429082 0.01128917]
w_star:  [0.49440486 0.49427395 0.01132118]
w_star:  [0.4943781  0.49424727 0.01137463]
w_star:  [0.49436702 0.49423721 0.01139577]
w_star:  [0.49437467 0.49424363 0.0113817 ]
w_star:  [0.49437184 0.49425042 0.01137774]
w_star:  [0.49438054 0.49425589 0.01136357]
w_star:  [0.49436628 0.49423613 0.01139759]
w_star:  [0.49437045 0.49423924 0.01139032]
w_star:  [0.49437586 0.49425153 0.01137261]
w_star:  [0.49436916 0.49423809 0.01139276]
w_star:  [0.49438465 0.49425846 0.0113569 ]
w_star:  [0.49439021 0.49426279 0.011347  ]
w_star:  [0.4943968 0.4942731 0.0113301]
w_star:  [0.49441935 0.49429003 0.01129062]
w_star:  [0.49440998 0.49428549 0.01130453]
w_star:  [0.49442676 0.49429817 0.01127507]
w_star:  [0.49442175 0.49429295 0.0112853 ]
w_star:  [0.49440347 0.49428024 0.01131629]
w_star:  [0.49441977 0.4942905  0.01128973]
w_star:  [0.49439089 0.49426053 0.01134858]
w_star:  [0.49440085 0.49427829 0.01132086]
w_star:  [0.4944119  0.49428261 0.01130549]
w_star:  [0.49440523 0.49428153 0.01131324]
w_star:  [0.49440336 0.49428089 0.01131575]
w_star:  [0.49439138 0.49426418 0.01134444]
w_star:  [0.4943994  0.49426951 0.01133109]
w_star:  [0.4943695  0.49424031 0.01139019]
w_star:  [0.49436074 0.49423593 0.01140333]
w_star:  [0.49434034 0.49421313 0.01144653]
w_star:  [0.49433694 0.49421112 0.01145194]
w_star:  [0.49432761 0.49420087 0.01147152]
w_star:  [0.49432169 0.49419179 0.01148651]
w_star:  [0.49429292 0.49415948 0.01154759]
w_star:  [0.49430508 0.4941726  0.01152232]
w_star:  [0.49429276 0.49415884 0.0115484 ]
w_star:  [0.49431795 0.49418358 0.01149846]
w_star:  [0.49432044 0.49418681 0.01149275]
w_star:  [0.49432201 0.49419389 0.01148411]
w_star:  [0.49430671 0.49417655 0.01151674]
w_star:  [0.49429908 0.4941726  0.01152832]
w_star:  [0.49430653 0.49417773 0.01151573]
w_star:  [0.49429365 0.49419141 0.01151493]
w_star:  [0.49432322 0.49419622 0.01148057]
w_star:  [0.49433031 0.49420428 0.01146542]
w_star:  [0.49435541 0.49423005 0.01141454]
w_star:  [0.49435877 0.49423022 0.01141101]
w_star:  [0.49437505 0.49424404 0.01138092]
w_star:  [0.49436693 0.49423621 0.01139686]
w_star:  [0.49439319 0.4942674  0.01133941]
w_star:  [0.49438422 0.49425804 0.01135775]
w_star:  [0.49437056 0.49425007 0.01137937]
w_star:  [0.49438551 0.49425883 0.01135566]
w_star:  [0.49437608 0.49424514 0.01137879]
w_star:  [0.49437653 0.49424558 0.0113779 ]
w_star:  [0.49437605 0.49424526 0.01137869]
w_star:  [0.49440407 0.49428124 0.01131469]
w_star:  [0.49442106 0.49429178 0.01128716]
w_star:  [0.4943885  0.49426114 0.01135036]
w_star:  [0.49439978 0.49427769 0.01132254]
w_star:  [0.4944039  0.49428032 0.01131577]
w_star:  [0.49438329 0.49425808 0.01135863]
w_star:  [0.494386   0.49426053 0.01135347]
w_star:  [0.49440047 0.4942784  0.01132113]
w_star:  [0.49439011 0.49426331 0.01134658]
w_star:  [0.49438976 0.49426405 0.01134619]
w_star:  [0.49439088 0.49426422 0.0113449 ]
w_star:  [0.49440863 0.49428629 0.01130508]
w_star:  [0.49438391 0.49426192 0.01135416]
w_star:  [0.49437196 0.49424234 0.0113857 ]
w_star:  [0.49440146 0.49427162 0.01132692]
w_star:  [0.49439174 0.49426687 0.01134139]
w_star:  [0.49439262 0.49426687 0.01134051]
w_star:  [0.49438184 0.49425117 0.01136699]
w_star:  [0.49436235 0.49423853 0.01139912]
w_star:  [0.49435228 0.4942283  0.01141942]
w_star:  [0.49437135 0.49423389 0.01139477]
w_star:  [0.49434436 0.49422262 0.01143302]
w_star:  [0.494347   0.49422534 0.01142766]
w_star:  [0.49434601 0.49422423 0.01142976]
w_star:  [0.49436077 0.49423242 0.01140681]
w_star:  [0.4943537  0.49422852 0.01141778]
w_star:  [0.49433714 0.49421147 0.01145139]
w_star:  [0.49436455 0.4942404  0.01139505]
w_star:  [0.49438049 0.49425013 0.01136939]
w_star:  [0.49435217 0.49422827 0.01141955]
w_star:  [0.49436984 0.49424189 0.01138828]
w_star:  [0.49434702 0.49422566 0.01142732]
w_star:  [0.49434404 0.4942158  0.01144017]
w_star:  [0.49434086 0.49421531 0.01144383]
w_star:  [0.49434432 0.49422291 0.01143277]
w_star:  [0.4943495  0.49422572 0.01142478]
w_star:  [0.49432058 0.49419197 0.01148745]
w_star:  [0.49432251 0.49419609 0.0114814 ]
w_star:  [0.49432549 0.49419829 0.01147622]
w_star:  [0.49430884 0.49417871 0.01151246]
w_star:  [0.49430741 0.49417971 0.01151288]
w_star:  [0.49429963 0.49415502 0.01154535]
w_star:  [0.49430191 0.49417173 0.01152636]
w_star:  [0.49429927 0.49417265 0.01152808]
w_star:  [0.49429246 0.49416647 0.01154106]
w_star:  [0.49427808 0.49414406 0.01157786]
w_star:  [0.49427215 0.49413624 0.01159161]
w_star:  [0.49428094 0.49414286 0.0115762 ]
w_star:  [0.4942541  0.49411738 0.01162852]
w_star:  [0.49425294 0.49408683 0.01166023]
w_star:  [0.4942261  0.49408789 0.01168601]
w_star:  [0.49423752 0.4940998  0.01166267]
w_star:  [0.49424778 0.4941117  0.01164052]
w_star:  [0.49425588 0.4941192  0.01162493]
w_star:  [0.49426648 0.49413018 0.01160334]
w_star:  [0.49429503 0.49416019 0.01154478]
w_star:  [0.49427666 0.49414113 0.01158221]
w_star:  [0.49426381 0.49412752 0.01160866]
w_star:  [0.49425454 0.49411783 0.01162764]
w_star:  [0.49425493 0.49411906 0.01162601]
w_star:  [0.49424818 0.49411231 0.01163951]
w_star:  [0.49423127 0.49410172 0.01166701]
w_star:  [0.49421624 0.49408338 0.01170037]
w_star:  [0.49422878 0.49409279 0.01167843]
w_star:  [0.49421435 0.4940817  0.01170395]
w_star:  [0.49422161 0.49408265 0.01169574]
w_star:  [0.49423633 0.49409878 0.0116649 ]
w_star:  [0.49426339 0.49407881 0.0116578 ]
w_star:  [0.49426688 0.49408034 0.01165279]
w_star:  [0.49425159 0.49411576 0.01163265]
w_star:  [0.49425433 0.49409055 0.01165511]
w_star:  [0.49421327 0.49407997 0.01170676]
w_star:  [0.49418872 0.49405442 0.01175686]
w_star:  [0.49419488 0.49406442 0.0117407 ]
w_star:  [0.49419168 0.49406134 0.01174698]
w_star:  [0.49417685 0.49403365 0.0117895 ]
w_star:  [0.49418356 0.49404453 0.01177191]
w_star:  [0.49416558 0.49402496 0.01180946]
w_star:  [0.4941872  0.49405469 0.01175811]
w_star:  [0.49417824 0.49403574 0.01178602]
w_star:  [0.49417518 0.49403455 0.01179027]
w_star:  [0.49420747 0.49401544 0.01177709]
w_star:  [0.49417431 0.49404337 0.01178232]
w_star:  [0.49418632 0.49404732 0.01176635]
w_star:  [0.49419717 0.49406695 0.01173587]
w_star:  [0.49418585 0.49404676 0.01176739]
w_star:  [0.49420517 0.49407514 0.01171969]
w_star:  [0.49419097 0.49405712 0.01175191]
w_star:  [0.49418374 0.49404133 0.01177493]
w_star:  [0.49418868 0.49403796 0.01177336]
w_star:  [0.4941924  0.49405313 0.01175446]
w_star:  [0.49419205 0.49405942 0.01174854]
w_star:  [0.49419902 0.49406955 0.01173143]
w_star:  [0.4941998  0.49407023 0.01172997]
w_star:  [0.49420358 0.49407418 0.01172224]
w_star:  [0.49420933 0.49407846 0.01171221]
w_star:  [0.49418026 0.49404976 0.01176997]
w_star:  [0.49419602 0.4940568  0.01174718]
w_star:  [0.49417958 0.49403929 0.01178113]
w_star:  [0.49419915 0.494069   0.01173186]
w_star:  [0.49420598 0.49407658 0.01171744]
w_star:  [0.49420217 0.49407202 0.01172582]
w_star:  [0.49419241 0.49405328 0.01175431]
w_star:  [0.49419396 0.49405479 0.01175125]
w_star:  [0.49422348 0.49407417 0.01170235]
w_star:  [0.49421156 0.49408189 0.01170655]
w_star:  [0.49418206 0.49403947 0.01177846]
w_star:  [0.49419217 0.49405338 0.01175445]
w_star:  [0.49418825 0.49403735 0.0117744 ]
w_star:  [0.49416954 0.49399897 0.01183149]
w_star:  [0.49413656 0.49399775 0.01186569]
w_star:  [0.49415856 0.49401717 0.01182427]
w_star:  [0.49415974 0.49401825 0.01182201]
w_star:  [0.49414257 0.49400393 0.0118535 ]
w_star:  [0.49414156 0.49400294 0.01185551]
w_star:  [0.49414513 0.49400729 0.01184758]
w_star:  [0.49413249 0.49400053 0.01186698]
w_star:  [0.49414934 0.49400727 0.01184339]
w_star:  [0.49416995 0.49402898 0.01180107]
w_star:  [0.49418919 0.49405013 0.01176068]
w_star:  [0.49419026 0.49405808 0.01175166]
w_star:  [0.49419147 0.49406582 0.01174271]
w_star:  [0.49417435 0.49403364 0.01179202]
w_star:  [0.4941609  0.49402224 0.01181686]
w_star:  [0.4941654  0.49402414 0.01181046]
w_star:  [0.494168  0.4940283 0.0118037]
w_star:  [0.49416795 0.49402779 0.01180426]
w_star:  [0.49417135 0.4940305  0.01179815]
w_star:  [0.49418029 0.49403805 0.01178165]
w_star:  [0.49419965 0.49406975 0.01173061]
w_star:  [0.49418351 0.4940447  0.01177179]
w_star:  [0.49417387 0.49403101 0.01179512]
w_star:  [0.49416665 0.49402556 0.01180778]
w_star:  [0.4941578  0.49401616 0.01182605]
w_star:  [0.4941684  0.49402739 0.01180421]
w_star:  [0.49414934 0.49400934 0.01184133]
w_star:  [0.49415763 0.49401599 0.01182638]
w_star:  [0.49416547 0.49402487 0.01180966]
w_star:  [0.49415821 0.49402003 0.01182176]
w_star:  [0.49417185 0.49403101 0.01179714]
w_star:  [0.49416351 0.49402217 0.01181432]
w_star:  [0.49415109 0.49400977 0.01183914]
w_star:  [0.49414507 0.49400635 0.01184858]
w_star:  [0.49413044 0.4939981  0.01187146]
w_star:  [0.49413309 0.49399035 0.01187656]
w_star:  [0.49410468 0.49397179 0.01192353]
w_star:  [0.49412091 0.49397748 0.01190161]
w_star:  [0.494115   0.49398183 0.01190317]
w_star:  [0.49410509 0.49397234 0.01192258]
w_star:  [0.49410563 0.49396153 0.01193284]
w_star:  [0.49409502 0.49395045 0.01195453]
w_star:  [0.49408213 0.49393712 0.01198074]
w_star:  [0.49407136 0.49392732 0.01200132]
w_star:  [0.49407224 0.49392834 0.01199942]
w_star:  [0.49407785 0.49393388 0.01198826]
w_star:  [0.4940852  0.49394931 0.0119655 ]
w_star:  [0.49407021 0.49392602 0.01200377]
w_star:  [0.49405668 0.49391544 0.01202788]
w_star:  [0.49405212 0.49391256 0.01203532]
w_star:  [0.49405519 0.49391545 0.01202936]
w_star:  [0.49404286 0.49389586 0.01206128]
w_star:  [0.49404704 0.49390006 0.0120529 ]
w_star:  [0.49404916 0.49391295 0.01203789]
w_star:  [0.49407131 0.49392687 0.01200182]
w_star:  [0.49408882 0.4939442  0.01196698]
w_star:  [0.49406752 0.49391962 0.01201286]
w_star:  [0.49408594 0.49394977 0.01196429]
w_star:  [0.49411025 0.49397763 0.01191211]
w_star:  [0.49411498 0.49398196 0.01190306]
w_star:  [0.49413274 0.4940005  0.01186676]
w_star:  [0.49412677 0.4939954  0.01187783]
w_star:  [0.49414633 0.49400781 0.01184585]
w_star:  [0.49412798 0.49399635 0.01187567]
w_star:  [0.4941363  0.49400453 0.01185917]
w_star:  [0.49411837 0.49398528 0.01189634]
w_star:  [0.49410443 0.49396035 0.01193522]
w_star:  [0.49410747 0.4939747  0.01191783]
w_star:  [0.49410007 0.49395588 0.01194405]
w_star:  [0.4940941  0.49395655 0.01194935]
w_star:  [0.4941047  0.49396062 0.01193468]
w_star:  [0.49409969 0.49395545 0.01194485]
w_star:  [0.49408638 0.4939501  0.01196352]
w_star:  [0.49408733 0.49395087 0.0119618 ]
w_star:  [0.49407464 0.49393054 0.01199482]
w_star:  [0.49407803 0.49393392 0.01198805]
w_star:  [0.49406426 0.49391629 0.01201945]
w_star:  [0.49406958 0.49392539 0.01200503]
w_star:  [0.49407314 0.49392891 0.01199795]
w_star:  [0.49409942 0.49395519 0.01194539]
w_star:  [0.49410434 0.49396025 0.01193542]
w_star:  [0.49410396 0.49395984 0.0119362 ]
w_star:  [0.49409584 0.49395145 0.01195271]
w_star:  [0.49407799 0.49393399 0.01198802]
w_star:  [0.49408622 0.49394133 0.01197245]
w_star:  [0.49407649 0.49393231 0.0119912 ]
w_star:  [0.49407289 0.49392853 0.01199858]
w_star:  [0.49408012 0.49393619 0.01198369]
w_star:  [0.49408764 0.4939429  0.01196947]
w_star:  [0.49408287 0.49393885 0.01197828]
w_star:  [0.49406637 0.49391843 0.0120152 ]
w_star:  [0.49407687 0.49393286 0.01199027]
w_star:  [0.49407071 0.49391615 0.01201315]
w_star:  [0.49407966 0.49393573 0.01198462]
w_star:  [0.49406793 0.49392238 0.01200969]
w_star:  [0.49404912 0.49390218 0.0120487 ]
w_star:  [0.49408018 0.49393606 0.01198377]
w_star:  [0.49408776 0.49395143 0.01196081]
w_star:  [0.49409602 0.49395154 0.01195243]
w_star:  [0.49407703 0.49393299 0.01198998]
w_star:  [0.4940862  0.4939498  0.01196399]
w_star:  [0.49410477 0.4939607  0.01193452]
w_star:  [0.49411689 0.49398407 0.01189904]
w_star:  [0.49413072 0.49399892 0.01187036]
w_star:  [0.49412346 0.49399039 0.01188615]
w_star:  [0.49411976 0.49398698 0.01189327]
w_star:  [0.49412849 0.49399596 0.01187555]
w_star:  [0.4941249 0.4939919 0.0118832]
w_star:  [0.49411871 0.4939862  0.0118951 ]
w_star:  [0.49411891 0.4939862  0.01189489]
w_star:  [0.49415438 0.49401249 0.01183312]
w_star:  [0.49415214 0.49401234 0.01183552]
w_star:  [0.49415893 0.49402347 0.0118176 ]
w_star:  [0.49415425 0.49401553 0.01183023]
w_star:  [0.49415628 0.49401822 0.0118255 ]
w_star:  [0.49412726 0.4939946  0.01187814]
w_star:  [0.49411613 0.49397259 0.01191128]
w_star:  [0.49410982 0.49396593 0.01192424]
w_star:  [0.4941124  0.49396875 0.01191885]
w_star:  [0.49409884 0.4939545  0.01194667]
w_star:  [0.49410103 0.49395671 0.01194226]
w_star:  [0.49410018 0.49396258 0.01193724]
w_star:  [0.49408079 0.49393683 0.01198238]
w_star:  [0.49408696 0.49394322 0.01196982]
w_star:  [0.49409592 0.49395149 0.01195259]
w_star:  [0.49408259 0.49393859 0.01197881]
w_star:  [0.49409023 0.49394668 0.01196308]
w_star:  [0.49409582 0.49395961 0.01194457]
w_star:  [0.49409987 0.49396388 0.01193626]
w_star:  [0.49411084 0.49396701 0.01192215]
w_star:  [0.49411199 0.49396832 0.01191969]
w_star:  [0.49412761 0.49399517 0.01187721]
w_star:  [0.49412493 0.49399231 0.01188276]
w_star:  [0.49410544 0.49396969 0.01192488]
w_star:  [0.49411872 0.49397531 0.01190597]
w_star:  [0.49413336 0.49400054 0.0118661 ]
w_star:  [0.49414006 0.49400774 0.0118522 ]
w_star:  [0.49413954 0.49400685 0.01185362]
w_star:  [0.49414449 0.4940124  0.0118431 ]
w_star:  [0.49415492 0.49402326 0.01182182]
w_star:  [0.49414702 0.49401516 0.01183782]
w_star:  [0.49415818 0.49402637 0.01181544]
w_star:  [0.49419012 0.49405221 0.01175767]
w_star:  [0.49421144 0.49406992 0.01171864]
w_star:  [0.49420424 0.49406502 0.01173073]
w_star:  [0.49421165 0.4940702  0.01171815]
w_star:  [0.49421687 0.49407884 0.01170429]
w_star:  [0.49421565 0.49407765 0.01170671]
w_star:  [0.49422804 0.49409009 0.01168187]
w_star:  [0.49424147 0.49411125 0.01164727]
w_star:  [0.49423413 0.49409639 0.01166948]
w_star:  [0.49422974 0.49410078 0.01166948]
w_star:  [0.49422908 0.494099   0.01167192]
w_star:  [0.49423364 0.49410435 0.01166201]
w_star:  [0.49424336 0.49411054 0.01164609]
w_star:  [0.49422892 0.49409089 0.0116802 ]
w_star:  [0.49422311 0.49409188 0.01168501]
w_star:  [0.49422042 0.49408259 0.01169699]
w_star:  [0.49422686 0.49408908 0.01168406]
w_star:  [0.49421751 0.49407625 0.01170625]
w_star:  [0.49422261 0.49408504 0.01169235]
w_star:  [0.49422879 0.49409107 0.01168014]
w_star:  [0.49421957 0.4940781  0.01170233]
w_star:  [0.49421181 0.49408285 0.01170534]
w_star:  [0.49422585 0.49408874 0.01168542]
w_star:  [0.49423296 0.49410169 0.01166534]
w_star:  [0.49423246 0.49410773 0.01165981]
w_star:  [0.49423959 0.49411042 0.01164998]
w_star:  [0.49422886 0.49409787 0.01167327]
w_star:  [0.49425632 0.49411387 0.01162981]
w_star:  [0.49423342 0.49409568 0.0116709 ]
w_star:  [0.49422362 0.49408581 0.01169056]
w_star:  [0.49422052 0.49408271 0.01169677]
w_star:  [0.49421976 0.49407045 0.01170979]
w_star:  [0.49421826 0.49408034 0.0117014 ]
w_star:  [0.49421837 0.49408059 0.01170104]
w_star:  [0.49422027 0.49407068 0.01170906]
w_star:  [0.49421592 0.49407728 0.0117068 ]
w_star:  [0.4942011  0.49406197 0.01173694]
w_star:  [0.49420543 0.49407601 0.01171856]
w_star:  [0.49419976 0.4940608  0.01173944]
w_star:  [0.4941976  0.49406052 0.01174189]
w_star:  [0.4941901  0.49405014 0.01175977]
w_star:  [0.4941886  0.49404847 0.01176293]
w_star:  [0.49419611 0.4940564  0.01174748]
w_star:  [0.49419385 0.49405704 0.01174911]
w_star:  [0.49419968 0.49406091 0.01173941]
w_star:  [0.49419714 0.49405749 0.01174537]
w_star:  [0.49419253 0.49405568 0.01175179]
w_star:  [0.49420305 0.49406375 0.0117332 ]
w_star:  [0.49420562 0.49406642 0.01172796]
w_star:  [0.49421545 0.49407764 0.0117069 ]
w_star:  [0.49423303 0.49408575 0.01168122]
w_star:  [0.49422599 0.49409693 0.01167708]
w_star:  [0.49421102 0.49406915 0.01171983]
w_star:  [0.49418159 0.49406058 0.01175782]
w_star:  [0.49417511 0.4940342  0.01179069]
w_star:  [0.49416314 0.49403156 0.0118053 ]
w_star:  [0.49416883 0.49403635 0.01179481]
w_star:  [0.49417889 0.49404138 0.01177973]
w_star:  [0.49418692 0.49404679 0.01176628]
w_star:  [0.49417024 0.49402943 0.01180032]
w_star:  [0.49416407 0.49403474 0.01180119]
w_star:  [0.49418283 0.49404549 0.01177168]
w_star:  [0.49418133 0.49404378 0.01177489]
w_star:  [0.49418161 0.49404106 0.01177733]
w_star:  [0.49418083 0.4940496  0.01176957]
w_star:  [0.49418467 0.49404416 0.01177118]
w_star:  [0.4941812  0.49404059 0.01177821]
w_star:  